epoch	loss	acc	certified
0	0.9429825813102722	0.1979200000858307	0.1380199999809265
1	0.8163074620628357	0.3345000001335144	0.22844000003814696
2	0.7745098080444336	0.37131999997138976	0.26598000005722044
3	0.7502768961334229	0.3902400000476837	0.28782000010490416
4	0.7328418591308594	0.40300000000953673	0.3051399999809265
5	0.7171698261642456	0.4140000000476837	0.3205200001335144
6	0.7046156356048584	0.42353999999046327	0.33323999996185305
7	0.6921657792663575	0.4369800000667572	0.3425799999523163
8	0.6825279520797729	0.4444400000667572	0.3525000001335144
9	0.6745816284179688	0.45174000002861026	0.3582600000858307
10	0.6662268056678772	0.4593000000953674	0.36612000000953676
11	0.6590597836875915	0.4626800000190735	0.37692000007629395
12	0.6531807163238526	0.46908	0.3791200001335144
13	0.6458975584602356	0.47594000011444093	0.38592000015258787
14	0.6370441056251526	0.48237999992370606	0.39451999996185305
15	0.6308889740371704	0.4889199999809265	0.4012999999523163
16	0.6275463366127014	0.48941999988555906	0.4046000001525879
17	0.6203689117431641	0.49641999988555907	0.4113399999904633
18	0.6180166374778747	0.4990999999237061	0.41184000003814697
19	0.6116446455192566	0.5051200002479553	0.41798000006675723
20	0.6066152567100525	0.5061400000286103	0.42642000014305115
21	0.6034761613845825	0.5099800002479553	0.4290200001239777
22	0.601058646068573	0.511560000076294	0.4303400000858307
23	0.5979266055107116	0.5135000002479553	0.4340999999904633
24	0.5944642412185669	0.5164800002098083	0.437379999961853
25	0.5926868781661987	0.5162800000858306	0.4409000000667572
26	0.5872580966567993	0.5228800000381469	0.4436000001430511
27	0.5839634344863892	0.5254400001716614	0.4469400000476837
28	0.5836387159919739	0.5251999999618531	0.44874000014305115
29	0.5800852138900757	0.5269000001716614	0.45258000007629395
30	0.5781344425964355	0.528560000038147	0.4557000000667572
31	0.5761540522766113	0.5298000002479554	0.45652000012397764
32	0.5715384601211548	0.5342799999809266	0.46080000008583066
33	0.5722134821701049	0.5333800000953675	0.46105999996185304
34	0.5685458144378662	0.536360000114441	0.46292000007629397
35	0.5629772323226929	0.5415600001335144	0.46912
36	0.5632181964302063	0.5410599998664856	0.46958000004768374
37	0.5614596270751954	0.5425200001335144	0.4708600000858307
38	0.5596218609046936	0.544340000038147	0.47249999996185305
39	0.5605768797683716	0.5434199998855591	0.4705400001525879
40	0.5564264974403381	0.5475600002288818	0.47656
41	0.5562684366989136	0.5467199999427795	0.47542000012397767
42	0.5531856355667114	0.5516799999046326	0.4758200000858307
43	0.5533666083145141	0.5487	0.47809999992370605
44	0.5538671440124512	0.548740000076294	0.47912000012397765
45	0.5504049795150757	0.5512200002479554	0.48228
46	0.5512841825866699	0.549739999923706	0.4815199999713898
47	0.5486722047805787	0.5528199999046326	0.48330000002861023
48	0.5442882165145874	0.5554800000190735	0.4885400001525879
49	0.5460800130844117	0.554299999923706	0.48700000007629396
50	0.5501365324592591	0.5489800002288818	0.4839400001335144
51	0.5441849621582031	0.5560400002098084	0.48744000015258787
52	0.5472368678855896	0.5535000000953675	0.48492000017166137
53	0.5401173518562317	0.5596799999237061	0.4923399998664856
54	0.5386601795578003	0.5598800001525879	0.4931800000762939
55	0.5351992898178101	0.564140000038147	0.49704
56	0.5377857051086425	0.5624199999046325	0.4951200001525879
57	0.5385715353393554	0.5598400000572205	0.49338000003814697
58	0.5346445826530457	0.5652000002479554	0.4970200001144409
59	0.5319111429214477	0.5679599998855591	0.49876000000953674
60	0.5332545757102967	0.5646800002098084	0.49815999994277954
61	0.5318801391983032	0.5659000001716614	0.5001800001335144
62	0.5270054793167114	0.5711199999427795	0.50374
63	0.5299281855010987	0.567440000038147	0.5013800000667572
64	0.5285718931007385	0.5688999999046326	0.501639999961853
65	0.5254591709899903	0.5726199999046325	0.5058600000286102
66	0.5276660055923462	0.571579999923706	0.5013200001335144
67	0.5272951936721801	0.5703400002670288	0.5040799998855591
68	0.5274404320335389	0.5716200002479553	0.5022400000858307
69	0.525202188091278	0.5728999998855591	0.5048800002098084
70	0.5236342621231079	0.5749599998855591	0.506600000114441
71	0.522097679309845	0.5753399999427795	0.5076800001335144
72	0.5225905561828613	0.5747399999046325	0.5075400001049042
73	0.5211360476112366	0.5773400000190735	0.508980000076294
74	0.5173078083229065	0.5796999999618531	0.5121200000190735
75	0.5178768485069275	0.5788999999046326	0.511560000038147
76	0.5180088648605347	0.579940000076294	0.5106800000953674
77	0.5164556765460968	0.5798599999237061	0.513999999923706
78	0.5149324768638611	0.581080000038147	0.5148600001430511
79	0.516050149345398	0.5805000002479553	0.5135200002479553
80	0.5159248093223572	0.5798800001716614	0.5136400001144409
81	0.5144764081573486	0.5813600001335144	0.5154599999809265
82	0.51318479637146	0.5833400001907348	0.516299999961853
83	0.5116219371032715	0.5839999999046326	0.5175800000095367
84	0.5149214290237427	0.5823799998855591	0.514139999961853
85	0.5144533335971833	0.5822000001335144	0.5160200002098083
86	0.510033364276886	0.5854000001716614	0.518979999923706
87	0.5123584487533569	0.5843000002098083	0.5163800000762939
88	0.5135884939289093	0.5823799998855591	0.5168400002098084
89	0.5103803004264832	0.5865600000572204	0.5178000000858307
90	0.5057281000328064	0.5895	0.5238600001049042
91	0.5059718874454499	0.58976	0.5232000001907349
92	0.5074317316818238	0.588300000038147	0.5209000001144409
93	0.505257664012909	0.5912400000190735	0.5229400001716614
94	0.5058266422080994	0.5903000001907348	0.5223800000953674
95	0.5064024077224731	0.5892200002098084	0.5207600001144409
96	0.5048344465446473	0.5918400000762939	0.5227400000572204
97	0.5026213224029541	0.5937000001907349	0.5243199998664856
98	0.5007189640617371	0.5956199999046325	0.526780000076294
99	0.5025122618484497	0.5927400001525879	0.5235200001525879
100	0.5026879656600952	0.592459999923706	0.524439999923706
101	0.4985434968948364	0.5980600000190734	0.5268000002479554
102	0.502112105588913	0.5937800002670288	0.5238200001716614
103	0.49814027782440184	0.5989600002098083	0.5260600001525879
104	0.4967624085998535	0.600199999885559	0.527480000114441
105	0.4991195678520203	0.598059999961853	0.5228400001907348
106	0.5006895680618286	0.5970199999046326	0.5227400001049042
107	0.4940008058166504	0.6019200002098084	0.5289200000858307
108	0.4990008054924011	0.5973400001716613	0.5227400001525879
109	0.49880274300575256	0.5982200001335144	0.521559999961853
110	0.49377524702072145	0.6026400000190735	0.5263000000572204
111	0.4979026762008667	0.6003600001144409	0.5214600000190734
112	0.49327599362373353	0.6054000000572205	0.525020000038147
113	0.4947521192550659	0.6037000002098083	0.5212999999809265
114	0.49193818260192873	0.6051600001335145	0.5272000002098084
115	0.49347613976478577	0.6035000001525879	0.5237600002098084
116	0.4938345573043823	0.6041000000190735	0.5220400002479553
117	0.4924427185249329	0.6064000000572205	0.5230800001335144
118	0.4910671706199646	0.6076600002670288	0.5244400001335144
119	0.4906069202232361	0.609100000038147	0.523859999923706
120	0.49361297301292417	0.6062400001335144	0.5208199999046326
121	0.4923753528404236	0.6074000002288819	0.5227600000095367
122	0.4907470045089722	0.6081800002479554	0.5232400000286103
123	0.4925336062431335	0.607059999961853	0.5203600002479554
124	0.4925673875045776	0.6077800000953675	0.5194400001049042
125	0.49135065835952757	0.6103400001144409	0.5199000002098083
126	0.49004669952392577	0.6095600002288818	0.5214399998855591
127	0.49241428995132447	0.6072400002670288	0.519960000076294
128	0.48967700078010556	0.610740000114441	0.5192200000572205
129	0.48963504302978517	0.6113600001335144	0.5194200001525879
130	0.4879986728286743	0.6136400002670288	0.520060000038147
131	0.4845105630779266	0.6153400000953674	0.5231999998855591
132	0.48615818912506104	0.614719999961853	0.5207600001907349
133	0.4872855304145813	0.6134800001335144	0.51834
134	0.48484921703338624	0.6171000001335144	0.51996
135	0.48689127618789674	0.6151199999618531	0.5169800000190735
136	0.4895793816661835	0.6126200002288819	0.515040000038147
137	0.4846748259830475	0.6168599999046326	0.5195400001144409
138	0.4857969851207733	0.6156400000762939	0.517820000038147
139	0.48722377685546875	0.6160200001525878	0.5145599999904632
140	0.4877742477989197	0.6149000001525879	0.5146400001335144
141	0.4872322764015198	0.6158600002670288	0.5150200001525879
142	0.4842143252658844	0.618480000038147	0.5165800000953674
143	0.4852958259677887	0.6176799998855591	0.5153600001716614
144	0.48361498723983765	0.6201599999237061	0.5150200000953674
145	0.486212348651886	0.6179400002479554	0.512120000038147
146	0.48628288076400755	0.6164599998855591	0.5125200001525879
147	0.48333332038879395	0.6214400002479553	0.5132600000190735
148	0.4860313688087463	0.6170600001907348	0.5115400002479553
149	0.4823111996459961	0.6218999998855591	0.5126400000572204
150	0.4812919221973419	0.6253599999427796	0.5116000001335144
151	0.48518143445968626	0.6211000001525879	0.509239999961853
152	0.48155294331550597	0.6225800000190734	0.5127600000381469
153	0.4798379109954834	0.625860000038147	0.5128400001716614
154	0.4849582104873657	0.6220999999618531	0.5061600000858307
155	0.4846502208518982	0.6233800001335144	0.5077599999809265
156	0.48006793689727784	0.6273999998855591	0.5096799999904632
157	0.48233510741233826	0.6255600000381469	0.5074599999427796
158	0.48319063101768495	0.6261799998855591	0.505739999961853
159	0.48198612774848937	0.6255199999046326	0.5068000002479554
160	0.4819238489818573	0.628160000038147	0.5048799999427795
161	0.48257958494186404	0.6256600002670288	0.5051200000286102
162	0.4813224980163574	0.6262199999046326	0.5063800001525879
163	0.4836384425640106	0.6236000002288818	0.5051000001907349
164	0.48300859729766843	0.6250400001907349	0.5044599999713898
165	0.48339099152565	0.62756	0.5011800001716614
166	0.48371350130081175	0.625719999961853	0.5022400000286102
167	0.4795795388031006	0.6283000002288819	0.5060799999427795
168	0.47982038842201236	0.628340000076294	0.5040000000953674
169	0.4834128087902069	0.6291800002479553	0.4968600000190735
170	0.4801291632938385	0.6289800000190735	0.5012000000286102
171	0.4807359349250793	0.6299600001716614	0.49956000000953676
172	0.47920417201042176	0.6322000001144409	0.49991999996185305
173	0.4795973742198944	0.631939999961853	0.5001800000762939
174	0.4809234194946289	0.6309399999046326	0.4979200001335144
175	0.4782735447883606	0.6348999999427796	0.4991800001335144
176	0.48118478008270266	0.6315599999618531	0.4965400001716614
177	0.4806737299346924	0.6318000001335144	0.4960199999809265
178	0.4808945488357544	0.6314799999809265	0.495460000038147
179	0.4780631654930115	0.634740000038147	0.4982000000572205
180	0.4802870701122284	0.6334800001716614	0.49434
181	0.4780240044403076	0.6355600000572205	0.4964400000190735
182	0.483079459400177	0.6323400000381469	0.4907200000953674
183	0.4794791744041443	0.6355400001335144	0.49164000014305115
184	0.4783785322570801	0.635560000076294	0.4951600001716614
185	0.48326586833953855	0.6323200000572204	0.4885800000858307
186	0.48153100255966186	0.6339400000190735	0.49017999992370603
187	0.48035360056877136	0.6368199999237061	0.48914000024795534
188	0.48188077847480776	0.6342600002670288	0.48814000002861024
189	0.4831569422149658	0.631679999923706	0.48749999994277954
190	0.4811397901344299	0.6345000000953674	0.4896000000190735
191	0.481210902967453	0.6360800001144409	0.4863000001907349
192	0.48250374181747435	0.6359000002098083	0.48598000007629394
193	0.4814758973693848	0.6362	0.48567999999046324
194	0.4798899161052704	0.6371000000953674	0.48654000003814696
195	0.48133010820388794	0.6356400000572204	0.4847800000667572
196	0.4820451931095123	0.6356000001716614	0.48372000012397764
197	0.48488108379364014	0.6332000001525879	0.4816800000667572
198	0.4796575555324554	0.6388400002098084	0.4833200001525879
199	0.4827169847297668	0.6340200000190734	0.4821800001049042
200	0.48258639589309693	0.6371199998855591	0.48081999996185304
201	0.4824204161548615	0.6375800002479554	0.47980000001907347
202	0.48275271408081055	0.636880000076294	0.47962000008583067
203	0.4814259238052368	0.6408	0.4778400000667572
204	0.48427534549713136	0.6383000001335144	0.47542000024795533
205	0.4834727087116241	0.6373000001716613	0.47512000000953675
206	0.4839191212177277	0.636340000038147	0.4767
207	0.48041727703094483	0.6407400000953675	0.4774000001335144
208	0.481797346572876	0.6394399999046325	0.4767200000667572
209	0.48352093831062315	0.6401	0.4719399998664856
210	0.48244925097465513	0.6407600000381469	0.4718400000858307
211	0.4806040679931641	0.6433600000953674	0.47526000002861024
212	0.48307645331382754	0.6406399999427795	0.4710200001144409
213	0.4842730182647705	0.6394200002288818	0.46934
214	0.48454715913772584	0.6397800001335144	0.46854
215	0.48310329923629763	0.6405400002288818	0.47062000004768373
216	0.4848386176109314	0.6378400000953675	0.4683200001144409
217	0.48599443122863767	0.6378200002098083	0.4666800001049042
218	0.4842239794826508	0.6406000000953674	0.4677000000858307
219	0.48736376026153566	0.6387000001716614	0.4659600001335144
220	0.4863668185424805	0.639859999923706	0.4631600001144409
221	0.4839497030067444	0.6418799999427796	0.4652800001239777
222	0.4837978119659424	0.64238	0.46544000014305115
223	0.4863420806312561	0.640099999923706	0.46139999997138975
224	0.4861318387126923	0.641199999923706	0.4612600000858307
225	0.48652275579452514	0.6386199998855591	0.46225999998092654
226	0.48424221814155577	0.640260000038147	0.46454000013351443
227	0.49025421895980836	0.6387600001525879	0.4558200000762939
228	0.48928259887695313	0.6380000002288818	0.45758000012397765
229	0.4877593221092224	0.6407000002288818	0.45550000002861024
230	0.48727325892448425	0.6418600000190735	0.45645999996185305
231	0.4858470916938782	0.6408599999427795	0.4600200000667572
232	0.4882317573451996	0.639460000038147	0.4561600000476837
233	0.4872423303604126	0.6422199999046325	0.45501999997138975
234	0.4872280353164673	0.640719999961853	0.4558000000286102
235	0.4865532474040985	0.64292	0.45401999997138975
236	0.4887054218673706	0.6407800002670289	0.4537200000858307
237	0.48820527285575865	0.6396400000953675	0.4524200001335144
238	0.48922361371994016	0.6404200002670288	0.4503200001525879
239	0.4888853443431854	0.6410400002288819	0.45094
240	0.4855462261581421	0.642820000038147	0.45440000000953673
241	0.48865354600906374	0.6422399999427796	0.4508800000762939
242	0.4879064326667786	0.6433000000572204	0.45036000003814697
243	0.4894526667404175	0.6411400000190735	0.4480000000762939
244	0.4887402467727661	0.6411800001907348	0.4500600001239777
245	0.48755236103057864	0.643559999923706	0.4490000000762939
246	0.4895594692420959	0.6420600000190735	0.4456399999809265
247	0.4891643962860107	0.6420400001716614	0.44596000010490416
248	0.4899163647842407	0.6430600002288819	0.44484000009536745
249	0.49113259466171266	0.6409800000572204	0.4429400000858307
250	0.489035473690033	0.6451	0.44514000011444094
251	0.49025477236747744	0.6439200002670288	0.44222000012397766
252	0.4895022359657288	0.6448399999046326	0.44180000007629394
253	0.48906337533950806	0.6443400000953674	0.44266000009536743
254	0.4888606111431122	0.6445400000381469	0.44134000013351443
255	0.492436534538269	0.6419600002098084	0.43934000013351443
256	0.49070893198013305	0.6426199999427795	0.44054000007629396
257	0.4921943253517151	0.6429800002479553	0.43676000015258787
258	0.49546857984542847	0.6404199999809265	0.43460000000953675
259	0.4924313250541687	0.6449799999809265	0.43366
260	0.49152212787628174	0.6437600000953674	0.4388000001525879
261	0.4943459167098999	0.6435400000381469	0.43260000011444094
262	0.49268523164749145	0.644599999961853	0.43348000011444093
263	0.4923132403182983	0.6440999999046325	0.434940000038147
264	0.49162991708755494	0.6465599998855591	0.43152000010490416
265	0.49412215883255006	0.6424800001907348	0.43235999999046326
266	0.49110665119171143	0.6448000001716614	0.4337400000858307
267	0.49509697293281557	0.6429800000381469	0.4275000000286102
268	0.4936071214103699	0.6448800001907349	0.4318400001525879
269	0.49544098711013795	0.6414800002288819	0.4274600000476837
270	0.49682584674835206	0.6405200000572204	0.4272600000858307
271	0.49238466045379636	0.6441199999046325	0.4296000000190735
272	0.4958651112365723	0.6412800002288819	0.42662000000953676
273	0.4930186653137207	0.6463600002479554	0.42776000010490417
274	0.49668300132751464	0.6423600002479554	0.42362000007629397
275	0.4950559669494629	0.645439999961853	0.4238
276	0.4976191459846497	0.642760000076294	0.42140000000953676
277	0.49614528151512144	0.6426800002098083	0.4245200000476837
278	0.49572161148071286	0.6437199999046326	0.424179999961853
279	0.4971127862548828	0.644279999961853	0.4221799999523163
280	0.4936999485206604	0.6453799999427795	0.4245000000286102
281	0.49538978516578674	0.6448000001716614	0.4232999999713898
282	0.49726820781707765	0.6434600000572205	0.41840000009536743
283	0.4965120686531067	0.6448000000190734	0.4211200000286102
284	0.500072385673523	0.6414999999427795	0.417080000038147
285	0.4979395936775208	0.6427400001525879	0.41862
286	0.4984444298171997	0.6437000002288819	0.41812000000953675
287	0.4974219128417969	0.6415800001144409	0.4195600000953674
288	0.49758127044677736	0.6452200000953674	0.4171200000667572
289	0.49819640563964845	0.6436600002288818	0.41594000011444093
290	0.498960763168335	0.6432599999809265	0.41740000007629396
291	0.4983613146400452	0.644820000114441	0.4159199999809265
292	0.49950290521621704	0.6438400002670288	0.4123800000667572
293	0.49669419788360597	0.6454200002479553	0.41611999999046323
294	0.5005975814056397	0.6428999999809265	0.41114000014305113
295	0.5019908907032012	0.6424399999046325	0.41026000009536745
296	0.4980123099899292	0.645780000038147	0.4118200001335144
297	0.5007544921302796	0.6436799999046325	0.41060000014305115
298	0.502755814151764	0.640920000038147	0.4092200000190735
299	0.5027155715370178	0.6425000002479553	0.40678
300	0.5012153635787964	0.6438599998855591	0.407480000038147
301	0.5006108226776123	0.6424799999046326	0.4102800000858307
302	0.4991198439788818	0.6473200002288818	0.40628000011444093
303	0.5026902582073212	0.6423200000572205	0.4049000000667572
304	0.501613509645462	0.6437399999809265	0.40538000005722047
305	0.4996777675533295	0.646060000038147	0.4063000001335144
306	0.5025865871524811	0.643140000114441	0.4053000001049042
307	0.5009494114017486	0.6450200001335145	0.4056800000667572
308	0.5037060915756225	0.6416599999046325	0.40414000012397766
309	0.5041516642379761	0.6442400000762939	0.401540000038147
310	0.5024530074310303	0.6436999999809265	0.4041400000286102
311	0.5034053143692017	0.6434799999046326	0.4017200001144409
312	0.5035351271724701	0.6417999999809265	0.4006800000286102
313	0.5034252830314636	0.6439399999237061	0.39962000011444093
314	0.5036632983779907	0.6444200000190735	0.40065999996185303
315	0.5048626038169861	0.6419000000572205	0.40064000005722045
316	0.5051646285438538	0.6434000000953675	0.3965200001335144
317	0.5054832341766358	0.6436800002479554	0.3958799999809265
318	0.5062315934753417	0.641480000038147	0.39688000009536745
319	0.5052996923065185	0.64302	0.39728000007629394
320	0.5059480837249756	0.6445400002288818	0.39474000012397764
321	0.5063506233215332	0.6414400001335144	0.39567999996185305
322	0.5080179517364501	0.6380199999427796	0.39370000004768374
323	0.5046279848670959	0.6418800002670288	0.3958400000953674
324	0.506170396604538	0.6426199998855591	0.39436000000953675
325	0.5037469505882263	0.6445200001525879	0.39386000008583066
326	0.5085304871940612	0.6410400001525879	0.39088000009536744
327	0.5049812946987152	0.6424199999046326	0.39360000009536744
328	0.5062347309303283	0.6435200000190735	0.39158000003814697
329	0.5062670180892944	0.642500000038147	0.3930400000858307
330	0.5064957836151123	0.64336	0.3910600000476837
331	0.5083299768066406	0.6423800001907348	0.3881200001239777
332	0.5081090638160706	0.6430800002098084	0.388759999961853
333	0.5079332426452636	0.642339999961853	0.38816000009536744
334	0.5091946182250977	0.6397999998855591	0.388099999961853
335	0.5067785153388977	0.6431000000190735	0.38782
336	0.5065554213905334	0.6428400001525879	0.3896400000953674
337	0.5081579036998749	0.64288	0.386560000038147
338	0.5102085161590576	0.640919999961853	0.38714000007629396
339	0.5106038935470582	0.6415400001525879	0.38454000005722044
340	0.5108367874145507	0.6421200002670288	0.3837200000667572
341	0.5121708573436737	0.6417600001144409	0.3811800001335144
342	0.5088228279399872	0.6428800000572205	0.3849800000953674
343	0.5087393627738953	0.6434200002288818	0.384039999961853
344	0.5097707799530029	0.642380000038147	0.38572000002861023
345	0.5111621973419189	0.6408599999046326	0.38304
346	0.5109347953701019	0.641240000038147	0.38098
347	0.5080534791183472	0.643319999923706	0.3840999999523163
348	0.5088028550434113	0.6431400000762939	0.38268000003814695
349	0.5095180174922943	0.640940000038147	0.38224000014305115
350	0.5113328395271302	0.6402200000953674	0.380879999961853
351	0.508455104598999	0.6446599999618531	0.37996
352	0.5122535160827637	0.6402799999046326	0.37780000002861025
353	0.5122318241119385	0.6405000001716614	0.3790799999523163
354	0.5095668049812316	0.6435000002670288	0.3777399999427795
355	0.512076834526062	0.6411200000953674	0.3785800000858307
356	0.5113196891593933	0.6426000001335144	0.3773600000667572
357	0.5092880912399292	0.6451200001144409	0.37872000012397766
358	0.5099824206256867	0.6436799998855591	0.37598000003814697
359	0.5122391973114013	0.642360000038147	0.3757000001049042
360	0.5107537921333313	0.6428599999046326	0.37732000007629396
361	0.5118094521522522	0.6448400001335144	0.3751000000667572
362	0.5119784349822998	0.6422599999237061	0.3734600000095367
363	0.5153167845916748	0.640380000114441	0.37036000010490416
364	0.5130212582969665	0.6432399999427796	0.37125999996185305
365	0.5128890946006774	0.6407200000953674	0.373220000038147
366	0.512672671585083	0.6408599999046326	0.37241999999046327
367	0.5137561800193786	0.6431	0.37096
368	0.512918955898285	0.6431200002479553	0.3704400000190735
369	0.5121484845352173	0.6432999999427795	0.3733000000858307
370	0.5138032809638977	0.6417799999809265	0.37003999996185305
371	0.514181477355957	0.6422600002479554	0.3708400000858307
372	0.5141423041629791	0.6409200001335144	0.3708800000286102
373	0.5136721482658386	0.6427800001907349	0.3705600000667572
374	0.5134002609634399	0.6430400002098083	0.36922000004768374
375	0.5158005645942688	0.6412800002098084	0.3668799999904633
376	0.5134572912406922	0.6414400002098084	0.37011999999046324
377	0.5139108111000061	0.6420600000762939	0.369779999961853
378	0.5134363583946228	0.6438600000190735	0.36778000001907346
379	0.516734138584137	0.6409400000190735	0.36534000001907346
380	0.5136097601318359	0.6403600000762939	0.36862000000953676
381	0.5126282925987243	0.642680000038147	0.3687999999713898
382	0.5164874580192566	0.640820000114441	0.3656400000858307
383	0.5159297095966339	0.6406200000762939	0.3634399999809265
384	0.5136660306358337	0.6434200001525879	0.3660400000286102
385	0.5145684018707275	0.6438399999237061	0.36451999995231626
386	0.5153378474330902	0.6417400002288819	0.36396000000953677
387	0.5150458711242676	0.644199999923706	0.36230000002861024
388	0.5158251009368896	0.6426000001716614	0.36306000000953675
389	0.5158660244178772	0.6406	0.3636200001335144
390	0.514648246974945	0.6418399998855591	0.3619000001049042
391	0.5132665440559387	0.6432200002288818	0.363620000038147
392	0.5171346281051635	0.6411199999809265	0.36095999999046324
393	0.5158329423046112	0.6401600000572205	0.36268
394	0.5160621192741394	0.6415199998855591	0.3605399999427795
395	0.5155580014228821	0.6421000000572205	0.3634600000858307
396	0.5184221327590942	0.6404000001335144	0.35849999997138976
397	0.5166405896186829	0.6400799999427795	0.3606800001144409
398	0.5168458173370362	0.6424	0.3604800000572205
399	0.5167188351631165	0.642519999961853	0.36094
400	0.516399446029663	0.6426000000953674	0.35993999996185305
401	0.5190553238105774	0.6409000001335144	0.35602000012397766
402	0.5200638422679901	0.6419600001907348	0.3554800000476837
403	0.5161484728622436	0.6448000002479554	0.3575200001335144
404	0.5180466150283813	0.6407600000190735	0.3561800000858307
405	0.5185877032089233	0.6395600002479553	0.35613999995231627
406	0.5174738368225098	0.6409999999046325	0.35838000007629395
407	0.5175162744140624	0.642899999961853	0.3552400001335144
408	0.5156034090042114	0.64364	0.35699999997138976
409	0.5157638530349732	0.644860000076294	0.3574999999809265
410	0.5176954980659485	0.6406400001907349	0.35478000005722043
411	0.5163211018562317	0.6436000002098083	0.35570000003814695
412	0.5172971801185607	0.6428600000953675	0.35712000000953675
413	0.5186097399139404	0.642019999961853	0.352200000038147
414	0.5181600977134705	0.6418400001907348	0.35368000007629397
415	0.5194986076927185	0.6383999999237061	0.3531399999809265
416	0.517131675567627	0.6421600002479553	0.35562000000953675
417	0.5176970717048645	0.641740000038147	0.3544200001144409
418	0.5181484413528442	0.6433	0.3519600000667572
419	0.5204633667182922	0.6405599999809265	0.35064000012397767
420	0.5165087046051026	0.6418600002670288	0.3560199999713898
421	0.5190939635276794	0.6408999998855591	0.3520600000667572
422	0.5169048639678955	0.644320000152588	0.3525200001049042
423	0.517618190498352	0.6429	0.35149999997138975
424	0.5176020991325379	0.6433800000572205	0.351799999961853
425	0.519234515247345	0.6416800001525879	0.34924
426	0.5170606833839416	0.6423199999618531	0.35279999995231626
427	0.5181675613594056	0.6446800002670288	0.3494999999523163
428	0.5168441173553466	0.6437799999046325	0.35354000005722047
429	0.5169357097625732	0.6434400001716614	0.3514800000190735
430	0.5191005419921875	0.6427400000190735	0.3486000000667572
431	0.5195811228942872	0.6420600000953675	0.34690000003814697
432	0.5175240457344055	0.6432599999809265	0.35138000002861025
433	0.5207967037963868	0.6407799998855591	0.347399999961853
434	0.519607264251709	0.6415000001716614	0.34663999994277955
435	0.5194418536186218	0.6418600001525879	0.3470000000667572
436	0.5170916147327423	0.643179999923706	0.3484600000190735
437	0.5193351309776306	0.64338	0.3473400000953674
438	0.5210265338134765	0.640820000114441	0.3451800001335144
439	0.5214754421424865	0.6408000001525879	0.34646000005722044
440	0.5202831623840332	0.6424400001525878	0.34581999994277957
441	0.5187330564117432	0.6427999999046325	0.34758000007629397
442	0.5203493683242798	0.6425400001716614	0.3439600001049042
443	0.5208725812530518	0.6390400000572205	0.34644
444	0.5180634815406799	0.6433800000953674	0.3456600000572205
445	0.5195905829429627	0.6428799999427796	0.3468200000858307
446	0.5173298841667175	0.6423999998855591	0.3495599999904633
447	0.5199642947864532	0.6416200001335144	0.34400000002861025
448	0.5208209731864929	0.6404200000381469	0.34214000012397766
449	0.5197391502189637	0.6418000000953674	0.34470000010490415
450	0.5180352653884888	0.6437399999427795	0.3462600000190735
451	0.5206161926460267	0.6431200001716614	0.34163999994277955
452	0.5215679023551941	0.6411600001907348	0.3421200000667572
453	0.5200344930648804	0.641979999923706	0.3437200000953674
454	0.5173555351066589	0.6455200002288818	0.34420000014305113
455	0.518767608089447	0.6442200001716614	0.3419400000190735
456	0.5205731176948547	0.6410000000953674	0.34112000012397764
457	0.5209407984733582	0.6435600001716614	0.340080000038147
458	0.5197937157630921	0.644259999961853	0.3423600001144409
459	0.5195944451332092	0.6430000001335144	0.3428400000667572
460	0.5171314838886261	0.6468599999046326	0.34334000011444094
461	0.5194774373626709	0.6440600001335144	0.3417200001335144
462	0.5183807330703736	0.6442200001907349	0.34280000004768374
463	0.5221428221511841	0.6417800002288818	0.33691999998092653
464	0.5215868866920471	0.6425600000190735	0.3388999999523163
465	0.5199181117057801	0.6441400002670288	0.3380199999523163
466	0.5219173013877869	0.6431200002288818	0.33948000012397767
467	0.5215242868614197	0.6423199998855591	0.338039999961853
468	0.5197004853630066	0.6424599999237061	0.34007999994277954
469	0.5197810318565369	0.6446800001335145	0.33836000009536743
470	0.5203024729919433	0.641299999923706	0.3408999999904633
471	0.5192054377746582	0.6439200002479554	0.340759999961853
472	0.5208303687667847	0.6412400000953674	0.3389200000476837
473	0.5188439839553833	0.6464400001907349	0.33778000010490417
474	0.5200108086204529	0.644260000114441	0.33878
475	0.5204836497497558	0.6440600002670288	0.33621999994277957
476	0.5207104293632507	0.6443200002098084	0.3371800000667572
477	0.5200462592697144	0.6454800001525879	0.3365599999523163
478	0.5199377840995788	0.6435200001144409	0.33756000010490417
479	0.5210005372238159	0.6434999998855591	0.3358200000858307
480	0.5235974357891082	0.6404200000572204	0.33473999996185305
481	0.5211439813613892	0.641920000038147	0.33602000004768373
482	0.5190494594955445	0.6435600000190735	0.33890000000953674
483	0.5192539454460144	0.6444000000762939	0.335160000038147
484	0.5207204244422913	0.6445600002098083	0.3335000000476837
485	0.5196548952484131	0.6452400002288818	0.33461999997138975
486	0.5211509655952453	0.6417799999809265	0.3374200000286102
487	0.5202247738456726	0.6430399999427795	0.3368199999809265
488	0.5202305660247802	0.6445799999427796	0.33647999999046324
489	0.5221789801979065	0.642279999961853	0.334419999961853
490	0.519112852230072	0.6442000000381469	0.33570000005722045
491	0.519017660446167	0.644179999961853	0.33694000002861024
492	0.5197591528701783	0.6446000002288819	0.33488
493	0.5205904109191895	0.6428600001525879	0.3347200000095367
494	0.5204962288665771	0.6428199999046326	0.33452000011444094
495	0.5198605026340485	0.645599999885559	0.33424000014305116
496	0.5196897548103333	0.6436999999427795	0.3329399999809265
497	0.5219091119003296	0.6438600001907349	0.33165999995231626
498	0.5201691881942749	0.6439000000190734	0.3357200000190735
499	0.5161667081069946	0.6471199998855591	0.3377000000667572
500	0.5182768040847778	0.6461400000572205	0.33280000011444094
501	0.5183136785888672	0.6454200002479553	0.3351600000190735
502	0.5222475602149963	0.641600000038147	0.332660000038147
503	0.5208081346702575	0.6433400000572205	0.33387999994277956
504	0.5188015299034119	0.6453200001144409	0.33382000012397767
505	0.5180289031219483	0.646540000152588	0.3319800000667572
506	0.5194006327056885	0.6434600001716614	0.3330200000953674
507	0.5195448944664002	0.6444200001335144	0.3337600000858307
508	0.519520344581604	0.6428000002098083	0.33372000009536745
509	0.5208432793998719	0.6442600002098083	0.33192000009536743
510	0.5204775421524048	0.6440199999046325	0.3305399999523163
511	0.5199453620529175	0.6452400001907349	0.3307199999713898
512	0.5186828755950927	0.6451000001907349	0.33283999997138974
513	0.5195831195831299	0.6452000002288818	0.3293000000476837
514	0.5172497041893005	0.647360000038147	0.33282000005722046
515	0.5190786200904847	0.6443200001716614	0.3323800000476837
516	0.5204125956344604	0.6442199998855591	0.3313200001144409
517	0.5194715955352783	0.6458200001907348	0.3301200000667572
518	0.5213389456272125	0.6442400000762939	0.32786000011444094
519	0.5186231433868408	0.6448400001907348	0.32981999994277955
520	0.5196496129226684	0.6458399998855591	0.32825999997138977
521	0.5191015056800842	0.6458600001525879	0.3308999999427795
522	0.5174427779388427	0.647839999923706	0.33172000002861024
523	0.5196001558685303	0.6446200001144409	0.33047999997138977
524	0.519035033864975	0.646420000076294	0.32998000007629397
525	0.5174713950920105	0.6470800001716613	0.3312400000667572
526	0.517899549407959	0.644599999961853	0.33070000009536743
527	0.5191907476806641	0.6464600001144409	0.33058
528	0.5217855611228943	0.6453199999046325	0.3256199999427795
529	0.5182441599464417	0.647159999961853	0.3313999999523163
530	0.5198351393890381	0.6464200000190735	0.3284200000667572
531	0.5192690876579285	0.6465600002670288	0.32753999994277955
532	0.519466932926178	0.6465800001335144	0.32595999996185304
533	0.5195126610565186	0.6451999999046326	0.3276799999427795
534	0.5188749473190307	0.6455600001907349	0.3272600001144409
535	0.5194217547798157	0.6466199998855591	0.32757999996185305
536	0.5183820059967041	0.6470400001907348	0.3269199999809265
537	0.5185642332458497	0.6479400000762939	0.32752
538	0.519562486114502	0.6433200002288818	0.3292200001144409
539	0.518495416469574	0.6471999998855591	0.32732000005722045
540	0.5169443081092835	0.6493400002479554	0.3273600000953674
541	0.5197070258331299	0.6464999999046326	0.32622000012397767
542	0.5184995845794678	0.6471199999237061	0.32688000005722045
543	0.5189709630203247	0.647440000038147	0.3247200001144409
544	0.5185772609710694	0.6475400001335144	0.32688000009536744
545	0.5174190156173706	0.6469600001335144	0.32592000011444094
546	0.5175504724311829	0.6492600002288819	0.3257000001049042
547	0.5201416871452331	0.6438200002479553	0.3247600000286102
548	0.51842230052948	0.6471600000762939	0.3246800000858307
549	0.5194346882629395	0.6465800001716614	0.3265400000286102
550	0.5186679245185852	0.6473800002098083	0.32513999996185305
551	0.5180147520446777	0.6488600001144409	0.3261000001335144
552	0.5188047304153443	0.6466000001907348	0.32503999994277954
553	0.5182630853462219	0.6485000002479553	0.3245800001335144
554	0.5173055513572693	0.6487000000762939	0.32626000012397766
555	0.5174596001815795	0.6498400000572204	0.32637999998092654
556	0.5195600013160706	0.6459599999046326	0.3247400001335144
557	0.5170299837303162	0.6460200002670288	0.3273600000953674
558	0.5167310321235656	0.6478400001716613	0.3273399999523163
559	0.5166294160652161	0.6498400002098084	0.327100000038147
560	0.517079605255127	0.6469800000953674	0.32786
561	0.5161981947517394	0.6478999998855591	0.3279600000667572
562	0.518234867401123	0.64774	0.32576000008583067
563	0.5156805533218384	0.649839999923706	0.3264599999523163
564	0.5176525282096863	0.6476000002098083	0.32572000010490415
565	0.5181498738861084	0.6465200002670288	0.3272000001335144
566	0.5184064727401734	0.6475199998855591	0.32647999994277954
567	0.5162142456817627	0.647999999961853	0.32648000007629396
568	0.5173705912590026	0.6474800002479553	0.3247600001144409
569	0.5166030620288848	0.6477000000762939	0.32414
570	0.5164247331619263	0.649439999961853	0.3250400000286102
571	0.5156400557136536	0.6500400000762939	0.32516000002861023
572	0.5154555635643006	0.6503399999809265	0.32442000004768373
573	0.5164376909637451	0.6500200000190735	0.32444000002861023
574	0.5151358960914612	0.6503400001907349	0.3234000001335144
575	0.5143505213928222	0.6495	0.3255200000476837
576	0.5149335775566101	0.6503200001907349	0.3248999999713898
577	0.5154186971473694	0.6480400000762939	0.32574000012397764
578	0.5162371099090576	0.6494600000190734	0.32402000000953673
579	0.5148722229957581	0.6510200001716614	0.32614000007629396
580	0.5164481350135803	0.6494400001716614	0.32264000004768373
581	0.5145332882118225	0.6527800002098083	0.32562
582	0.5155417176246643	0.6509399999427795	0.32321999995231626
583	0.5151749518966675	0.6510400001525879	0.32342000003814697
584	0.5144918592357636	0.6527799998855591	0.3223800000667572
585	0.5149568971252442	0.6519000002479554	0.3211000000286102
586	0.5150167735385894	0.6512399999237061	0.32359999994277955
587	0.5136827319908142	0.652879999923706	0.32268000003814695
588	0.5168882905387878	0.648259999961853	0.3236199999523163
589	0.5144830728149414	0.6494599999046325	0.32472000005722046
590	0.5159396500205994	0.6485000001144409	0.3231400001335144
591	0.5150801866912842	0.6518600001144409	0.3208400000190735
592	0.5151404911231995	0.6488599999427795	0.3238
593	0.5146854090881348	0.6517399999618531	0.32353999998092653
594	0.5153635204315186	0.6494200002288818	0.324260000038147
595	0.5113758620262145	0.6544400001144409	0.32609999998092654
596	0.5132524877548218	0.6501800001907349	0.32403999994277954
597	0.5132371049880982	0.6507799999427796	0.3252800000095367
598	0.5128365214920044	0.6510199999809265	0.32368000007629394
599	0.5149207453346253	0.6497799999427796	0.322159999961853
600	0.5136514536857605	0.652099999961853	0.3233400001335144
601	0.5138509069824219	0.6516199998855591	0.32280000003814696
602	0.5130116538047791	0.6532000000190735	0.3234400000667572
603	0.513542589378357	0.65024	0.3229000001335144
604	0.5124268511199951	0.6539999999046325	0.3242800000190735
605	0.5151245427894592	0.652220000076294	0.32044000009536744
606	0.5143999100017548	0.6530599999427795	0.3220599999713898
607	0.5142041673278809	0.6511799999427795	0.3208399999713898
608	0.5130769890403748	0.6530800001716613	0.32305999996185303
609	0.5144661931800842	0.6504799999046326	0.32252000010490417
610	0.5133817778396607	0.6535800001335144	0.3211600000858307
611	0.5122226448440552	0.6545599998855591	0.32086
612	0.5121302802085876	0.6535400002098084	0.3210600001335144
613	0.5123364427375794	0.6523000000953675	0.3231800000095367
614	0.513205946521759	0.6523000002098084	0.32298000007629396
615	0.5125009153175354	0.6528999999809265	0.3223999999713898
616	0.5120444381713867	0.6564600002479554	0.3195600001335144
617	0.512448164024353	0.6509799998855591	0.323439999961853
618	0.5143879219818115	0.6517200001716614	0.31965999998092653
619	0.5115323291397095	0.6539800002479553	0.32140000005722047
620	0.5126001741218567	0.6520399999046326	0.3226400001335144
621	0.5110255579471588	0.6534399999809265	0.3227799999713898
622	0.5109437629127502	0.6543200001144409	0.322759999961853
623	0.5128216850090027	0.652519999923706	0.32095999999046326
624	0.5098907774257659	0.6540600000572204	0.3229600000190735
625	0.5121767688941956	0.6504400002288818	0.3221
626	0.5133130656242371	0.6528199999046326	0.3214200000953674
627	0.5106212091445923	0.6548199999237061	0.3217400001335144
628	0.5119641321945191	0.653720000038147	0.321100000038147
629	0.5110476215171814	0.653959999923706	0.3234600000572205
630	0.5116125657844544	0.6521000001716614	0.3226000000476837
631	0.5104256013488769	0.6539400000953675	0.32434000007629393
632	0.5131468185043335	0.65202	0.31939999996185303
633	0.510818957157135	0.6547200002479553	0.31934000009536745
634	0.5116955734062195	0.6527200000953675	0.32203999997138977
635	0.5102770592117309	0.6546999999237061	0.3202999999523163
636	0.5098160292243957	0.6541000002670289	0.32316000005722045
637	0.5112144143676758	0.6561	0.3207400000476837
638	0.5111548721504211	0.6551400000953674	0.3204400001335144
639	0.5082909652137756	0.6555999998855591	0.32131999998092653
640	0.5124695137786865	0.6552199999046325	0.3182999999427795
641	0.5107305660247803	0.653400000076294	0.3200200000572205
642	0.5080531089401246	0.6556400001907349	0.32196000003814695
643	0.5112759175872803	0.653920000114441	0.319819999961853
644	0.5087837169265748	0.6571400001907348	0.32020000007629396
645	0.510323766784668	0.653759999923706	0.3228000000858307
646	0.5095338926887513	0.6559000002479554	0.32086000000953674
647	0.5123645092964172	0.6538200000190735	0.3201800001239777
648	0.509211027431488	0.6563200000953674	0.31989999995231627
649	0.5101189099311828	0.6537800000953674	0.319880000038147
650	0.5076664139556885	0.6558199999809265	0.3227199999809265
651	0.5117296740341186	0.65474	0.31866
652	0.5087184418773651	0.6560400002670288	0.32089999996185303
653	0.5115098529052734	0.6523200000381469	0.3174200000190735
654	0.5103384727668763	0.6554600002670288	0.3194200000476837
655	0.5077825987911224	0.65624	0.3208800000858307
656	0.5095780216789245	0.6556200002670288	0.3203000000572205
657	0.5096068982887269	0.6566800000572205	0.3188600000953674
658	0.5087693055152893	0.6573600000953674	0.32058000007629395
659	0.5085105993843079	0.6572200001144409	0.32014000007629395
660	0.5079519219779969	0.6550000000572205	0.32181999997138977
661	0.5061563154792785	0.658360000038147	0.3234600000476837
662	0.5087204465866089	0.6564200000381469	0.31853999997138976
663	0.5096468943214416	0.6548000002288819	0.3202999999523163
664	0.5064675480079651	0.6562199998855591	0.3218999999713898
665	0.506474504108429	0.6590400001335144	0.32304000009536743
666	0.5081765864467621	0.658080000076294	0.31878000002861023
667	0.5082522462654113	0.656519999923706	0.31918000005722047
668	0.5096438467216492	0.6543200000381469	0.3210200000858307
669	0.506590857257843	0.6585600001335145	0.3195800000953674
670	0.5081250211524964	0.6564000001335144	0.32018000003814695
671	0.5076751536178589	0.6566400002098084	0.31928000010490415
672	0.5082949335289001	0.6568999999046325	0.3184400000667572
673	0.5065519696903229	0.65574	0.322199999961853
674	0.5088563691520691	0.6546400001335144	0.3181399999809265
675	0.5087775669670105	0.6565199999046326	0.31835999996185305
676	0.507130065612793	0.6579399999237061	0.31980000007629394
677	0.5098317741775513	0.6539199999427795	0.31826000005722044
678	0.5062532193565369	0.660060000038147	0.3206400000858307
679	0.5064404146194458	0.6587399998855591	0.31898000005722044
680	0.5071864976882935	0.656019999885559	0.3192199999713898
681	0.5046235652160644	0.6604800000762939	0.32172
682	0.5062700183486939	0.6586600002098083	0.3202600000667572
683	0.5051408434677124	0.659499999961853	0.3207599999523163
684	0.5067465866374969	0.656399999923706	0.3195600001144409
685	0.5040740896415711	0.6589600002479553	0.3232200000190735
686	0.5076299863433837	0.6589200002670288	0.3170400000286102
687	0.5053749159336091	0.6586799999046326	0.32113999994277953
688	0.505542069644928	0.6575600001335145	0.32128000010490415
689	0.5055619828224183	0.6590800001907349	0.31978000012397767
690	0.5072662822341919	0.6588800002670288	0.3197399999809265
691	0.5049997645568848	0.6593600000190735	0.3213800000667572
692	0.5053987580490112	0.6605999999237061	0.31852
693	0.5041508817291259	0.6608600002479553	0.32084000005722046
694	0.5054747562217713	0.6607600001144409	0.3186200000476837
695	0.5049861037445068	0.659620000038147	0.32148000007629396
696	0.5061663029098511	0.657819999961853	0.31879999997138975
697	0.5048247771263122	0.6592600001907348	0.32214000007629395
698	0.5050283278369904	0.659700000114441	0.3211200001239777
699	0.505114547405243	0.6604800000190735	0.32084000002861024
700	0.5053607740974426	0.6607999999046326	0.3183000000667572
701	0.5041021402931214	0.6606400000190735	0.3205600000762939
702	0.5062528344154358	0.6577599998855591	0.3187799999713898
703	0.5039452195739746	0.6610200000190735	0.32028000000953677
704	0.5018526063919068	0.6616200000190735	0.3215200000953674
705	0.5042285811424255	0.6613800000762939	0.3189599999809265
706	0.5035584264183044	0.6615800001525879	0.31936000003814696
707	0.5031472947406769	0.6607600000953674	0.31913999994277953
708	0.504798514175415	0.6604000001525879	0.31716000004768374
709	0.5032215474796295	0.6629800002670289	0.32032000000953675
710	0.5038102091121673	0.6604400001335144	0.3180800000858307
711	0.5055738199806213	0.659879999961853	0.3209799999523163
712	0.5054547073364258	0.6587600001144409	0.31880000002861025
713	0.5039057291793824	0.6590400000572204	0.32049999999046325
714	0.5026918644142151	0.6609600002479553	0.32147999997138976
715	0.504264878835678	0.6592400002479554	0.32141999997138976
716	0.503751319437027	0.6619800000953674	0.31861999995231627
717	0.5026540108299256	0.6596400001907349	0.3213000001335144
718	0.5027298798751831	0.6609800002479553	0.31928000005722046
719	0.5037056000518799	0.6598199999427795	0.3184200001049042
720	0.5042612747573852	0.6603200001335144	0.3175400000667572
721	0.5014221200656891	0.6620599998855591	0.32116000009536744
722	0.502151768541336	0.6618599999809265	0.32049999999046325
723	0.5016510527420044	0.6602800002098084	0.32041999994277953
724	0.5015932876205444	0.6629399999809266	0.31894000009536744
725	0.5014456767272949	0.662700000114441	0.3190400000953674
726	0.5023846162509918	0.6625000000953675	0.32039999999046326
727	0.501373692111969	0.6615400001144409	0.31941999994277953
728	0.5007591887092591	0.6633400002288818	0.3201600001335144
729	0.5025288280677795	0.6628600001525878	0.31767999999046326
730	0.502254054851532	0.6643399999046325	0.3187800001144409
731	0.5023223339271545	0.6614	0.319059999961853
732	0.5011530825996399	0.6614600000190735	0.321439999961853
733	0.502444740524292	0.66218	0.31744000012397766
734	0.5013352684402466	0.6621000001144409	0.320219999961853
735	0.5004159361839294	0.6645200001144409	0.32085999994277953
736	0.5016456024742126	0.6613399999427796	0.3175800000572205
737	0.5000298009109497	0.6631600002670288	0.3207400000476837
738	0.5017619458580017	0.6603800002670288	0.3206399999523163
739	0.50092595495224	0.662999999961853	0.3210400000190735
740	0.49888892433166504	0.663880000076294	0.32066
741	0.5005225889587402	0.6638200001907348	0.32109999997138977
742	0.5009996382141113	0.663579999961853	0.3222400000476837
743	0.49972195753097537	0.6654600002288819	0.3214200000286102
744	0.5013969235420227	0.6627000000953674	0.3194200000190735
745	0.5007692135620118	0.662139999961853	0.32147999994277954
746	0.49999304649353027	0.6643000001716614	0.3187799999713898
747	0.5015882883644104	0.6599000002479554	0.3188599999427795
748	0.5018453964042664	0.661900000114441	0.31938000001907346
749	0.500183123998642	0.6629600001144409	0.32175999994277954
750	0.49963555341720584	0.6635800001907348	0.3208600000476837
751	0.4995163705062866	0.6635600001525879	0.32030000012397764
752	0.498993288640976	0.6637000002670288	0.31949999995231626
753	0.4974015788269043	0.6651799999809265	0.31968000002861024
754	0.4987479565811157	0.663940000076294	0.32055999995231627
755	0.5001325394821167	0.664320000076294	0.31758000012397763
756	0.49772104851722715	0.666420000076294	0.3202400000476837
757	0.5011881619262696	0.6620400001144409	0.3187800000858307
758	0.4984371235847473	0.6626400001144409	0.32180000010490417
759	0.4996315801715851	0.6641000002288818	0.3185000001144409
760	0.4973945608520508	0.6647999999809265	0.3214600000667572
761	0.50067808883667	0.663220000038147	0.3177800000476837
762	0.49831710474014285	0.6655999999046326	0.32062000009536745
763	0.4975972657394409	0.6640400001335144	0.32070000008583066
764	0.49861636567115786	0.6639400001335144	0.32058
765	0.5000683195114136	0.6647000000190735	0.318880000038147
766	0.49860767971038816	0.667359999961853	0.3204800000286102
767	0.4986693673992157	0.665280000076294	0.316759999961853
768	0.49854376230239866	0.66432	0.3187200000762939
769	0.4995495298957825	0.662560000038147	0.32033999995231627
770	0.49663060302734374	0.666340000114441	0.3194599999713898
771	0.4994512279129028	0.6637200002670288	0.3185799999809265
772	0.49593495944976806	0.6657200001335144	0.3216000000286102
773	0.49791616512298587	0.6653800002670288	0.3197800000476837
774	0.4983750231361389	0.6656200000953675	0.3184400001049042
775	0.49735647585868836	0.6659800001907349	0.3199400000858307
776	0.4977466298961639	0.6675399998855591	0.3186600000667572
777	0.4985760001564026	0.6655	0.31832000008583067
778	0.49811781826019286	0.6646200001525879	0.317839999961853
779	0.4960960522842407	0.6658799999427796	0.32070000005722044
780	0.4968834189033508	0.6670399999237061	0.31874000002861025
781	0.49707033378601073	0.6658000001907348	0.3198600000286102
782	0.4964002889060974	0.6668799998855591	0.3202400001335144
783	0.4963709893131256	0.6667600002479553	0.3204400000762939
784	0.4942830450439453	0.6671800001144409	0.3233000000953674
785	0.4963962297534943	0.6650400002479553	0.3227200001144409
786	0.49590449699401856	0.6657400000190735	0.32140000005722047
787	0.4959743765640259	0.6654599999809265	0.3224800000953674
788	0.4956051178455353	0.666560000038147	0.32049999994277956
789	0.49638197560310365	0.666780000038147	0.3188400000667572
790	0.49712853120803835	0.6645399999046325	0.31962000003814695
791	0.49513395528793336	0.6647800000190734	0.3220200000190735
792	0.4945587141799927	0.6671800002479553	0.31917999994277957
793	0.49679682666778563	0.664420000076294	0.3195400000190735
794	0.4952179811477661	0.6659600001335144	0.3220200000476837
795	0.49565629693984986	0.6659999999046325	0.3213000000953674
796	0.49447406536102295	0.6669599999618531	0.31988000012397766
797	0.4949635710525513	0.6693399999427796	0.32147999997138976
798	0.4947351512813568	0.668679999885559	0.3200600001144409
799	0.49572759739875794	0.6653000001907349	0.3199600001335144
800	0.4947105020904541	0.667480000038147	0.32058000003814696
801	0.49240918437957765	0.6688000000190735	0.32231999999046324
802	0.4916737668418884	0.6701000001144409	0.32446000002861025
803	0.49274387371063233	0.6691200002288819	0.3210600000858307
804	0.49318585821151734	0.6678799999237061	0.3226000000476837
805	0.49541697174072263	0.6678000002288819	0.3207400000572205
806	0.49573942083358763	0.6646000001525879	0.31956000010490415
807	0.49475554946899414	0.66758	0.32055999995231627
808	0.4936311647987366	0.6676599998855591	0.323040000038147
809	0.4922959473133087	0.6691400000953674	0.32406000005722047
810	0.4936786741542816	0.6666200001716613	0.32188000001907346
811	0.4928069388961792	0.6682400000572205	0.3219600000667572
812	0.4923222945690155	0.6683199998855591	0.3213399999713898
813	0.4935581733894348	0.6666400002288818	0.3205799999427795
814	0.4952269085121155	0.6671000000190734	0.3238000000858307
815	0.4954676488113403	0.666099999923706	0.3201000001144409
816	0.4916472932434082	0.6679200000190735	0.32338
817	0.4916238054656982	0.6719200001525879	0.32116000001907347
818	0.4926996033287048	0.6677800000190734	0.3218800000286102
819	0.49223026834487915	0.6701999998855591	0.32029999999046327
820	0.49136314702033995	0.6682200000953674	0.32375999994277954
821	0.49271431859970094	0.67068	0.32026000007629396
822	0.4939588115978241	0.6676999999427795	0.3206400001335144
823	0.4927930819320679	0.6684400002098083	0.32182
824	0.49453380617141723	0.6666800002670288	0.3191200001144409
825	0.4921206419181824	0.6686800000190735	0.3227400000476837
826	0.49324454275131224	0.6698000001525879	0.3197000001049042
827	0.4926827974796295	0.6694600002670288	0.3200400000667572
828	0.49277353662490847	0.6658400001335144	0.3228400000095367
829	0.4904196809864044	0.6697200002479553	0.32448000012397765
830	0.49028303228378295	0.6711400002288819	0.3227599999523163
831	0.49259224617004393	0.667220000038147	0.3200600000476837
832	0.4912190696144104	0.669060000076294	0.3226800001335144
833	0.4905547795581818	0.6686999999809266	0.3218999999713898
834	0.4901646275901794	0.6694600002861023	0.3240200000476837
835	0.4905531399726868	0.6698600002670289	0.3219800000190735
836	0.4886245050907135	0.6726200001907349	0.32304000012397766
837	0.4933312514972687	0.6701800001335144	0.31750000000953676
838	0.4904607717895508	0.6713800001716613	0.3222600000667572
839	0.49220635632514953	0.6682200000762939	0.32284000002861024
840	0.4903308556938171	0.6709800001335144	0.32379999997138975
841	0.49077699489593507	0.668220000038147	0.32398
842	0.491123002872467	0.6702400002288819	0.320840000038147
843	0.4898068738555908	0.6676599999237061	0.3231000000476837
844	0.4912972034263611	0.6695600002479554	0.3186600000667572
845	0.4905203289222717	0.6703000000190735	0.3223600000858307
846	0.489839304523468	0.672099999961853	0.32141999997138976
847	0.48831812497138977	0.6704399999046325	0.32518000007629394
848	0.4900885734462738	0.6708199999046326	0.322380000038147
849	0.49006988406181334	0.6681000002288818	0.32396000003814696
850	0.48899672738075256	0.672199999961853	0.3212999999427795
851	0.48844142013549807	0.6721800002288818	0.32287999998092654
852	0.4888367058563232	0.6707999999427795	0.3240799999904633
853	0.48991591596603395	0.669199999961853	0.32246000002861025
854	0.49048372817993163	0.6700999998855591	0.32126000000953675
855	0.4872975646018982	0.6703600002670288	0.32322000009536744
856	0.48898155875205995	0.6702600001525879	0.3222200001144409
857	0.4902865821933746	0.6708599999427796	0.3212799999809265
858	0.48893965970039366	0.6713600000762939	0.32289999999046326
859	0.48903401000976565	0.6706400002098083	0.32526000009536743
860	0.48689830481529234	0.6723600001907348	0.32604000009536743
861	0.4896506502914429	0.6697600000190734	0.32263999996185305
862	0.48785697227478025	0.6724799999237061	0.3243199999523163
863	0.48928666628837586	0.6717600001335144	0.3234000000858307
864	0.4873039956855774	0.6714000002670288	0.32511999999046326
865	0.49081092252731323	0.669559999961853	0.32044
866	0.48743736804008486	0.6732600001525879	0.3236200000190735
867	0.4890275510978699	0.671760000038147	0.3223999999427795
868	0.4877021294784546	0.6716000001907348	0.32542000007629396
869	0.48698013667106627	0.6722	0.3238999999713898
870	0.4885304784488678	0.6710000000572205	0.32212000010490416
871	0.48691651673316955	0.6709200001716614	0.3241400000953674
872	0.48679904609680175	0.6720599999809265	0.32744000012397767
873	0.4877305288887024	0.668960000076294	0.3248800000286102
874	0.48695908031463625	0.6733000000953674	0.3253000000476837
875	0.48839599678993223	0.67152	0.32335999994277953
876	0.48939682800292966	0.6704799998855591	0.32050000010490415
877	0.48504086913108824	0.6734600001335144	0.32656000007629393
878	0.48625971723556516	0.6724800001907348	0.3265000000190735
879	0.488649008846283	0.6720400000572204	0.3244800001430512
880	0.48643591612815856	0.6738999999809265	0.32342000007629396
881	0.48764140015602114	0.6731400001907348	0.3202400000190735
882	0.48836781160354614	0.6711799999427795	0.32266000009536744
883	0.4854143780517578	0.6739600000572205	0.32622000005722046
884	0.4863280340385437	0.6731600001525879	0.3239200001049042
885	0.4850712610244751	0.6738400001907349	0.32488
886	0.48762946643829347	0.6716400000572205	0.3238000000953674
887	0.48657205119132996	0.6729400001144409	0.3230000000667572
888	0.4866091422653198	0.67162	0.32620000007629396
889	0.4872918498420715	0.6717200002098084	0.32158000007629395
890	0.48525660161972045	0.6721200002670288	0.3252399999809265
891	0.4852601662731171	0.6736600000953674	0.3268399999523163
892	0.48401046511650087	0.6741000000762939	0.32698000007629396
893	0.48607275245666504	0.67236	0.32483999999046326
894	0.48377184145927427	0.6735200002670289	0.32538
895	0.48423546875	0.6722600000762939	0.3263600000667572
896	0.4848887514877319	0.6744999999809265	0.32490000009536746
897	0.4843584705543518	0.6749400001144409	0.323320000038147
898	0.485070416765213	0.672099999961853	0.32762000007629394
899	0.4829889819908142	0.6765200002288818	0.3264000000572205
900	0.4843864567565918	0.6753	0.3279600000572205
901	0.4849830437374115	0.6744000000953674	0.32513999994277953
902	0.48380453226089476	0.6755799999046326	0.32688000001907347
903	0.4837491682434082	0.6735200001907349	0.3254600000953674
904	0.4825754699707031	0.6748599999427796	0.3289400000762939
905	0.4839542485141754	0.6753199999809265	0.3257800000190735
906	0.4834085530281067	0.6764600001335144	0.3254600000572205
907	0.4838341670322418	0.6741800000190735	0.32691999994277954
908	0.4842619001483917	0.6743400002479554	0.3257999999809265
909	0.48384067352294924	0.6745800002670288	0.3258000001049042
910	0.48205022439956663	0.675639999923706	0.32636000012397764
911	0.4833333182525635	0.67516	0.32774
912	0.4829264636325836	0.6764600001335144	0.3241800000667572
913	0.4830553122425079	0.674800000114441	0.3259599999523163
914	0.48200781890869143	0.6741799999809265	0.3265999999523163
915	0.48255096424102784	0.6751400001525879	0.32769999999046323
916	0.4828186057090759	0.6755400001907349	0.3267200000667572
917	0.4822223059654236	0.6765200001907349	0.32834000010490416
918	0.4826157689857483	0.6752600000190735	0.32514000003814697
919	0.4834043839931488	0.6760200002861023	0.32574000002861025
920	0.4800159484386444	0.67588	0.3290200000286102
921	0.4808100902080536	0.676899999961853	0.32691999994277954
922	0.48261589109420777	0.6758200001716613	0.3266800000667572
923	0.4813915923500061	0.6739000001525879	0.32886000011444094
924	0.48233991230010986	0.6759400001144409	0.3280800001335144
925	0.47913365496635435	0.6779200002479553	0.33031999998092654
926	0.4795112222099304	0.6760200002098083	0.32872
927	0.4823367111968994	0.6742000002288818	0.3263000000286102
928	0.48248727301597594	0.6762800002098084	0.32749999994277956
929	0.4803999800682068	0.674940000038147	0.33026000005722045
930	0.48074796630859373	0.6774200002098083	0.327480000038147
931	0.4804723445415497	0.6777599999427796	0.32706000009536745
932	0.4813092016601562	0.6779400000572204	0.32726000005722045
933	0.4806291986083984	0.6783800000953675	0.32780000011444094
934	0.4813566459083557	0.6755799999427795	0.32710000005722045
935	0.4778898486995697	0.6767200000572204	0.3327800000190735
936	0.4792787358093262	0.6781600000572204	0.328220000038147
937	0.4790942875289917	0.6761800000381469	0.3297400001335144
938	0.47824667484283445	0.6782400001525879	0.3314599999809265
939	0.48035606006622317	0.6757400002479553	0.32770000004768374
940	0.4787607119655609	0.6770800001716614	0.3274200001335144
941	0.47986056104660035	0.6762200002670288	0.32950000010490416
942	0.47944289140701296	0.6773400000762939	0.32872000005722046
943	0.4797838231277466	0.6761400001335144	0.3314400000858307
944	0.4794879123020172	0.6779400002098084	0.32909999995231626
945	0.4776985975265503	0.6789400001335144	0.32996
946	0.47880650719642637	0.678460000038147	0.3301000001144409
947	0.47936140909194946	0.675899999885559	0.3301600000667572
948	0.4814188393974304	0.6764599999809265	0.32628000002861024
949	0.47818430548667906	0.6779200001716614	0.3303600000667572
950	0.4795571801185608	0.6775000001716613	0.32910000012397767
951	0.4787051115512848	0.6760599999809265	0.32998000004768374
952	0.4784886631011963	0.6763399999427795	0.33010000000953676
953	0.4792872580718994	0.6785200002670289	0.3287800000858307
954	0.4787344739437103	0.677639999961853	0.3290800000667572
955	0.4772222075843811	0.6771400001907348	0.3331799999523163
956	0.47649244304656985	0.6796199999427796	0.3321799999427795
957	0.47821356387138364	0.6771600001525879	0.3296200000667572
958	0.4775944983386993	0.6776399999427796	0.331699999961853
959	0.47686487648010256	0.6778800000762939	0.33136000005722044
960	0.4766043139839172	0.6784599999427795	0.3324000000953674
961	0.4761861868286133	0.679659999885559	0.3332
962	0.4760733924102783	0.6804600000953674	0.3300800001049042
963	0.4779102825164795	0.6768600002288818	0.33084000009536746
964	0.47688006971359254	0.679479999961853	0.3292800001335144
965	0.47618871233940124	0.6771999999046325	0.3321200000476837
966	0.47669802717208865	0.6783999999809265	0.3301400000286102
967	0.4765965648651123	0.677700000038147	0.333139999961853
968	0.4770203945827484	0.6787400002670289	0.3339600000667572
969	0.47649749621391296	0.6779000000762939	0.3313600000953674
970	0.4757089893913269	0.6799200000190735	0.3314000001335144
971	0.47640920525550845	0.6804200001716614	0.3313000000667572
972	0.47664973434448243	0.6782000002861023	0.33318000002861026
973	0.4771820368766785	0.6809800001525879	0.33046000012397764
974	0.47416544599533084	0.6804599999809265	0.3317399999809265
975	0.4753242600250244	0.6802000002479553	0.3314200000667572
976	0.4733755740070343	0.6803800000572204	0.3330000000095367
977	0.4754077171516419	0.6784800000190735	0.3326200000190735
978	0.47586779804229734	0.6775399999427796	0.32926
979	0.47609359674453733	0.679300000038147	0.3312400000667572
980	0.47490964416503906	0.6793800002479553	0.3324800000667572
981	0.4746218316745758	0.682040000076294	0.334540000038147
982	0.47544670764923097	0.678240000038147	0.3332400000953674
983	0.47329549215316774	0.6812599999427795	0.3333600000190735
984	0.47334160369873046	0.682680000114441	0.3331600000762939
985	0.47323965043067934	0.6790199999046326	0.334699999961853
986	0.47268565041542054	0.6823200002288818	0.3337400000953674
987	0.4715826392555237	0.681939999923706	0.3348400000572205
988	0.47500223403930664	0.679260000076294	0.33276000001907347
989	0.47409793208122253	0.6800400001907349	0.3332
990	0.47126007907867434	0.681479999961853	0.3354600000286102
991	0.4734465869140625	0.6798600000953674	0.336260000038147
992	0.4711514029216766	0.6821200000190735	0.33642000009536743
993	0.47245625717163087	0.682460000038147	0.33573999997138976
994	0.4730817866897583	0.6793800001716613	0.3343600000190735
995	0.47102246156692507	0.6815399999237061	0.3374000000572205
996	0.47072240112304686	0.6829400001716613	0.33666
997	0.47268818578720095	0.6798200000572204	0.3352000001144409
998	0.47252846982002256	0.6810000001716614	0.3340599999523163
999	0.4731203378391266	0.6815599999237061	0.3337999999904633
1000	0.47112395414352415	0.6831600002479553	0.33551999996185305
1001	0.4711006805610657	0.6827199999809265	0.3348400000572205
1002	0.47115045535087585	0.6807800000953674	0.33808000008583067
1003	0.47235213903427126	0.680260000038147	0.33518000011444093
1004	0.47206028896331786	0.680919999961853	0.3361400000286102
1005	0.471483533744812	0.6813600002098084	0.3355799999809265
1006	0.47139345581054687	0.6807600000762939	0.33826000000953677
1007	0.4705805077457428	0.6816600000572205	0.3349799999713898
1008	0.4706187720489502	0.6833000002670289	0.33608
1009	0.4708446909713745	0.6814400002479554	0.3359599999809265
1010	0.47117051379203795	0.6812200001335144	0.3366200000953674
1011	0.47115659066200255	0.6822200001525879	0.336800000038147
1012	0.4697336777973175	0.681839999923706	0.33703999999046325
1013	0.46972224617004393	0.6824199999427796	0.33687999995231627
1014	0.4684610134506226	0.682159999923706	0.33932000012397767
1015	0.4694777897167206	0.6807799999046326	0.34134000011444093
1016	0.46975291352272036	0.6822399998855591	0.33906000012397763
1017	0.4683485967159271	0.6835200000572205	0.3387199999523163
1018	0.4692279642868042	0.6835600002479553	0.33836000008583067
1019	0.46916001956939696	0.68262	0.3380200000190735
1020	0.47007115671157834	0.6816600001907349	0.3385000000476837
1021	0.4714884771156311	0.679259999961853	0.3382800000190735
1022	0.4685979189014435	0.6819999999237061	0.3384999999427795
1023	0.46782327617645264	0.6837400001716614	0.33826000012397767
1024	0.46816524896621703	0.6854399999427795	0.338800000038147
1025	0.46793852440834044	0.6835200000572205	0.33988000003814695
1026	0.46734200631141665	0.6837200002288818	0.3406000001144409
1027	0.46881289397239684	0.6832600001525879	0.3370599999523163
1028	0.46657074851036073	0.6852599999046326	0.3411799999523163
1029	0.46789262953758237	0.6834200001716614	0.34068
1030	0.4690277059173584	0.6832600000953675	0.3392000000286102
1031	0.4708371208572388	0.6822800001907349	0.335259999961853
1032	0.46661212131500246	0.6861600001716613	0.3396800000190735
1033	0.46790026704788207	0.6831999999046325	0.3398200001239777
1034	0.4695413259983063	0.6810199999046326	0.3365600001239777
1035	0.46796211488723755	0.6828399999618531	0.3375200000953674
1036	0.4684218820953369	0.682300000076294	0.3397200000190735
1037	0.4678932227706909	0.681239999961853	0.34076000009536744
1038	0.4641211663818359	0.6850000002861023	0.34407999994277955
1039	0.4657529221248627	0.6840400001525879	0.3407200000095367
1040	0.46546684552192685	0.6844399999809265	0.3442600000858307
1041	0.46665953546524047	0.6827800002479554	0.33996000000953674
1042	0.46536202018737793	0.6860400001144409	0.34072000009536746
1043	0.46634572811126707	0.6822399999046326	0.34112000011444094
1044	0.46435212785720825	0.6848799999046326	0.3421400001049042
1045	0.46703750385284426	0.6829999999427795	0.339079999961853
1046	0.46539526549339294	0.685260000038147	0.3418400001335144
1047	0.4663050478744507	0.6834599999809265	0.3410400000762939
1048	0.4654278064441681	0.6824000002288818	0.3429600000286102
1049	0.4654965685462952	0.6834799999046326	0.34179999999046323
1050	0.4655979341030121	0.6860400000572204	0.34248000012397767
1051	0.46411961970329285	0.6863600002288819	0.34144000009536746
1052	0.46584958035469054	0.6842600000953675	0.34026000012397767
1053	0.4641122319602966	0.6852	0.3426600001335144
1054	0.4654929866027832	0.6835000002861022	0.34183999997138975
1055	0.4652982136917114	0.685079999961853	0.3425399999809265
1056	0.4635154222393036	0.6860600001716614	0.34288000010490416
1057	0.4652099228572845	0.6838200002670288	0.3426199999809265
1058	0.4622025541496277	0.6853599999809266	0.3442599999713898
1059	0.46496028940200806	0.68358	0.34254000010490415
1060	0.4633970839214325	0.6887200002098084	0.3411000001144409
1061	0.4640928404045105	0.6845999998855591	0.3426800000953674
1062	0.4625391901779175	0.6869800000953674	0.34363999998092654
1063	0.4632561605644226	0.6859400000953675	0.3416000000476837
1064	0.4622167653465271	0.6856799999046326	0.3447800000953674
1065	0.46379789965629575	0.6837599999237061	0.34322000007629394
1066	0.46310737287521364	0.6867599999809265	0.34440000004768373
1067	0.4632695637702942	0.6838800002479554	0.3455800000286102
1068	0.46251999726295473	0.6856400001144409	0.34438000010490416
1069	0.46158525080680846	0.688259999923706	0.34403999995231627
1070	0.4613681439208984	0.6874999998855591	0.345760000038147
1071	0.4644779313755035	0.685380000076294	0.3423400000953674
1072	0.46151094136238097	0.6860800000190734	0.3437600000190735
1073	0.46148085803031924	0.6854600001335144	0.3455200001049042
1074	0.461478977060318	0.6858200002098084	0.34714000014305113
1075	0.46125314125061034	0.6876800002479553	0.3437000000476837
1076	0.4620867554950714	0.6854999999427795	0.3454400001239777
1077	0.46179487838745115	0.686279999923706	0.34530000000953676
1078	0.4591755052852631	0.6870599999046326	0.34652000009536743
1079	0.46204849328041075	0.6874200001716614	0.3451800000953674
1080	0.4616168591880798	0.6871600002670288	0.34428000000953674
1081	0.4598397889328003	0.6872399999809266	0.3469999999523163
1082	0.4608421922683716	0.6872399999237061	0.3450599999809265
1083	0.4605534765625	0.6865400000572205	0.3474600000667572
1084	0.4594171496105194	0.6891800002098083	0.34624000000953675
1085	0.45909663744926454	0.6882200001716614	0.34752000007629397
1086	0.4611662324428558	0.6858799999046326	0.34403999999046325
1087	0.4605270210456848	0.6873000001335144	0.34462000011444094
1088	0.46042842668533324	0.6866600001716614	0.34458000005722045
1089	0.45940263726234437	0.6875000000190735	0.34708
1090	0.4617798143768311	0.6852200000762939	0.34337999996185303
1091	0.4602687471866608	0.6857399999427796	0.34885999995231626
1092	0.4578166743469238	0.687400000076294	0.34933999996185305
1093	0.4581056567287445	0.6868599998855591	0.34947999994277956
1094	0.4580794376754761	0.6889400002479553	0.3472399999523163
1095	0.4601369462585449	0.6869799999427796	0.34774000012397766
1096	0.45884388368606566	0.6897800002670288	0.34444000002861025
1097	0.45857470779418946	0.6893799999809265	0.34856
1098	0.45814597869873047	0.6880000002861023	0.3495600001049042
1099	0.45819089712142946	0.6890000000190735	0.34792000002861023
1100	0.45756143233299257	0.6880600000190735	0.35076000010490416
1101	0.4573717996692657	0.6889200002670288	0.3508800001335144
1102	0.45977928042411803	0.6876000002098084	0.3476000000095367
1103	0.4593362052154541	0.6868800000190735	0.34970000014305114
1104	0.45781552722930907	0.6880200000572204	0.35078000003814697
1105	0.4590157521724701	0.6879200002861023	0.3492600000476837
1106	0.4576835266494751	0.6874000000190735	0.3504000001144409
1107	0.45889479168891906	0.6871799999427796	0.34838000007629394
1108	0.456995176115036	0.6880800002098083	0.35125999994277957
1109	0.456221297082901	0.6885400001144409	0.35270000005722046
1110	0.45700536268234254	0.6888800002098083	0.3537800000190735
1111	0.458828345041275	0.6874400002288819	0.349859999961853
1112	0.45717824776649474	0.6894399999427795	0.34906000012397764
1113	0.458361040725708	0.6879800001144409	0.3496800001430512
1114	0.4574400817871094	0.6878200002479553	0.35134000000953675
1115	0.4587598140335083	0.6878400002479553	0.34935999995231626
1116	0.45523664274215697	0.6912000001716614	0.35036000012397767
1117	0.45525442646980285	0.6884600000572204	0.35288000002861025
1118	0.45635758029937745	0.6894200000572205	0.35226000005722047
1119	0.4561538612174988	0.6885000000953674	0.35097999996185303
1120	0.4565294021987915	0.690520000076294	0.34952000000953676
1121	0.4564089931201935	0.6892799999618531	0.34980000001907346
1122	0.45629099920272825	0.6889799999427796	0.3510400001144409
1123	0.45523075189590456	0.690399999923706	0.3514400000572205
1124	0.4548410283565521	0.6896200002479553	0.3513800001144409
1125	0.45543297863006593	0.6899800001525879	0.35196
1126	0.4545382839298248	0.6900400000953675	0.35450000011444094
1127	0.4549059797763824	0.6908399999046325	0.35115999996185304
1128	0.45499710788726805	0.689519999923706	0.3507799999904633
1129	0.45571487179756165	0.6896400001907349	0.35338000011444093
1130	0.45564178935050964	0.6899200002098084	0.352240000038147
1131	0.45454767137527463	0.6901400002288819	0.3532400001430511
1132	0.4553134979534149	0.6884600002098084	0.35193999999046327
1133	0.4549635845851898	0.6898799999237061	0.351419999961853
1134	0.45532023195266724	0.68862	0.35263999999046325
1135	0.4547110639286041	0.6893400001525879	0.35082000009536746
1136	0.453899412317276	0.6915800002670288	0.3510200001335144
1137	0.4547927451324463	0.689919999961853	0.35306000012397765
1138	0.452792854013443	0.6902199999046326	0.3543600000858307
1139	0.45395464960098264	0.6893800000381469	0.3544200001239777
1140	0.4554310054302216	0.6893200001525879	0.3504600001335144
1141	0.4538186159324646	0.6911199999427795	0.35237999996185304
1142	0.45413109283447267	0.6898200000572204	0.35296000007629397
1143	0.4534267829990387	0.6881800000190735	0.35296000001907346
1144	0.4540646074485779	0.6909800002670288	0.3524200001144409
1145	0.4543128295993805	0.6906200002670289	0.35156000003814697
1146	0.45271374647140505	0.6910200001335144	0.3540400001144409
1147	0.45329255140304564	0.6906999998855591	0.3524400000858307
1148	0.45404095089912416	0.6898999999046326	0.353399999961853
1149	0.45280854710578916	0.6914800000953675	0.35306000008583066
1150	0.4527973647212982	0.6912	0.354920000038147
1151	0.45139861085891725	0.6927800002098083	0.3554800001239777
1152	0.4524555390739441	0.6911200000190735	0.3538400001335144
1153	0.4551485958003998	0.6878800000572205	0.35132000005722047
1154	0.45365958000183104	0.6905200002479553	0.3533799999523163
1155	0.45284453629493715	0.688619999923706	0.3551199999809265
1156	0.45138986548423765	0.6903600000190735	0.35526000010490416
1157	0.4533245839595795	0.6892400000762939	0.35354000002861025
1158	0.4520078626060486	0.690519999961853	0.3558399999809265
1159	0.4524147778987885	0.6896399999427796	0.3574799999809265
1160	0.4524651900100708	0.6907200000953674	0.35745999994277955
1161	0.45196156498908996	0.6904400002670288	0.35662000009536743
1162	0.45107320262908934	0.6917399998855591	0.35370000005722046
1163	0.45220934442520144	0.6915600001716614	0.35486000012397767
1164	0.4519904230594635	0.6920400002098084	0.3558800000667572
1165	0.45091873138427735	0.6923200001716614	0.35544000003814696
1166	0.45068014245986937	0.6925200001525879	0.35686000010490415
1167	0.45075166880607603	0.6908400000572205	0.3563200000858307
1168	0.45052004728317263	0.6922400001716614	0.35688000002861026
1169	0.4508451819896698	0.6937400001144409	0.35406000005722044
1170	0.4508140769767761	0.6920800000190734	0.3570799999809265
1171	0.45325414604187014	0.6879000001335144	0.35406000008583066
1172	0.4514763917160034	0.6909600002479553	0.3557799999904633
1173	0.4492177205657959	0.6915600001716614	0.35746000007629397
1174	0.4509590393733978	0.6917000002098084	0.3550400000858307
1175	0.4494097034740448	0.6932399998855591	0.35777999997138976
1176	0.4488674648952484	0.6932400001335144	0.35812000005722044
1177	0.44981933342933655	0.6908600000953674	0.3562000001335144
1178	0.4508536303806305	0.6912000001907349	0.35540000005722044
1179	0.4503208973789215	0.6933200002670288	0.3564400000190735
1180	0.45045170894622805	0.691820000076294	0.3549600000858307
1181	0.44836891938209533	0.6918999999427795	0.361120000038147
1182	0.45271119856834413	0.6912800001335144	0.3545000000858307
1183	0.44996721906661985	0.6905600002670288	0.3589600001049042
1184	0.44995657952308654	0.691959999961853	0.35600000012397764
1185	0.4511455050086975	0.6899600002479553	0.3575399999523163
1186	0.4501371326637268	0.6917400001335144	0.3596999999523163
1187	0.4484057684421539	0.692180000038147	0.3597600000953674
1188	0.45004044233322144	0.690839999923706	0.35930000000953677
1189	0.44947300954818725	0.6909800002479554	0.35925999999046326
1190	0.44915096006393435	0.6923400002670288	0.35562000008583067
1191	0.44822851192474367	0.6917799999427795	0.35780000000953677
1192	0.44851058752059936	0.6919200002098084	0.3565000000286102
1193	0.44905161911010744	0.6931400002479553	0.3562199999809265
1194	0.4489311922454834	0.6950599999427796	0.35682000007629394
1195	0.4483717815685272	0.6910800001716614	0.3584000001335144
1196	0.44834934122085573	0.6935399999427796	0.3594200001239777
1197	0.449475146484375	0.6911599999427795	0.35648000009536746
1198	0.4498406639099121	0.6903200002288818	0.35760000010490417
1199	0.4461968397331238	0.694520000038147	0.36014000009536745
1200	0.4484017527961731	0.6926400001525879	0.36060000011444093
1201	0.4486791127872467	0.691739999923706	0.36024000005722046
1202	0.4487744657230377	0.6926000000190735	0.3569600000286102
1203	0.4467769892215729	0.6942	0.36030000012397767
1204	0.4496251662158966	0.6934399999046326	0.3570999999523163
1205	0.4461868685436249	0.6932999999427796	0.3616600000476837
1206	0.4479366565322876	0.6924599999046326	0.3589000000667572
1207	0.44894120451927183	0.6921799999427796	0.3590600001144409
1208	0.44874166801452636	0.6931200002098084	0.3595800000762939
1209	0.4492809225654602	0.6922000001907349	0.3564800000858307
1210	0.44671580154418944	0.6928399999618531	0.3599800000095367
1211	0.446960704574585	0.6925200001716614	0.35975999999046326
1212	0.4479743094062805	0.6902800002479553	0.36104000003814696
1213	0.44672477561950685	0.6940400001907349	0.3608200000476837
1214	0.4463312069416046	0.6930999999237061	0.3606600000667572
1215	0.4461704735469818	0.694939999923706	0.36163999994277957
1216	0.4455267984962463	0.6948200000572204	0.3620800001239777
1217	0.4481588793087006	0.6929000001716614	0.3606200001335144
1218	0.44735005412101747	0.6919199999427795	0.35966
1219	0.44925158368110657	0.691939999923706	0.35913999996185303
1220	0.44772601640701293	0.6932800001335144	0.357900000038147
1221	0.4465939839076996	0.69418	0.360840000038147
1222	0.4480418187904358	0.6930000001907348	0.35868
1223	0.44731539463043213	0.6925800001525879	0.36116000005722043
1224	0.4456117670440674	0.6940200000190735	0.3625000001049042
1225	0.44640845083236697	0.6951000002479554	0.3602000001335144
1226	0.4467179851913452	0.6931400001335144	0.36004000000953673
1227	0.44796184465408323	0.6911599999618531	0.3580200000476837
1228	0.44709407627105713	0.6926000001716613	0.35868000009536743
1229	0.446153637676239	0.69438	0.35958
1230	0.4473930648517609	0.69352	0.36061999997138977
1231	0.44657961975097654	0.6922399998855591	0.36137999994277953
1232	0.4463002663040161	0.692900000038147	0.36074000005722046
1233	0.4466770848560333	0.69218	0.35952000013351443
1234	0.445519095993042	0.6922800001144409	0.3609000001335144
1235	0.4459652418899536	0.6933800002098084	0.361279999961853
1236	0.4467994015979767	0.6945600002098083	0.3608800000190735
1237	0.44613820901870727	0.6944199999237061	0.36233999997138977
1238	0.44644793345451356	0.6938399999427796	0.35756000007629396
1239	0.4479254814338684	0.6935800002098084	0.35905999997138976
1240	0.4461648483181	0.6943800002670288	0.36022000012397765
1241	0.44433456283569334	0.6956	0.3635399999427795
1242	0.4469261922645569	0.6942400000953675	0.36034000004768374
1243	0.44625169554710387	0.694580000038147	0.3607600000953674
1244	0.4482994175052643	0.691840000076294	0.35865999996185305
1245	0.4476908983516693	0.69392	0.3601400000667572
1246	0.4457088073348999	0.692540000114441	0.36052000005722046
1247	0.4461478436088562	0.6933399999809265	0.3619400000953674
1248	0.4474747073459625	0.6947800000572204	0.3565600001335144
1249	0.44812925612449644	0.6931400002098084	0.3597600000190735
1250	0.44716913750648496	0.6929799999427796	0.36030000005722046
1251	0.44802943696975706	0.6928400002479553	0.35706000007629396
1252	0.44719454151153565	0.69306	0.35842000003814695
1253	0.446729104385376	0.6942200001907348	0.35770000002861024
1254	0.4481249260044098	0.6924000002288818	0.35787999997138975
1255	0.44825962759971616	0.6937399998855591	0.3568799999427795
1256	0.4484194614696503	0.6917600001335144	0.35692000009536745
1257	0.44629981524467466	0.6949000000762939	0.3583600000190735
1258	0.44784993366241455	0.6936200000190735	0.3586999999713898
1259	0.44693615181922913	0.6957400002670288	0.3572600001335144
1260	0.44831918711662294	0.6934400002479553	0.35780000013351443
1261	0.4488441895484924	0.691919999961853	0.35826000002861025
1262	0.446607627658844	0.6929000000190735	0.3596600000572205
1263	0.4481698130893707	0.6937200002098084	0.357619999961853
1264	0.44863116205215453	0.6923000000190734	0.36064000002861024
1265	0.44813740874290464	0.6927799999809265	0.3581799999713898
1266	0.44611790487289427	0.6930600001716614	0.3610199999713898
1267	0.4470739350605011	0.6927600001144409	0.35874000001907347
1268	0.44780435564994814	0.6926399999237061	0.3578000001144409
1269	0.44694360986709597	0.6928199999046326	0.3597600001239777
1270	0.4464932651805878	0.6921000000762939	0.3597000000476837
1271	0.44656282455444335	0.6931000000762939	0.3610800000762939
1272	0.4473202808856964	0.6938399999427796	0.3584599999713898
1273	0.44635785222053526	0.6942999999237061	0.35956000000953675
1274	0.4467650462722778	0.6933800000190735	0.35852000001907347
1275	0.44639629454612734	0.6947399999809265	0.3611600000476837
1276	0.4485543028736115	0.6913999999427796	0.35881999999046327
1277	0.4478353731918335	0.6906000001907349	0.3598199999809265
1278	0.44777435555458067	0.6951200000190735	0.356640000038147
1279	0.44647541953086856	0.6934600000762939	0.36003999999046327
1280	0.4461011043930054	0.6930799999046325	0.35953999999046327
1281	0.44713228753089906	0.6946399999809265	0.358899999961853
1282	0.4479139877223969	0.6911800000190735	0.3609800001144409
1283	0.44510985263824465	0.6945600001525879	0.3629800001239777
1284	0.4468025451087952	0.6918000001144409	0.3620400000858307
1285	0.4474192812538147	0.69256	0.3587000001239777
1286	0.44602375500679015	0.6940200002098084	0.3615400000858307
1287	0.44795351070404055	0.6917000001144409	0.3590199999713898
1288	0.44614830328941346	0.6954600002670288	0.3569000001049042
1289	0.4477325891590118	0.6931000002479554	0.35989999998092653
1290	0.4471912652301788	0.6918600000953674	0.3612600000858307
1291	0.4457342894554138	0.6950000002098083	0.359019999961853
1292	0.44718555183410647	0.6933600002288819	0.3567400000667572
1293	0.448082075548172	0.6925400001907349	0.3578800000476837
1294	0.4451669911575317	0.694880000038147	0.36094000003814697
1295	0.4462217827320099	0.6940000002288819	0.359560000038147
1296	0.4464629505062103	0.6944800002670288	0.35882000003814696
1297	0.4455387138557434	0.693360000076294	0.3596000000190735
1298	0.4478266858959198	0.6931600001335144	0.3577200000953674
1299	0.4463073422336578	0.6943600002479553	0.35982000011444093
