epoch	loss	acc	certified
0	1.0759384572029114	0.18365999999046326	0.09870000006675721
1	0.9446164275741578	0.30781999994277953	0.18639999999046325
2	0.8928901969718933	0.3416200000953674	0.23646000007629395
3	0.861935633354187	0.3610400000953674	0.2668800000667572
4	0.8271934926605224	0.39692000001907346	0.2881000000095367
5	0.8022820924949646	0.4118000000858307	0.3126400001335144
6	0.7837422449111938	0.42652000009536745	0.3279000001335144
7	0.7683639727210999	0.4366600001525879	0.3424000000953674
8	0.756887857131958	0.4442400001239777	0.35344
9	0.7503436460876465	0.4502399999809265	0.35883999999046323
10	0.7404344444274902	0.4562400000190735	0.36818000000953677
11	0.7333821749687195	0.4620799999809265	0.3730000000476837
12	0.7232375958061218	0.4717000001144409	0.3796999999523163
13	0.7168518420219422	0.47364000001907347	0.3882400000667572
14	0.7097548974227905	0.48454000003814696	0.3895800001049042
15	0.7072092809677124	0.48628000005722044	0.3923600000286102
16	0.69632052942276	0.49721999994277954	0.3977000001335144
17	0.6891411566925049	0.5034800001144409	0.4036400001144409
18	0.6861172078895569	0.50616	0.40582000005722046
19	0.6773778104591369	0.5136600000286102	0.41182000009536746
20	0.6763133030128479	0.5157199999427795	0.41264000000953677
21	0.668337325630188	0.521740000076294	0.4192600001335144
22	0.6630987979888916	0.5273000000572204	0.4245
23	0.659238824672699	0.5289800000286102	0.42669999999046326
24	0.6562615219116211	0.5337200001525879	0.42759999996185305
25	0.6526670815467834	0.53468	0.43126000003814696
26	0.6484736829185486	0.5391200001335144	0.4343600000953674
27	0.6428344672012329	0.5445599998664856	0.43774000009536745
28	0.640828779373169	0.5444400000572205	0.44076000015258787
29	0.6355751665115357	0.5497800000762939	0.4457000000286102
30	0.6353523999214172	0.5495	0.44652000011444093
31	0.6309856509971619	0.5528399998855591	0.4498800001335144
32	0.6267985041809082	0.5565600001335144	0.45163999997138976
33	0.6236229916763306	0.5603000002288818	0.4543600000667572
34	0.6227733474731445	0.558999999961853	0.45608000000953675
35	0.6181968962287903	0.5645200001525879	0.4589600001716614
36	0.6164572924041748	0.5661400001335144	0.45936000012397765
37	0.615294319114685	0.566139999961853	0.46092000001907346
38	0.6096812650489807	0.5701200000572204	0.4647600001525879
39	0.6107127165222168	0.5713000001716614	0.4642800001716614
40	0.6069262854003906	0.57266	0.46774000008583067
41	0.6036958278465271	0.575840000076294	0.46962000015258787
42	0.6065050071334839	0.5729600000953674	0.46756000014305116
43	0.5990699870681763	0.5787800002098084	0.4741400001525879
44	0.600213866519928	0.5770600002288818	0.4731600000572205
45	0.5957572877311706	0.581320000038147	0.476919999961853
46	0.5996758458900452	0.5777399998855591	0.4734400001525879
47	0.5929309195518494	0.5825800002098084	0.47994000000953674
48	0.5920901935005188	0.5837399999046325	0.4796000000572205
49	0.594259211101532	0.583679999923706	0.4771800000190735
50	0.5917645653915405	0.584900000076294	0.4794600002479553
51	0.5894856181335449	0.5856600002479553	0.4822200000667572
52	0.5883768623161316	0.5886200001335145	0.4797400000858307
53	0.582275254573822	0.5920199999618531	0.4878200001049042
54	0.5813209030342102	0.5925800001716613	0.48828000009536743
55	0.5804109560775756	0.5946400002288819	0.4865999998664856
56	0.5798992039299011	0.594239999923706	0.48959999994277953
57	0.5808973258590698	0.5927200002479553	0.4880200000667572
58	0.5758028169059753	0.5985800001335144	0.49210000015258787
59	0.5748114731407166	0.5989600002670288	0.4920000001144409
60	0.5750586901283264	0.59914	0.49030000002861024
61	0.5742948310279846	0.5983000001335144	0.49270000010490417
62	0.5702564732742309	0.6032000000953675	0.49556000000953676
63	0.5696568088340759	0.6039800001716614	0.49394000012397765
64	0.5665129808807373	0.6069799999237061	0.49658000007629394
65	0.5668254776573182	0.606919999961853	0.49831999992370607
66	0.5662631941604614	0.6070600001335144	0.4968999999809265
67	0.5641653324890137	0.6089800001716614	0.49848000019073485
68	0.5637315425682068	0.6098800001144409	0.498939999961853
69	0.5626305673217773	0.61006	0.4996000001716614
70	0.5617841777038575	0.60992	0.5005600001144409
71	0.5613449716186524	0.6117999999809265	0.500500000038147
72	0.5616400082778931	0.610420000038147	0.5004400001049042
73	0.5579798070716858	0.6132599999427796	0.5040200000286102
74	0.5568640032577514	0.6156800000190735	0.502259999961853
75	0.5570639228439331	0.6140800000572204	0.5035200000762939
76	0.5597927297973633	0.6125600002098084	0.5012400001716614
77	0.5549746555709839	0.6164799999427796	0.5060999998855591
78	0.5554235815048217	0.616139999961853	0.5051600001430512
79	0.5530895596694946	0.6190400002098083	0.5074600000858307
80	0.551977527923584	0.6190000002479553	0.5069000001907349
81	0.5513435398674011	0.6199000002098084	0.5087400001049042
82	0.5484775717735291	0.6222199999427795	0.509380000038147
83	0.5486183402633666	0.620219999923706	0.5106800001335144
84	0.5499764484596252	0.620180000038147	0.50942
85	0.5488831534004212	0.6219400001716614	0.508499999885559
86	0.5497209836387634	0.6214000000953674	0.5077200000572205
87	0.5473885317993165	0.62268	0.5102800000286102
88	0.5438551959228516	0.6263600002670288	0.5128200001907348
89	0.5436414270401001	0.6260800001907348	0.5131000001335144
90	0.5441731087684631	0.6265200002288819	0.5105800000190734
91	0.5403712313461304	0.6290200001525879	0.5150200001144409
92	0.5438472862815857	0.6256399999809266	0.5120800001907349
93	0.541497668800354	0.6277799998855591	0.51442
94	0.5407839276123046	0.6288600002288819	0.5134800000762939
95	0.5390525461578369	0.6292600002098083	0.5174000002098084
96	0.5400649600601196	0.6306800001525878	0.515859999961853
97	0.5402043239974975	0.6294600001525879	0.5152999998855591
98	0.535951012802124	0.6342799999427795	0.5164200000953675
99	0.535822646446228	0.6334600002670288	0.51798
100	0.5369621519088745	0.6324200001907349	0.5159000001907349
101	0.5334553423309326	0.6361800001335144	0.5178800001049042
102	0.5370516714286804	0.6328400002479553	0.5137799998855591
103	0.533994669675827	0.6360399999046326	0.5141999998855591
104	0.5353498381614685	0.6366999999237061	0.5114799998664856
105	0.5331148013496398	0.6366	0.5122200000286102
106	0.5327644587516784	0.6387400000953675	0.5100200000095367
107	0.5332652095031738	0.63728	0.5093600001239776
108	0.532870522480011	0.6380799999809265	0.507940000114441
109	0.531017773361206	0.640460000038147	0.5078799999427795
110	0.5276170523262024	0.6426599999809265	0.5099400000095368
111	0.5313274140930175	0.6388400000190735	0.5059800000095367
112	0.531906658668518	0.63884	0.504439999923706
113	0.5317713795471192	0.6396600002288818	0.5034799999713898
114	0.5292995601081848	0.643260000038147	0.5033600000953674
115	0.5290382257461548	0.6423199999046326	0.5028800001525879
116	0.5298513120269776	0.6414400001907349	0.5001999999809266
117	0.5270051693153381	0.6437800002479553	0.5022600001716614
118	0.5275821461105347	0.6439200002479554	0.4990400002479553
119	0.5268434898757934	0.6461999998855591	0.49750000019073487
120	0.5265457071590424	0.6445000001716614	0.4984799998855591
121	0.5264958200073242	0.6446799998855591	0.49768000002861024
122	0.5286980067634582	0.6439399999046326	0.49399999994277954
123	0.5294163512802124	0.642740000076294	0.4928400001049042
124	0.5275703675460816	0.6469000001716614	0.4907600001335144
125	0.5267402254486084	0.64656	0.4907800001049042
126	0.5268334882736206	0.6451	0.4916599999809265
127	0.5273368077468872	0.6462400002479554	0.4889600001335144
128	0.5252964966392517	0.6479000001144409	0.49024000013351443
129	0.5273338863945007	0.6479800002288818	0.4869000001144409
130	0.5247744718074798	0.6476600000190735	0.48792000024795534
131	0.5264171514797211	0.6466799999809265	0.48567999992370603
132	0.5257936148834228	0.6487599999427796	0.48342000009536745
133	0.52623941822052	0.6481600000953675	0.48196000009536744
134	0.525035600681305	0.6489799999809265	0.48344000014305116
135	0.5259831919288636	0.6482000000953674	0.48054000024795535
136	0.5257011007499695	0.6478599999427795	0.47972000000953674
137	0.5272851982688904	0.6475800000190735	0.4786600001335144
138	0.5266933699417115	0.6485199999809265	0.47697999999046325
139	0.5253288311195373	0.6487600000572205	0.47646000004768374
140	0.5272538967895508	0.6483200001525878	0.4725200002479553
141	0.5269646829795838	0.649440000076294	0.4728400000953674
142	0.5260459906196594	0.6496800001144409	0.4725800001049042
143	0.5246836338806152	0.6506800000953674	0.4722600001525879
144	0.5258043432044983	0.6504200000381469	0.47004000005722046
145	0.5280545371627807	0.6476999999809265	0.4670400000667572
146	0.5290728917694092	0.6497999999427796	0.46516000009536745
147	0.5253979606056214	0.6532200001907349	0.4660800001049042
148	0.5277955790710449	0.6512600002479553	0.46332000014305114
149	0.528914438419342	0.6466000000190735	0.4646200000667572
150	0.5265926476478576	0.6519799999809265	0.4590000000858307
151	0.5291512451744079	0.6490800000572204	0.4600600000476837
152	0.528136759147644	0.6493600000572205	0.45884000007629394
153	0.5261047517204285	0.6540199999237061	0.4577000001525879
154	0.5274184101295472	0.6511600000190735	0.4580999999809265
155	0.5274645346641541	0.651059999961853	0.45486000000953675
156	0.5279123519325256	0.6510999999046325	0.45488000005722046
157	0.5290907290267944	0.6499800001525879	0.4529000000476837
158	0.5285206361579895	0.6497400002479553	0.45210000014305113
159	0.5290080009841919	0.6502400000572205	0.4515600000190735
160	0.5304845854377747	0.6478799999809265	0.4501400000858307
161	0.5313828742599487	0.646940000114441	0.4479999999809265
162	0.5296755216598511	0.649220000076294	0.44738
163	0.5292534923744202	0.6518599999809265	0.44570000014305117
164	0.5278005062866211	0.651319999923706	0.4461999999904633
165	0.5313494016838074	0.6478600000190735	0.4441799999713898
166	0.5301509795761108	0.6523399999046325	0.44002000003814695
167	0.5295800518512725	0.6489200000953674	0.44367999999046326
168	0.5287362921714782	0.652360000114441	0.43969999997138975
169	0.5317409335899353	0.6494200000381469	0.43898000014305116
170	0.5340203101348877	0.6478400000572204	0.4366000001049042
171	0.5324704437828064	0.651400000038147	0.43386000000953673
172	0.5321294466400146	0.649699999961853	0.4364000000762939
173	0.5299133524131775	0.651600000114441	0.43568000010490415
174	0.534228643360138	0.646959999961853	0.4319200001525879
175	0.533223378200531	0.649639999923706	0.4312599999809265
176	0.5342090911197662	0.6471600002479553	0.43044000008583067
177	0.535234602394104	0.6490999999809265	0.4268000000095367
178	0.5352565967559815	0.6465200002670288	0.4266999999523163
179	0.5325791626167298	0.6507800000190734	0.42586000003814695
180	0.5352062660217285	0.6487600000190735	0.4211600000286102
181	0.5331588661003113	0.6508799999427796	0.4241800000667572
182	0.5361818885803222	0.6476199999809266	0.42054000010490417
183	0.5353851431655884	0.6484600002098083	0.422
184	0.5365757678794861	0.6494199999427795	0.41936000000953677
185	0.5394010026168823	0.6472800000953675	0.416240000038147
186	0.5393159968566894	0.6471400002670288	0.414519999961853
187	0.5381930060195923	0.6493599999427795	0.41326000007629393
188	0.5386341414260865	0.647459999961853	0.41248000005722046
189	0.5387306698226929	0.6454800002288819	0.41409999997138974
190	0.5372509644699097	0.6478399999046326	0.4127800001049042
191	0.5401367789268494	0.64522	0.41108000001907347
192	0.5379782828903198	0.6491000002098084	0.40844000010490417
193	0.5407789896774292	0.6480400002670288	0.40588000009536745
194	0.5395337940502166	0.6481199999427796	0.40519999999046324
195	0.5407519037818909	0.64496	0.4065000000572205
196	0.5425662811279297	0.6472000000381469	0.4020600000476837
197	0.5425179164123535	0.6447600001335144	0.4043800001144409
198	0.5398977429962158	0.6475199998855591	0.40308000009536743
199	0.5430345687294006	0.6457199999427795	0.3992600001335144
200	0.5414822093391418	0.647479999961853	0.39946000011444094
201	0.5425931036567688	0.6427800000572205	0.400360000038147
202	0.5434149617004395	0.6439000002670288	0.3971000000858307
203	0.5439532828712463	0.6448	0.395940000038147
204	0.544545751953125	0.6445600000572205	0.3946400000286102
205	0.5464339298439026	0.6426000001907348	0.39416000014305114
206	0.5456225469017029	0.6426800000190734	0.39210000000953676
207	0.54408563747406	0.645400000038147	0.39264000007629396
208	0.5448081763839722	0.6459200000762939	0.3879400000858307
209	0.5456259344291687	0.6473000002098084	0.3879400001525879
210	0.5465927585792542	0.6439200000190735	0.3853400001144409
211	0.5448201496124268	0.6445200002098084	0.3874599999523163
212	0.5488052859306335	0.6440800001525879	0.38386
213	0.5495152310752869	0.6408599998855591	0.38215999998092653
214	0.5468340548706054	0.6433199999809265	0.3839600000858307
215	0.54776699426651	0.64336	0.38281999998092653
216	0.5491828438568115	0.6411200000953674	0.3813200001144409
217	0.5505763419532775	0.642680000076294	0.3785400001335144
218	0.5494792496490478	0.64316	0.377620000038147
219	0.5513867469978333	0.6397999999427796	0.37614000012397764
220	0.5518685146522522	0.6393999999237061	0.3743199999523163
221	0.5505336477088928	0.6416199999237061	0.37566000005722044
222	0.5498095819664002	0.6409400002670288	0.3760399999809265
223	0.5547876515769958	0.6384800000190735	0.3697200001049042
224	0.5504946841239929	0.638900000076294	0.37585999996185304
225	0.5527841854095459	0.6386400002288818	0.37280000005722047
226	0.5514950509643555	0.6386800002670288	0.37263999997138975
227	0.5563140135955811	0.6365400001335144	0.3672600000476837
228	0.5544336756706237	0.6402800002288819	0.36509999996185305
229	0.5558238848495484	0.6362400001716614	0.36788000014305117
230	0.5561145374298095	0.6362600002479554	0.3646000000476837
231	0.5551903627967835	0.6394200001525879	0.36358000002861024
232	0.5574263422584533	0.6380400000953674	0.3625800001144409
233	0.5579895783805847	0.6360999999618531	0.3633200001049042
234	0.5557935099983216	0.6377799999046325	0.36176000002861025
235	0.556494674949646	0.63944	0.3573600000667572
236	0.5578389223861694	0.6358000002479554	0.3602600001239777
237	0.5566055570793151	0.6376199999237061	0.3586800001144409
238	0.5596003411674499	0.6362600000953674	0.3549400000190735
239	0.5592313096618652	0.6372800000762939	0.35326000002861024
240	0.5579065023803711	0.6364200002288818	0.3548600000667572
241	0.5594789015197754	0.6339800001335144	0.3550599999904633
242	0.5592743410491944	0.6373200002288818	0.3515599999523163
243	0.5603913763046264	0.6351000002479553	0.35288000011444093
244	0.5599264290428162	0.634740000038147	0.351299999961853
245	0.5598404540061951	0.6360400001907348	0.34994000000953673
246	0.5620564373207092	0.6352200001716614	0.3473600001049042
247	0.5630829187202454	0.6322600002670288	0.34724
248	0.5645745858764648	0.6335600002479553	0.3443799999427795
249	0.5645130272293091	0.632499999961853	0.34409999995231627
250	0.5628247396469116	0.6316800000572205	0.3454400000476837
251	0.5640449989700317	0.6299600001716614	0.3441599999713898
252	0.5649707681465149	0.632079999961853	0.34323999999046323
253	0.5641981091308593	0.6322600002098083	0.3399599999904633
254	0.564980798816681	0.6310600001335144	0.3414000000190735
255	0.5659329903411865	0.6292000002098084	0.33959999995231627
256	0.5652070715141296	0.6311000001525879	0.336600000038147
257	0.5659909722137452	0.6314200000953675	0.33890000011444094
258	0.5666686034011841	0.6295200001144409	0.3375600001239777
259	0.5673927550315857	0.6286400000572204	0.3358800000762939
260	0.5655182602691651	0.6309000001335144	0.33514000004768374
261	0.5681344535446167	0.6287400000572204	0.3345199999809265
262	0.5700070470428467	0.6275400002098084	0.3328000000953674
263	0.567261314201355	0.6283399999046325	0.3318000000667572
264	0.5690557997894287	0.6294199999046326	0.3310399999713898
265	0.5701603610229492	0.6259599999427795	0.32968000002861025
266	0.5691719346237183	0.6288800001907349	0.32825999999046324
267	0.5720784877586365	0.6248600000572204	0.3281000001144409
268	0.5691495532608032	0.6263000000572204	0.3288800000762939
269	0.5729151239776611	0.625320000076294	0.3263199999713898
270	0.573917808971405	0.623379999885559	0.32603999994277955
271	0.5702993673324585	0.6281000001144409	0.32668000010490417
272	0.5727575623512268	0.626619999885559	0.32318000009536746
273	0.5717486660766602	0.6292600000190735	0.32262000009536745
274	0.5728177694511414	0.62588	0.3212600000667572
275	0.5750698537063599	0.6221600001907349	0.32055999999046325
276	0.5747138615226746	0.624339999923706	0.3214400000476837
277	0.5725560299491882	0.6249600001716614	0.32154000009536743
278	0.57297118019104	0.6257999999427796	0.31919999996185305
279	0.575915959072113	0.6229400002288819	0.3173000001335144
280	0.5733621920967102	0.6266400000953675	0.31942000000953674
281	0.5750839699172974	0.6240600000572205	0.3164600000667572
282	0.5760729372787475	0.6231000000953675	0.31606000000953677
283	0.576367168598175	0.6226600001716613	0.3164000000095367
284	0.576704206943512	0.6240200000572205	0.3134199999523163
285	0.5775614904403686	0.6213400002098084	0.3133400000667572
286	0.5787657100296021	0.6230000000190735	0.31129999996185304
287	0.5776080554389954	0.621499999961853	0.3111200000476837
288	0.5797271252059937	0.620600000038147	0.31076000000953674
289	0.578472284450531	0.6226200000190735	0.31096000010490416
290	0.5793916757011414	0.6179999999046326	0.30978000000953676
291	0.5805476769256592	0.6183000001716614	0.30693999994277954
292	0.5813986289024353	0.6188199999809265	0.30628000001907346
293	0.5803897803115845	0.6180600000190735	0.3088799999523163
294	0.5830546405410767	0.6184399999046326	0.302899999961853
295	0.5826848332786561	0.6175600000190735	0.3025200001335144
296	0.582710809249878	0.6181600002479554	0.30422000008583067
297	0.5818314158630371	0.6160400000572205	0.3048199999809265
298	0.5847336494445801	0.6162000001335144	0.29890000012397766
299	0.5835975873184204	0.6167199999046326	0.3023800001049042
300	0.5847171542930603	0.6167200000190735	0.29990000000953676
301	0.5829438210105896	0.6161400001716614	0.3028200000286102
302	0.5842029815292359	0.6179600002670288	0.2970800000858307
303	0.5851199947738648	0.617720000038147	0.29441999996185303
304	0.5869287015342712	0.6133800000762939	0.29552000000953677
305	0.5830342385101318	0.6187999999046325	0.29720000010490416
306	0.583962710056305	0.6170399999046325	0.2946800001335144
307	0.584143292427063	0.6188800001716613	0.29446
308	0.587883448600769	0.6134399998855591	0.2928200000953674
309	0.5873543650817871	0.6157600001907348	0.29130000002861023
310	0.587212505607605	0.6151800000190735	0.29348000006675723
311	0.5883957792663574	0.613759999923706	0.2909200001239777
312	0.5884978415298462	0.6142000001716614	0.2885599999523163
313	0.5878249338722229	0.6131200001525879	0.2910600000524521
314	0.5876870691871643	0.6129600001907348	0.2905600001049042
315	0.589908119430542	0.6124800000572205	0.2880799999713898
316	0.5903579869842529	0.6126600000953675	0.28700000003814696
317	0.5887670677947998	0.6130400001335145	0.2893600001144409
318	0.5893233897399902	0.6120200001525878	0.2863400000667572
319	0.590018083782196	0.6114800000953674	0.28874000001907346
320	0.5925152961730957	0.6101800000572205	0.2836400000667572
321	0.5906077775382995	0.6118200000190734	0.2832800000476837
322	0.5930666234779358	0.6087600000572204	0.28319999999046325
323	0.593803215084076	0.6099399999237061	0.2801400000476837
324	0.5924830786895752	0.6106600001144409	0.2820199999523163
325	0.591929500465393	0.6111399999046325	0.2826400001049042
326	0.5939079280853271	0.606900000076294	0.28270000002861023
327	0.5933221753692627	0.6110000002479553	0.2799599999809265
328	0.5930425084114075	0.6094199998855591	0.27788000002861024
329	0.5929389874267578	0.6086200001335144	0.2800200000953674
330	0.5928474613380432	0.6094600002670288	0.2788399999427795
331	0.5941800983047485	0.610480000076294	0.27718000004768373
332	0.5946169356536866	0.6103200002670288	0.27517999996185305
333	0.5939024759292603	0.6097600002670288	0.2765600001335144
334	0.5981753195381164	0.6070200000190735	0.2750800000524521
335	0.5945973773574829	0.607420000038147	0.27648
336	0.5953367185211181	0.6096600001144409	0.27404000009536744
337	0.5966509003067016	0.6051400000190735	0.2725600000572205
338	0.5977279461669922	0.6060800000762939	0.27070000008583067
339	0.5971790083503723	0.6059000001144409	0.271479999961853
340	0.59698087474823	0.6079600001525879	0.2720000000095367
341	0.5985982709693909	0.6046599998855591	0.2707600001049042
342	0.5992644157791138	0.6055800001716614	0.26892000009536743
343	0.5983583020210266	0.605180000038147	0.26914000007629396
344	0.5993108630943298	0.6060400001144409	0.26836000004768373
345	0.5996627034378051	0.6013200002479553	0.26881999994277955
346	0.5983048293876648	0.6056600001907348	0.26962000007629394
347	0.5983808850288391	0.6040799999427795	0.26852000012397764
348	0.6000375985145568	0.602420000114441	0.2656400000953674
349	0.6002785168075562	0.6017399999427795	0.26667999999046327
350	0.6001071084213256	0.6032800000762939	0.2664200000667572
351	0.600574292087555	0.6048600000762939	0.26393999994277956
352	0.6007338082504272	0.6033999999046326	0.2621999999904633
353	0.6027592028427124	0.600600000076294	0.2638000000190735
354	0.6009137399673462	0.6032399999618531	0.26236000007629395
355	0.6025840858840943	0.6035800000190735	0.26078000000476836
356	0.602505142402649	0.60366	0.25966
357	0.6040870554161072	0.6018200002288818	0.2609800000286102
358	0.6032371541976929	0.6026800001525879	0.25948000000953675
359	0.6035809298324585	0.6000800000953674	0.26020000005722044
360	0.6025952201461792	0.6002000000953674	0.26086
361	0.6032197632980346	0.6023800000190734	0.25679999996185304
362	0.6041477858543396	0.6000599998855591	0.25691999994277953
363	0.6056222771644593	0.600660000038147	0.2541400000047684
364	0.604598203048706	0.600859999961853	0.2555600000476837
365	0.605572694568634	0.598939999961853	0.2562399999856949
366	0.6053848542785645	0.5988400000762939	0.2560599999713898
367	0.6070246340942382	0.5983000001907348	0.25240000009536745
368	0.6072267611122132	0.5998000002479553	0.2514799999904633
369	0.6046451956558228	0.5998200001907349	0.25412000002861024
370	0.6074293743896484	0.597059999961853	0.2526199999713898
371	0.6063442113876343	0.5989999998855591	0.25144000001907346
372	0.6069779551124572	0.5966800001716613	0.25311999999046325
373	0.6057483048820496	0.5992599999809265	0.25264000012397764
374	0.6081868740844727	0.5973800002288818	0.25037999997138977
375	0.6091761756324768	0.5955599999427795	0.24901999998092653
376	0.6082828902816773	0.59858	0.2480400000333786
377	0.6074682492446899	0.5977600000190735	0.2491399999809265
378	0.6082393242835998	0.5988600002670288	0.2476400000190735
379	0.6091208468055725	0.5985200002098083	0.24605999996185302
380	0.6087290880012513	0.5962000000762939	0.2487999999809265
381	0.6090747112846374	0.5953	0.24729999998569488
382	0.6093319689369202	0.5943599999427795	0.2478999999856949
383	0.6118859702301025	0.5931000001907348	0.24534000000953674
384	0.6096578656768799	0.5971599999046325	0.24410000004768373
385	0.608908866558075	0.5975800001716614	0.24299999997138977
386	0.6094541143035889	0.5952000002479553	0.2427799999809265
387	0.6104601373291015	0.5964600000953675	0.24315999998569487
388	0.6095959142684937	0.5942000001907348	0.24468000007629395
389	0.6105229265022278	0.593660000038147	0.2414800000333786
390	0.6122872615623474	0.5930600000953674	0.24119999999046327
391	0.6112544819259643	0.5940200002098084	0.24273999998092652
392	0.6116312557411194	0.5940399999427796	0.2400999999856949
393	0.6128424914741516	0.5906800001525879	0.24072000009536743
394	0.6119524402236939	0.5932199998855591	0.23998000007152556
395	0.6124538922309876	0.5926600001144409	0.23836
396	0.6164872664070129	0.5907000002670288	0.23802000001907347
397	0.6140922902107239	0.5918400001335145	0.23960000003814697
398	0.6135774966812134	0.5916000001907349	0.2390400000667572
399	0.6118376280593872	0.5920000001525879	0.23968000002861023
400	0.6139165682792663	0.5938200002670289	0.23588000004291534
401	0.6148206823730469	0.5914399999237061	0.23569999997138977
402	0.6156670136451721	0.5899200000953674	0.2346400000476837
403	0.6156408868980408	0.5890200000190735	0.23552000007152557
404	0.6154413926124572	0.5893000001335144	0.23502
405	0.6169129837226868	0.5884199999237061	0.23436000001907348
406	0.6153973822402954	0.5905000002670288	0.2347600000143051
407	0.6170203788948059	0.5894400001525879	0.2326799999809265
408	0.6158939970779419	0.5901399999427795	0.23446000003814696
409	0.6147187440681458	0.5918599999237061	0.23462000012397766
410	0.6155543206977844	0.5919199999618531	0.23262000002861022
411	0.6161536075592041	0.5891999999427795	0.23328000006198882
412	0.6152480603027344	0.589559999961853	0.23224
413	0.6178538086128235	0.588639999961853	0.23088000000953673
414	0.6184188101577759	0.588900000076294	0.2282400000333786
415	0.6187076509475709	0.5879799999809265	0.2285200000524521
416	0.6173171366500855	0.587100000114441	0.23158000009536744
417	0.6185894623565674	0.5868000000953675	0.22920000006198882
418	0.6176505143737793	0.5900600001144409	0.22806000002384186
419	0.6186138522338868	0.5868199999618531	0.22739999998569488
420	0.6165862995147705	0.5870000002670288	0.2293599999856949
421	0.6188132377815246	0.5865399999427795	0.22883999998569488
422	0.6187211806297302	0.58708	0.22824000004768372
423	0.6185631083488464	0.5894800001335144	0.2264200000667572
424	0.6201291175842285	0.5877400000190734	0.2250800000524521
425	0.6201929475975037	0.5874400001716614	0.22454000006198882
426	0.617231400566101	0.5890799999427795	0.22554000002861022
427	0.6193744098854065	0.5865599998855591	0.22728000000953674
428	0.6209271683502198	0.5841999999237061	0.2248600000190735
429	0.6203190813827515	0.585719999961853	0.22522000009536744
430	0.6209804119491578	0.5857800002670288	0.22478000006198884
431	0.6210574961853027	0.5829800001716614	0.22423999999046326
432	0.6210325677490235	0.5845199999046325	0.22250000001430512
433	0.6224923867988587	0.5833599998855591	0.22274000002861022
434	0.6229163589477539	0.5836000000381469	0.22136000002861023
435	0.6223197740936279	0.5836200000572205	0.22132000003814697
436	0.6197782998085022	0.5851000002479553	0.22312000000953675
437	0.6233880042648315	0.5819599999046325	0.2200000000190735
438	0.6224384970283509	0.5844400002670288	0.21986000004291534
439	0.6240114477157592	0.5813800000190735	0.22053999994277954
440	0.6237696688842773	0.5831800002288818	0.21790000001430512
441	0.6232598422241211	0.5797200000953674	0.2205599999856949
442	0.6234471644020081	0.5816800001716613	0.2186000000143051
443	0.6235959518432617	0.5833000000762939	0.21799999997615815
444	0.6224211482429505	0.5836000002098084	0.21906000007152557
445	0.6229229848098755	0.5820199999427795	0.21832000004291535
446	0.6226329462432861	0.5811600001525878	0.2207200000143051
447	0.6256212032127381	0.5817199999809265	0.2161400000333786
448	0.6244707025718689	0.5811200001144409	0.21638000001907348
449	0.6238058595848084	0.5821200001525879	0.2155000000190735
450	0.6229259859275817	0.5820800001716614	0.21326000001430512
451	0.6265733318901062	0.5790399999809265	0.21471999999046326
452	0.6253792517280579	0.5803000001525879	0.2145400000667572
453	0.6252128191566467	0.5834999999809265	0.21388000006198882
454	0.6232991663360595	0.5824800000381469	0.21671999998569488
455	0.6239979712677002	0.5837800001144409	0.2144200000190735
456	0.6249623535728455	0.5827599999427795	0.21610000001430513
457	0.626843946056366	0.5797600002479554	0.21230000006198882
458	0.6254692317962647	0.5806200001335144	0.21326000005722046
459	0.6262836598777771	0.5786600002479553	0.2139600000667572
460	0.6246458843040467	0.5815200002479554	0.2133599999809265
461	0.6273749199104309	0.5775800002670288	0.21118000003814696
462	0.625779447441101	0.5810400001907349	0.2121200000333786
463	0.6273344147109985	0.5801000001525879	0.20876000003814696
464	0.6273778528404236	0.580560000038147	0.20990000001430512
465	0.6268960912513732	0.5812600002670288	0.20876000005722045
466	0.6270197191047668	0.5818400001144409	0.20948000007152556
467	0.6271933835411072	0.580200000114441	0.20962000004291534
468	0.6266191597366333	0.57966	0.2107600000667572
469	0.6269844486427307	0.579840000038147	0.20696000002861023
470	0.627570573272705	0.5788200001716614	0.20956
471	0.6273188847923279	0.5793800000190735	0.2077600000143051
472	0.6270614404869079	0.5793199999046326	0.20836
473	0.6278678871536255	0.5795800000572204	0.20676000003814698
474	0.6289682958030701	0.5762200000953674	0.2080400000524521
475	0.6272258381462097	0.579180000076294	0.20854000007152557
476	0.6289829275131226	0.578100000038147	0.2056400000476837
477	0.6268222391891479	0.5795600002479553	0.20932000005722046
478	0.6285651932144165	0.5801600000381469	0.20506000003814698
479	0.629991861114502	0.5790399999809265	0.2050000000333786
480	0.630047065372467	0.5779599999237061	0.20532000006198883
481	0.6285744756507874	0.5776800001144409	0.20702000001430512
482	0.6273603803634643	0.5789400000953674	0.20696000006675722
483	0.6274995199584961	0.5795200001907349	0.2052600000190735
484	0.6296901096153259	0.5784000002098083	0.2051000000190735
485	0.6284112087059021	0.5771999998664856	0.20171999998092652
486	0.629799165019989	0.5762799999046325	0.20350000002861024
487	0.6304682706069946	0.5755599999427795	0.2024000000190735
488	0.6300754203033447	0.5764199999237061	0.20338000001430512
489	0.6303514463233948	0.5767400002670288	0.20328000001907348
490	0.6283726728630066	0.5757999999809266	0.2038200000143051
491	0.6292126107406616	0.5759000000572204	0.20234000001907348
492	0.630443755531311	0.5769000000572204	0.2033
493	0.6314841406440734	0.5756000001525879	0.20114000001430513
494	0.6301681034660339	0.5776600001335144	0.20121999998092652
495	0.6314677742004394	0.5769600001144409	0.19884000002861024
496	0.6299633824157714	0.577099999885559	0.1999999999856949
497	0.630542438583374	0.5761600001907349	0.20052000003814696
498	0.631817271900177	0.574839999923706	0.20108
499	0.6285068910598754	0.5790800000572205	0.19980000004291534
500	0.6322122487449646	0.5751400001144409	0.19664000006198884
501	0.6307129300308227	0.5742400001144409	0.19984000000476837
502	0.6339424730873108	0.5734999998855591	0.1971200000524521
503	0.6311431674194335	0.5763400000190735	0.19942000001430513
504	0.6325896731185913	0.5760800000190734	0.19650000004768373
505	0.6308652052307129	0.577719999923706	0.19818000002384187
506	0.6316371703910828	0.5767799998855591	0.1966200000667572
507	0.6306417998123169	0.5758800001907348	0.19850000005722046
508	0.6321716674804687	0.5743400000953675	0.19640000001907348
509	0.6338048559570313	0.5749800002288818	0.19690000004291536
510	0.6331299293327332	0.5737399999809265	0.19366
511	0.6320526990318298	0.5763799999046326	0.19495999999523164
512	0.6322233580970764	0.5753199999427795	0.19497999997615814
513	0.6324787649536133	0.5777999999046326	0.19480000004768372
514	0.6324321776390076	0.5759200000190735	0.19462000002384186
515	0.6336336405181885	0.5741400002479553	0.19230000004768372
516	0.6337818251991272	0.5747400001144409	0.19508000005722045
517	0.632802581539154	0.576719999923706	0.19220000001430512
518	0.6337989169502258	0.5756200000572205	0.19296000000476837
519	0.6319666348838806	0.5749000000953675	0.19358000004291534
520	0.632601303653717	0.575540000038147	0.1905800000333786
521	0.63274361038208	0.5762599998855591	0.1937
522	0.6331263289833069	0.5758200000572204	0.19138000004291533
523	0.6342820919990539	0.5728599999427796	0.1913600000333786
524	0.6323259173965454	0.5744800002288818	0.19440000007152558
525	0.6328213578987122	0.5733000001144409	0.19477999998092652
526	0.6333807285499573	0.5724600001144409	0.19221999997615813
527	0.6344320604896545	0.5746400002479554	0.18984000001907347
528	0.6335293952369689	0.5752599999809265	0.1911800000524521
529	0.6333136970329285	0.5776999999046326	0.1904400000524521
530	0.6339319047737122	0.5729200002479553	0.19239999997615814
531	0.6355406649208069	0.5736199999427796	0.18974000000953675
532	0.6339844024848938	0.5716999998855591	0.19042000000476836
533	0.6348780230140686	0.5743800001335144	0.1882600000333786
534	0.6350109521865844	0.5745799999427795	0.18870000006198884
535	0.633502907371521	0.5757800001335144	0.1901600000667572
536	0.6342069236755371	0.5750400000953674	0.18793999997615815
537	0.634755736579895	0.5741999999427796	0.18849999997615816
538	0.6338420172500611	0.5732999999046325	0.18847999997615814
539	0.633074004497528	0.5758000002098084	0.18954000003814697
540	0.6347681446266175	0.5727199999427796	0.1878000000524521
541	0.636122908821106	0.5697000002098084	0.18898000004291535
542	0.6352047269439697	0.5723599999809265	0.1869600000333786
543	0.6357586757850647	0.5751200001525879	0.18549999999046327
544	0.6353833525657654	0.5707200001907349	0.18804000004291535
545	0.633193637714386	0.5764800001335144	0.18711999999046325
546	0.6343727722167969	0.5729000001335144	0.18680000005722047
547	0.6358808733940124	0.5736199999046325	0.18806000001430512
548	0.636219936580658	0.5737200001525878	0.1864199999809265
549	0.636944727153778	0.5723199999427795	0.18532000000953675
550	0.6349652559280395	0.5731200000572204	0.18476000000953674
551	0.6356073402786255	0.57376	0.18440000004291535
552	0.6354190125465393	0.5735400001525879	0.18594000003814698
553	0.636898279132843	0.5723399999427795	0.18454000002861023
554	0.6365540295410156	0.5722000000572205	0.18338000001907348
555	0.6358297303390503	0.5734200000190735	0.18488000004291535
556	0.6359559163475037	0.5735000002098084	0.18218000003814697
557	0.6370114827919007	0.5727000001144409	0.1827400000476837
558	0.6357255191612243	0.5709800001335144	0.1841800000333786
559	0.6359348876953125	0.5714000000190735	0.18467999999523163
560	0.6356744036102295	0.5734999999809265	0.18404000003337861
561	0.6366172852897644	0.5692200002288819	0.18213999997615815
562	0.6345623055839539	0.5731800001907349	0.18410000000476837
563	0.636539730167389	0.5702400001907348	0.1819600000667572
564	0.6385929830360413	0.5703000002479554	0.18148000005722045
565	0.6390602008056641	0.5675800001907348	0.18116000001430513
566	0.6363586995887757	0.5708799999809265	0.18375999997138978
567	0.6358925975608826	0.5735000000381469	0.1816399999809265
568	0.6360953775405884	0.5722	0.18247999999523162
569	0.6367253487968445	0.570300000038147	0.1808400000524521
570	0.6366270687484741	0.5701000001525879	0.1823200000333786
571	0.6370578210067749	0.5712200002288819	0.18194000002384186
572	0.637026445941925	0.5716000000381469	0.17894000000476837
573	0.6367668371200561	0.5703000001144409	0.18034000005722045
574	0.6378277959442139	0.5710600002098084	0.1794800000333786
575	0.6368993336677551	0.5707599998664856	0.18002000002384186
576	0.6372459569358826	0.5722400000762939	0.1790599999809265
577	0.6359253209495545	0.5718200000953675	0.1814999999809265
578	0.6371055495452881	0.5723600002670288	0.17862000000953673
579	0.6360419798851014	0.5743400001525879	0.18218000007152557
580	0.636064003124237	0.5715000002288818	0.18026000002384185
581	0.6367591577911377	0.5688000001335144	0.1818800000476837
582	0.6378856926727295	0.5700200001525879	0.17936000002861022
583	0.6376474974250793	0.5706399998855591	0.17944000002861024
584	0.637449792137146	0.5724000000572205	0.1778000000476837
585	0.6389295038986206	0.5705799998855591	0.17734000000953673
586	0.6366594611358642	0.5708200000572204	0.17710000000476836
587	0.6365621262741089	0.5723000000572205	0.17920000005722045
588	0.6377069664573669	0.5710800002098083	0.17787999997615814
589	0.6380917124366761	0.5699800000762939	0.17822000004291536
590	0.63757758644104	0.5680000002288819	0.17995999999046325
591	0.6384958836174012	0.568520000038147	0.17806000004768371
592	0.6392348666381836	0.5709600002288818	0.1771200000333786
593	0.6378008703422546	0.5709599999809265	0.17602000003814697
594	0.6386903980445862	0.5722	0.17426000002861022
595	0.6356765213775635	0.5722000002479554	0.1777600000333786
596	0.6378755695533752	0.5713000001907349	0.17657999998569487
597	0.6374745292854309	0.57154	0.17776000001430511
598	0.6366936072921753	0.5706599999046326	0.17789999997615813
599	0.6379234252166748	0.5703000002670288	0.17532000005245207
600	0.6390853677749634	0.5686999999809265	0.17472
601	0.6384286441040039	0.5718400001525878	0.1743799999856949
602	0.6377375865745545	0.5708800000953674	0.17466000006198884
603	0.6381938289642334	0.571499999923706	0.17436000001430513
604	0.6370441424942017	0.5725199999809265	0.17480000004291535
605	0.6361686988830566	0.5716399999427796	0.1769000000333786
606	0.6380615968894958	0.5717200001525878	0.17366000006198884
607	0.6406105751037597	0.5685399998664856	0.17363999999046326
608	0.6380755363655091	0.5690600002098084	0.17502000002384185
609	0.6389893562316894	0.5685000000381469	0.1731000000190735
610	0.6394549052429199	0.5705000001144409	0.17264000001907348
611	0.6376592112159729	0.5719800001716614	0.17277999997615814
612	0.6373322838020324	0.5689000002288819	0.17528000005722047
613	0.638996088104248	0.5710399999427795	0.17344
614	0.6401599049186707	0.5697199999809265	0.17243999998092652
615	0.6393126825523376	0.5708999998855591	0.17288000005722046
616	0.6376678706169129	0.573639999961853	0.17128000006198882
617	0.639235235671997	0.5689200000190735	0.17128000007152558
618	0.6390899030303955	0.5690800001907349	0.1738000000667572
619	0.638956130065918	0.5710800002479554	0.1711400000476837
620	0.6397235954856872	0.5699200002288818	0.17450000003814697
621	0.6382370210456848	0.5729600002098083	0.17300000000953675
622	0.6393575269889832	0.5688000001144409	0.17232000002384185
623	0.6389751550674438	0.568959999923706	0.1710400000190735
624	0.638630002155304	0.5715199999237061	0.17138000001430512
625	0.6388531499671936	0.5685399998664856	0.17022000006198884
626	0.6386760222816468	0.569999999885559	0.16973999997138978
627	0.6395122680091858	0.569120000114441	0.1708600000476837
628	0.6378643420028687	0.5687800000953674	0.17176000000476838
629	0.639137926120758	0.569219999885559	0.17088000005722045
630	0.6388719193267822	0.5687599999237061	0.17135999999523163
631	0.6383566524887085	0.5710800002098083	0.17002000000953674
632	0.6407283889198303	0.5671600002098084	0.17044000001430512
633	0.6397700257110596	0.5693200001525879	0.17090000002384187
634	0.6400276062965393	0.5691400001525879	0.16925999997615815
635	0.6388907262802124	0.569999999885559	0.17145999997615813
636	0.6380327986335754	0.570719999923706	0.17230000005245208
637	0.6381434934616089	0.570720000076294	0.1711400000333786
638	0.6402370209503174	0.571179999961853	0.1676800000667572
639	0.6373885701942443	0.5715400001335144	0.16906000001430513
640	0.6398338477325439	0.5688000001907348	0.16929999999523163
641	0.6391290109825134	0.5700600000953674	0.17029999998092651
642	0.6387200640869141	0.5693400001716614	0.16914000006198884
643	0.6404990857124329	0.5673	0.16881999998569489
644	0.6402417901039124	0.5693000002479554	0.16846
645	0.6399904738998413	0.5691399999427795	0.16863999999046325
646	0.6388783428192139	0.5703399999427795	0.16758000004768372
647	0.6395335742568969	0.5684200002098083	0.16752000000953673
648	0.6405203685569764	0.5693199999809265	0.16684000000953675
649	0.6403790004348755	0.571100000038147	0.16655999999046325
650	0.6378379756736755	0.570300000076294	0.16870000002384186
651	0.6389156184005738	0.5686000000381469	0.16893999998092651
652	0.6384905931663514	0.5690800001525879	0.16902000003814696
653	0.6399645470619202	0.5662800002479553	0.16860000000476838
654	0.6405042691421509	0.5677	0.16756
655	0.6401204096984864	0.5682000001144409	0.16720000002384186
656	0.6411745057868957	0.5675000002670288	0.16590000003814698
657	0.6388807767105102	0.56986	0.1682399999856949
658	0.6388220554161071	0.5707200002670288	0.16776000000953675
659	0.6404201334762574	0.5712999999237061	0.16460000002861022
660	0.6393376493263244	0.5682800002670289	0.16840000000953675
661	0.6386799962043762	0.5730600000190735	0.1674800000333786
662	0.6399397487640381	0.5699200001716613	0.1670799999809265
663	0.6401934718322754	0.5679200002098084	0.16738000003814696
664	0.6387938875579834	0.5694600001335144	0.16666000000476838
665	0.6391667149734497	0.5699400002098084	0.1674999999856949
666	0.6395337586402893	0.5703200002288819	0.16673999997615815
667	0.6400595823478699	0.5672399999427795	0.16488000003814698
668	0.6411060588264466	0.5697199999618531	0.16430000002861023
669	0.6386535889434815	0.5709800000190735	0.1647600000667572
670	0.6392988916397094	0.5702399999046326	0.16437999999523162
671	0.6391484053039551	0.570239999961853	0.16531999998569488
672	0.6398042741966248	0.569619999961853	0.16526000000953675
673	0.6381313510894775	0.5700800000762939	0.16720000007152558
674	0.639639248714447	0.5685600000190735	0.1654000000476837
675	0.6401405226325989	0.5685600000572204	0.16444000004291534
676	0.6399478016090393	0.5695400000190735	0.1655199999856949
677	0.6395905758857727	0.5698400001716614	0.16481999999046326
678	0.6389984938240051	0.5681200000953675	0.16495999997138977
679	0.6401861264991761	0.5700000000953674	0.16408000003814696
680	0.6399033775138855	0.5679000002670288	0.16344000003814696
681	0.6389575530815125	0.5704799998855591	0.16474000002861022
682	0.6393834922981262	0.5715000000572205	0.16225999999523164
683	0.6396206270980835	0.5694400000762939	0.16392000004291535
684	0.6385908115386962	0.5704600000572204	0.16448000000476837
685	0.6387251072120667	0.570299999961853	0.16337999998569488
686	0.6423347607803345	0.568780000114441	0.16358000004768372
687	0.6400659816741944	0.569920000076294	0.1620200000667572
688	0.6393210332870484	0.5720399999427795	0.16198000005722046
689	0.6401493587875366	0.5698800001907348	0.16278000002861023
690	0.639407244720459	0.5701000000190735	0.16234000005722046
691	0.6388503870391846	0.5690000002288819	0.16408000004291534
692	0.6397285854339599	0.5694999999046325	0.1633200000143051
693	0.6380069269371033	0.5705000000572205	0.16402000004768372
694	0.6401640120887756	0.5696800002098084	0.16464000002384185
695	0.6396247532272339	0.567759999885559	0.16390000003814698
696	0.6410499180603028	0.568840000076294	0.1616800000143051
697	0.6395207475090027	0.5679400001525879	0.16538000000953673
698	0.6387409814453126	0.5702400000953675	0.16325999998092652
699	0.640314614982605	0.568680000038147	0.16181999998569488
700	0.6398151006698608	0.5688800002288819	0.16280000000476838
701	0.6386952238464355	0.5686200001335144	0.1628000000333786
702	0.6411693158531189	0.568839999923706	0.16268000000476837
703	0.6398290284156799	0.57096	0.16254000005722047
704	0.6403920192718506	0.570919999923706	0.1615200000190735
705	0.6399735912322998	0.569759999885559	0.16288000002861022
706	0.6396967004203796	0.569139999961853	0.1623200000333786
707	0.639495980167389	0.5679399999046326	0.1619
708	0.6403711792564392	0.5710400001144409	0.16042000002384185
709	0.6407520722579956	0.5706000001525879	0.16171999999523162
710	0.6390620629882813	0.5709399999809265	0.1604999999856949
711	0.6391245309638977	0.5683600001525879	0.1610800000667572
712	0.6399386002731323	0.5691200000953675	0.16230000000476838
713	0.6400363409614563	0.5699399999809265	0.16121999997138978
714	0.6390322325706482	0.5705399999046326	0.16162000003814697
715	0.638496909942627	0.5710599998855591	0.16168000005722047
716	0.6404583202934265	0.5712799998855591	0.15988000002861022
717	0.6385918358230591	0.571480000076294	0.1607600000476837
718	0.6408701358985901	0.5710000001525879	0.15845999997138976
719	0.6394862759780884	0.57102	0.15864000004768372
720	0.6400324391365051	0.5712799998855591	0.16172000004768372
721	0.6404726424980164	0.5694199999809265	0.16056000004291535
722	0.6381826725769043	0.572	0.16193999999046327
723	0.6393715141868591	0.5708600002670288	0.1611800000667572
724	0.639018217086792	0.5694799998855591	0.16067999999046326
725	0.6401869538688659	0.5689600000190735	0.16072000002384185
726	0.6394593594932556	0.5717199999809265	0.15945999999523164
727	0.638811476612091	0.5696799999046326	0.16060000002384187
728	0.6377982849121093	0.5707400001144409	0.1617800000190735
729	0.6395122642707824	0.5690200002670288	0.16100000005722045
730	0.6403038221931457	0.5670400002479553	0.16073999998569488
731	0.6386685505104065	0.571400000038147	0.1584600000667572
732	0.638468294506073	0.5706200001144409	0.1604199999856949
733	0.6400549561691284	0.5689600000572205	0.15854000005245208
734	0.6389765477180481	0.5683200002288818	0.16099999999523162
735	0.6393741865539551	0.5681200001716614	0.1619400000143051
736	0.6397590332412719	0.5679800000953674	0.15848000001430512
737	0.6376136770439148	0.5724999999427796	0.16048
738	0.6408792235374451	0.56792	0.15904000001907348
739	0.6392648867034912	0.5684400001525879	0.16032000000953675
740	0.6393906834411621	0.5695599999809265	0.16034000006198884
741	0.6388666175079346	0.5729199998855591	0.15838000003814698
742	0.6399841757392883	0.5678799999046326	0.1585200000333786
743	0.6392974604797363	0.5705600002098083	0.1593800000667572
744	0.6397653265953064	0.5696999998664856	0.15846000003814698
745	0.6395842017745972	0.56928	0.15916000003576278
746	0.6391274547576904	0.5698199999618531	0.15767999998092652
747	0.6418229335403443	0.5659000002288819	0.15537999998569488
748	0.63930262342453	0.5714000000190735	0.15923999999046326
749	0.6409688907814026	0.5668600002479554	0.15893999999046327
750	0.6391792244911194	0.5681600000572204	0.1594999999856949
751	0.6380179222869873	0.57114	0.16074000000476837
752	0.640267323627472	0.5686000001335144	0.15788000002861022
753	0.6383338453102112	0.5706800000762939	0.1585800000333786
754	0.639213122329712	0.5699200001525879	0.15942000004291534
755	0.6394650852394104	0.5716799999237061	0.15690000001907348
756	0.6371696018600463	0.5740399999618531	0.15910000005722047
757	0.6405620619010925	0.5690799998855591	0.1568000000667572
758	0.6398905597877502	0.5689600000953674	0.1575400000476837
759	0.6385310208892823	0.569579999923706	0.15762000000476836
760	0.6391143841361999	0.5700600000381469	0.15878000006675722
761	0.640091095752716	0.5713200002479554	0.15638000000953675
762	0.6389339192581177	0.5704400000953674	0.1564600000667572
763	0.6402093938827514	0.5718600002098083	0.15648000006198884
764	0.6386132723999024	0.5699800001716614	0.15814000004291534
765	0.6380940900230407	0.5716	0.1582799999809265
766	0.6392497903442382	0.570240000038147	0.15860000000953675
767	0.638499088935852	0.5690199999809266	0.15804
768	0.639324536113739	0.5709400002288818	0.15644000000476838
769	0.6388296722412109	0.5694600002670288	0.1571999999809265
770	0.6395759589385986	0.5701599999427795	0.15778000000715256
771	0.6387686560249328	0.5699200001335144	0.15806000003814696
772	0.6382725547218323	0.5718600002479554	0.15691999999523162
773	0.6386281313705444	0.5705000001525878	0.15736000004768372
774	0.6388487347984314	0.5701200002479553	0.15750000004291534
775	0.6392535897254944	0.570880000114441	0.15502000006198882
776	0.6396833574676514	0.5702400002670288	0.15673999998092653
777	0.6394418639183045	0.5696600002479553	0.15779999997138977
778	0.6396594395637513	0.569579999923706	0.1553000000333786
779	0.6389019973564148	0.5717400002670288	0.15600000004768372
780	0.6381741406440735	0.5707	0.1560800000143051
781	0.6391282612419128	0.5703399999046326	0.15700000004291534
782	0.6393494989585876	0.5715799998855591	0.15638000002861022
783	0.6389794962310791	0.5693600001525879	0.15678000002384185
784	0.636662004623413	0.5731400001525879	0.15788000002384187
785	0.6379806631278991	0.5706000000572204	0.15756000004291534
786	0.639173131389618	0.5717200002479553	0.15556000001430512
787	0.6380552580833435	0.5716000001907349	0.15620000000953674
788	0.6399855209732056	0.5713800002479553	0.15478000002384185
789	0.6397061960411071	0.5693800000953674	0.15614000002622605
790	0.6382577920913697	0.5714800000190735	0.15644000004291533
791	0.637723438167572	0.569579999961853	0.15618000006198884
792	0.6382061588478088	0.5736000001335144	0.15560000002622604
793	0.6400310243225098	0.5733000002098083	0.1551000000667572
794	0.6384469890022277	0.5716000000381469	0.15542000005722045
795	0.6389840050125122	0.5717600000953674	0.15372000005722045
796	0.6373472919845581	0.5705399999427796	0.1564800000667572
797	0.6376522533035278	0.5724400000572205	0.1564800000309944
798	0.6387522039604187	0.5712599999046326	0.1540200000333786
799	0.6383594379425049	0.5711999999237061	0.15542000002384185
800	0.6374836790657044	0.571959999961853	0.15598000000476836
801	0.6384821864318848	0.5721600000572205	0.15455999997138978
802	0.6369390850257873	0.5732200000762939	0.15469999999046324
803	0.6378611674118042	0.5705200001525879	0.15415999997138977
804	0.6379966131401063	0.5691000001907348	0.15579999997138977
805	0.6379053584671021	0.5722	0.15406000000953674
806	0.6383886050224304	0.5728999999809266	0.15522000004291533
807	0.6372438432884217	0.572700000076294	0.15476000003337861
808	0.6384475530815125	0.5692600002098084	0.15493999999046326
809	0.6383745574760437	0.5680399998855591	0.15632000006198882
810	0.6381669038391113	0.5719399999618531	0.1522600000667572
811	0.6373296067237854	0.5701000000953674	0.15617999999046325
812	0.637197279472351	0.5729599998855591	0.15495999997615814
813	0.6377017385292053	0.5709000002098084	0.1536199999856949
814	0.6386398041915894	0.5690000000762939	0.15612000000238418
815	0.6387086731147766	0.569679999961853	0.15524000003814697
816	0.6367789134407044	0.57098	0.15650000000238418
817	0.63739139503479	0.5717399999046325	0.15560000002861024
818	0.6368993224143982	0.5725999999427795	0.15397999999523163
819	0.637883350982666	0.5711600001144409	0.15432000005245208
820	0.6365931873130798	0.5740599999046325	0.15522000004768371
821	0.6364104330444336	0.5742800000953674	0.15579999998569488
822	0.6384962428855896	0.5695800001144409	0.1535600000667572
823	0.6367432325553894	0.5714800002098084	0.15580000000953675
824	0.6377862104415893	0.5721400001716613	0.15382
825	0.6364140872764588	0.5725599998855591	0.15318000000476836
826	0.6369988867950439	0.571140000076294	0.15616000005722047
827	0.6377573001098633	0.57164	0.15504000004768373
828	0.6371303796958924	0.5718400000953674	0.15646000004291535
829	0.6369759232330322	0.5736000000381469	0.15381999999046325
830	0.6370546394157409	0.5713800001144409	0.15526000004291535
831	0.6377520071792603	0.5710400000953675	0.15376000000953674
832	0.637997115688324	0.5694400000572205	0.15590000002622603
833	0.6366377670669555	0.5703200001716614	0.15635999997138977
834	0.6368203647422791	0.5715600001525879	0.15465999997615815
835	0.6364315545654297	0.5726599999427795	0.1549800000333786
836	0.6349259887886047	0.5741000002670288	0.1558400000667572
837	0.6378226827049256	0.5717400000572205	0.15417999997615814
838	0.6374748470687867	0.572740000038147	0.15135999999523164
839	0.6362793657684326	0.5725199999427796	0.1550800000667572
840	0.6362148491477966	0.5723400002670288	0.15530000002622604
841	0.6369503184509278	0.571399999923706	0.15484000006198884
842	0.6375002056121826	0.5695400000953674	0.15516000003576277
843	0.6383709687042236	0.5716200002098083	0.15300000003814698
844	0.6375418491172791	0.5725400000953674	0.15262000003814696
845	0.6365554870414734	0.5747200001144409	0.15379999999046326
846	0.6372195006942749	0.5746999999809265	0.1539200000667572
847	0.6360499136543274	0.5752600000953675	0.15430000000953675
848	0.6381582163238525	0.5727600001716614	0.1515200000667572
849	0.6370754995727539	0.5728800000190735	0.15392000006198883
850	0.6377720096588134	0.5696200001907349	0.15222000005722047
851	0.6363098459243774	0.5723400001716614	0.1543200000333786
852	0.6355424131393432	0.5736799999046326	0.15330000003814698
853	0.6372193095397949	0.5726800000762939	0.15224000001907348
854	0.6373260047340393	0.5725800002479553	0.1522800000143051
855	0.636135990562439	0.572619999961853	0.15304000002622603
856	0.6353277492713928	0.575339999961853	0.15149999999046326
857	0.6355878162765503	0.5725600001525879	0.15247999999523162
858	0.635873325881958	0.574059999923706	0.15268000000476836
859	0.6356656877708435	0.5729799999046326	0.15329999999523164
860	0.635677990989685	0.573280000076294	0.1521400000143051
861	0.6349060005378723	0.5732400001716613	0.15494000003814698
862	0.635637603187561	0.5710400000381469	0.15438000002861024
863	0.6370182790756226	0.5735400002670288	0.1522400000333786
864	0.6353404991340638	0.5743199999046326	0.15338000000953675
865	0.6372992582321167	0.5713400002288819	0.1531400000190735
866	0.6360818385505677	0.5731800000953674	0.15410000000953675
867	0.6352506083106995	0.5716800000190735	0.15529999999523164
868	0.6355088325691223	0.575199999961853	0.1532000000524521
869	0.6364864443397522	0.5741800002098083	0.15176000002384185
870	0.6362112144851685	0.5732200002670288	0.15132000005245208
871	0.6346660167694091	0.5740800000953674	0.1531999999856949
872	0.6354849098396301	0.5739000000762939	0.1516400000190735
873	0.6349154065704345	0.572980000038147	0.15327999999523162
874	0.6360974091529846	0.5743000000572205	0.15388000005722047
875	0.6352984476661682	0.5722600000572204	0.15321999999046326
876	0.6371358053779602	0.5719799999427796	0.15312
877	0.6357975174331665	0.5734200001335144	0.15367999999046325
878	0.6349955662536622	0.5728600000762939	0.15296000006198884
879	0.635703692817688	0.5744000001144409	0.15259999998092652
880	0.6354255882644654	0.5746000000381469	0.15155999997138977
881	0.6342633851242065	0.5741999999427796	0.15269999999046327
882	0.635684238986969	0.5731400001716613	0.15292000002622605
883	0.6348267073631286	0.5726399999427796	0.1533800000023842
884	0.6346793066024781	0.5752800000953674	0.15278000005722045
885	0.6341697505187989	0.57642	0.1531600000476837
886	0.6373823721122742	0.5731400000190735	0.15270000000238418
887	0.6367585039901733	0.5739000001907348	0.15283999999046324
888	0.6342922987174988	0.5745600002288819	0.15339999999046325
889	0.6364670099830627	0.572419999885559	0.15257999999046326
890	0.6358037722396851	0.5752200001525879	0.1499600000023842
891	0.6340330885887147	0.573019999923706	0.1531399999809265
892	0.6351974863243103	0.5737000000572204	0.1508400000190735
893	0.6347990355491638	0.5753800002670288	0.15179999998569488
894	0.634993829574585	0.5755599998855591	0.15322000002861022
895	0.6363215706634522	0.572919999961853	0.15083999997138978
896	0.6351547135353088	0.5737000002670288	0.15228000000953673
897	0.6351145872116088	0.5739400001335144	0.15392000001430511
898	0.6347153309440613	0.5733000000572205	0.1529000000667572
899	0.6339951621627807	0.5763799998664856	0.15228000002622605
900	0.6335709211921692	0.5754200002479554	0.1509000000333786
901	0.6346208452224732	0.5743400001716614	0.15268000004768373
902	0.633695034866333	0.5752000000953674	0.15164000002861022
903	0.6327875181388855	0.5763400001907348	0.1519000000333786
904	0.6338030992507935	0.5753	0.1524400000143051
905	0.6352036065864562	0.5749400001716614	0.15046000003814697
906	0.634248239364624	0.5721000001335144	0.1521600000023842
907	0.6342814638710021	0.5752999999427796	0.15140000006198884
908	0.6358662195777893	0.5743800000381469	0.15139999997615813
909	0.6346341802215576	0.5763199999046326	0.1503800000667572
910	0.6344775766181946	0.5755800000190735	0.15008000002384186
911	0.6328269023132325	0.5766999999427795	0.15306000005722045
912	0.6332488053894043	0.577320000038147	0.15182000000953674
913	0.6339590371704101	0.5753399999809266	0.15168000000476836
914	0.6342511058807373	0.5735200001716614	0.15374000004291535
915	0.6327501934814453	0.5778599999237061	0.15146000000953674
916	0.6354673342132569	0.5751599999618531	0.14947999997138978
917	0.6328811867332459	0.5757199999427796	0.15365999999046326
918	0.6342071507263184	0.574619999923706	0.15288000000953675
919	0.6335007771682739	0.5756200002479553	0.1493600000333786
920	0.6338174890518189	0.5767799998855591	0.15022000002861022
921	0.6314069033432007	0.5784800001907349	0.15367999999523163
922	0.6338106380462647	0.5765600000572204	0.15148000006198883
923	0.6334841113662719	0.574220000114441	0.1510000000023842
924	0.6347640166282654	0.5754599999046326	0.1516400000333786
925	0.6325428848075867	0.5782000001716614	0.15296000001907348
926	0.6338225400924683	0.5766799998855591	0.15154000005245208
927	0.633181946811676	0.5746599999427795	0.15193999997615815
928	0.6341079401779175	0.573379999923706	0.15246000006198884
929	0.6319136842727661	0.5770200001716613	0.15064000004291533
930	0.6319417238616943	0.5772600001716613	0.15156000000953673
931	0.6330924272918701	0.57568	0.14994000000476837
932	0.6320326346588134	0.5789200001335144	0.15096000002622603
933	0.6319563855171204	0.5763400000572204	0.1514600000023842
934	0.6334977106666565	0.5756199999046325	0.15235999999523162
935	0.6303139088630676	0.5786800001525879	0.15209999999046325
936	0.632534349193573	0.5763399999237061	0.15138000000953675
937	0.6314700146484375	0.5758599998664856	0.1519
938	0.6318801740455627	0.5768200001907349	0.15227999999046327
939	0.6323756209373474	0.5747799999237061	0.1513000000143051
940	0.6327049715995788	0.5767999999809265	0.15037999998092652
941	0.6318611357688904	0.5773400001716614	0.14978000003814698
942	0.6323497998046875	0.5753400002098084	0.15329999998569488
943	0.6318055137252807	0.5770599998855591	0.15298000002384185
944	0.6332304616165161	0.5739400002098084	0.15308
945	0.632108791217804	0.5759200000190735	0.1518600000476837
946	0.6315417382049561	0.5763400000190735	0.15264000002384187
947	0.6318256768989563	0.5778400000190735	0.15062000001430512
948	0.6333010557174683	0.5752000001335144	0.15072
949	0.6323610327339172	0.5773599999427795	0.15239999999523163
950	0.6313737966156006	0.5780800000190734	0.15068000002861023
951	0.6314577516365051	0.5790999999237061	0.1500600000190735
952	0.6302040235328674	0.5790399999809265	0.15360000005245208
953	0.6308711890983582	0.5775399999809265	0.15220000000238418
954	0.6330590564155578	0.577340000038147	0.1509
955	0.6305998401641846	0.5794399999046326	0.15273999997138976
956	0.6316956272888183	0.576880000114441	0.1528800000667572
957	0.6302564742088318	0.5794800000190735	0.15058000000953675
958	0.6297747649002076	0.5803800000381469	0.15072
959	0.6307047761154175	0.5782600001144409	0.15206000000476838
960	0.6316805254554748	0.5772600002098084	0.15072000000953675
961	0.6297327977180481	0.5811400000381469	0.1533000000667572
962	0.6305170101928711	0.5797799999237061	0.1505000000143051
963	0.6306309476852417	0.5779399999809265	0.15227999997138977
964	0.6322306689453125	0.5757599999237061	0.1522400000476837
965	0.6305212512779236	0.5771399999427795	0.15376
966	0.6304576886749268	0.5781399999046326	0.15285999999523162
967	0.630287518825531	0.5787999999809265	0.15198000006198883
968	0.6310539550971985	0.5780800002670288	0.1526600000667572
969	0.6315191314888	0.5786799999427795	0.15035999998569488
970	0.6319474300384521	0.5759800001907348	0.1485400000333786
971	0.6303763975524902	0.5778800001716614	0.15164000005722045
972	0.6292330449676514	0.5808800000762939	0.1517599999809265
973	0.6294619709205628	0.5786600000572205	0.15090000000953674
974	0.6303186840248108	0.5791800002288818	0.15270000004768372
975	0.6303987031555176	0.5776200002479553	0.1533400000190735
976	0.6294902108383179	0.5791600000572205	0.15208000005722047
977	0.6309665358924865	0.5767400002479554	0.1511000000333786
978	0.6313032621383667	0.5767400000762939	0.1507400000667572
979	0.6307905197143555	0.5777599999237061	0.1510200000667572
980	0.6297234168243409	0.5789999999046326	0.15282000003814697
981	0.6286306356620789	0.5805599999427795	0.15200000004291533
982	0.6308461087989807	0.5776800001525879	0.15186000006198883
983	0.6301664927101135	0.5776799999427795	0.15317999999046325
984	0.6281217483711242	0.581099999885559	0.15244000004291536
985	0.6282355419540405	0.5784400001525879	0.15452000004291536
986	0.6290393202209472	0.578200000114441	0.15165999999523164
987	0.6289017657852173	0.5774200001525879	0.1531000000333786
988	0.631087373790741	0.5757800001716614	0.15261999999523163
989	0.6299831864738464	0.5790200002670288	0.15044000003814698
990	0.62885014295578	0.5779000001525879	0.15281999999523163
991	0.6315474376678467	0.5776	0.1493400000143051
992	0.6292602382850647	0.5799600001716614	0.15080000006198882
993	0.6284634993743896	0.5795800001525879	0.1520000000143051
994	0.630692466430664	0.5772399999427795	0.15166
995	0.6287327011680603	0.579799999961853	0.15235999999046326
996	0.6280816443443298	0.5810800001716614	0.15124000003814697
997	0.6304040500450134	0.578580000076294	0.14990000002384185
998	0.6279642866516113	0.579239999961853	0.15394000006198882
999	0.6291725757598877	0.5786400000190735	0.15311999997138978
1000	0.6288289367485046	0.5798600002479554	0.15294000004291533
1001	0.6282409663391113	0.5811400001144409	0.15127999999046327
1002	0.6281924199676514	0.5790200002098084	0.15203999999046325
1003	0.629109875946045	0.5806400002479554	0.15052000005245209
1004	0.6284441631889344	0.578619999923706	0.15186000005722045
1005	0.6279414843177795	0.5806199999427796	0.15206000004768372
1006	0.6285924555587769	0.5807999999809265	0.15098000004768372
1007	0.628209593410492	0.5803799999809265	0.15280000004291536
1008	0.627797688407898	0.5802600001907349	0.1539600000476837
1009	0.627462137928009	0.5810800002098083	0.1530000000667572
1010	0.6290931816482543	0.5789399999618531	0.15076000000953674
1011	0.6281684817123413	0.5806200001907349	0.15312000004291534
1012	0.6282547476577759	0.579279999961853	0.15133999999523162
1013	0.6275950052833558	0.5803399999046326	0.15396000006198884
1014	0.627164363708496	0.5796800002670288	0.15270000004291534
1015	0.6274558333396911	0.5815600002670288	0.15210000006198884
1016	0.6286016409683227	0.5806400000572205	0.15038000002384186
1017	0.6273412967300415	0.5819600002670288	0.15149999999046326
1018	0.627835735244751	0.5787800002479553	0.15280000003814698
1019	0.6270268201637268	0.5831400001144409	0.15198000004291534
1020	0.6251281943893433	0.5815	0.15387999999523164
1021	0.6276715797233582	0.578419999961853	0.15362000000476836
1022	0.6270085431098938	0.5797600001335144	0.15266000000476837
1023	0.626840858039856	0.582079999961853	0.15248000004291534
1024	0.6280165652275086	0.5807600001716614	0.15356000000953673
1025	0.6270505080604554	0.5820600002670288	0.15348000004291534
1026	0.6278251992416382	0.5796799998855591	0.15318
1027	0.6275096281814575	0.581019999961853	0.15110000003814697
1028	0.6263848539733887	0.5807600001716614	0.15526000003814697
1029	0.6265265941429138	0.5807000000190735	0.15340000002861023
1030	0.6268297522163391	0.5828200001525878	0.15420000002861023
1031	0.62710969165802	0.5816399999427796	0.15138000002861024
1032	0.6250490761756897	0.5822600000190735	0.1522600000190735
1033	0.6246906062507629	0.5813400000953675	0.15416000003814698
1034	0.6265075699043274	0.5798600002670288	0.15351999997138976
1035	0.6272880548858643	0.5809400001144409	0.1505200000476837
1036	0.6253580097579956	0.5824	0.15270000000476838
1037	0.6263275233268738	0.58074	0.15266000002622604
1038	0.6236220666122436	0.5825800001335144	0.15449999999046327
1039	0.6255193226051331	0.581459999961853	0.15326000000953674
1040	0.625251254119873	0.5800599999427796	0.15330000000953675
1041	0.6271301929855346	0.5798800000190735	0.15363999999046327
1042	0.6254003265571594	0.5821600002479553	0.1533000000667572
1043	0.6268799921417236	0.58212	0.15299999999523162
1044	0.6251397842407227	0.5815400001716614	0.15198000004291534
1045	0.6254469843101501	0.5812600002670288	0.15126000004768372
1046	0.6263253439903259	0.5810400001144409	0.15246000004291535
1047	0.6254086422729492	0.5800600000572205	0.15268000002861024
1048	0.6249630557632446	0.5804600002670288	0.15335999999523162
1049	0.6258064936065674	0.5827800001144409	0.15332000001907348
1050	0.6263383597755432	0.5824200002479554	0.15414000002384184
1051	0.6257293786430359	0.5832400002670288	0.15138000004291535
1052	0.6254397408103943	0.582679999923706	0.15254000002622603
1053	0.6254998295974732	0.5824000001144409	0.15476000000953674
1054	0.6246445548629761	0.5815999999809265	0.1538600000190735
1055	0.6251130221366882	0.5828800000762939	0.15320000004291534
1056	0.6246378423309327	0.5803799999618531	0.15322000003814698
1057	0.6244964765167237	0.5827400001144409	0.15288000002861024
1058	0.6235348057937622	0.5817199999427796	0.15480000002861022
1059	0.6258287331199646	0.582499999923706	0.15257999998569488
1060	0.6246686444664001	0.58204	0.15234000001430512
1061	0.62400342918396	0.583419999885559	0.15328000002622605
1062	0.6233370016098022	0.5811600001144409	0.15554000003814697
1063	0.6243383104896545	0.582239999923706	0.15304000002384185
1064	0.6232378576850891	0.5819200002288818	0.1538000000143051
1065	0.6231551969146728	0.5838000001144409	0.1519400000667572
1066	0.6254581582260131	0.5808600002288818	0.15411999997138978
1067	0.6251774473762512	0.5806000000381469	0.1525200000023842
1068	0.6228220544815063	0.5824800001907349	0.15309999999046325
1069	0.6224091399383544	0.5828800000190735	0.1537199999809265
1070	0.6228342539215088	0.5841000002670288	0.1547799999856949
1071	0.6246355825614929	0.5825600001716614	0.15390000003337861
1072	0.623853331489563	0.5819799999046326	0.15387999998569488
1073	0.6216873443794251	0.5835600002479553	0.15490000004768373
1074	0.6238845127296447	0.5826800002288819	0.15363999997615815
1075	0.6248693978309632	0.5831199999427795	0.1529400000143051
1076	0.6243672381019593	0.5823800000953674	0.15293999999523164
1077	0.6230143752098084	0.5841000001907348	0.15402000005722047
1078	0.622445441532135	0.5826399999237061	0.1555400000667572
1079	0.6234728784942627	0.582839999923706	0.15622000000953673
1080	0.6235795694160462	0.5836799999809266	0.15488000002622604
1081	0.6224389193153381	0.5832200001335144	0.1553200000476837
1082	0.6225867387008667	0.584220000038147	0.1540800000524521
1083	0.6225378936767578	0.5839400002098083	0.15412000004768373
1084	0.6215040399932862	0.58568	0.15420000005245207
1085	0.6229500347900391	0.582680000038147	0.15426000000953674
1086	0.6243020136260986	0.5823999999237061	0.15313999998569489
1087	0.6225073286628723	0.5858600000953674	0.1528000000667572
1088	0.6227762330055236	0.584519999961853	0.15381999997615814
1089	0.6211088011550904	0.5850600001525879	0.1549400000667572
1090	0.621506639213562	0.5857800000190735	0.15530000006198882
1091	0.6225824781036376	0.5835800001144409	0.1536800000333786
1092	0.6212526803207398	0.5853200000953674	0.15454000004768373
1093	0.621616167087555	0.5842199999046326	0.1540200000476837
1094	0.621254322090149	0.586759999961853	0.15390000003814697
1095	0.6232568131256103	0.5817800001335144	0.15430000000476837
1096	0.6225748530769348	0.5832400002670288	0.15375999997138978
1097	0.6222366202545166	0.5824400002288819	0.1540200000143051
1098	0.6225631023025513	0.581899999961853	0.15495999999046325
1099	0.6212842966270447	0.5853400000953675	0.15470000006198883
1100	0.6205147304725647	0.5847200002098083	0.15674000000476837
1101	0.6214546239852905	0.5867999999809265	0.15332000005722046
1102	0.6216197722625733	0.58508	0.15435999998569488
1103	0.622072785949707	0.5841399999809265	0.15524000006198882
1104	0.6216209306526184	0.5854000000190734	0.1536600000023842
1105	0.6232376362419129	0.582840000076294	0.15432000002861024
1106	0.6210827883338929	0.5844200002670288	0.1526
1107	0.6215788625717164	0.5837000001335144	0.1560599999809265
1108	0.6214911704635621	0.583760000114441	0.15506000002384185
1109	0.6191537552833557	0.5837000000190735	0.15606000006675722
1110	0.6203250515174866	0.5835800001335144	0.15623999999046326
1111	0.6215887746429444	0.5848000002098084	0.1551000000667572
1112	0.6208707782363891	0.5841799999237061	0.15587999997138977
1113	0.6208681066322327	0.5849399999046325	0.15324000006198882
1114	0.6207464426994324	0.5840200002288818	0.15580000003814698
1115	0.6217896299362182	0.583759999885559	0.15617999999046325
1116	0.62069628200531	0.5875799999046326	0.15266000004291536
1117	0.6204126343917846	0.5860200001525879	0.15542000003814696
1118	0.6211285635757446	0.5849000000953675	0.15546000006198882
1119	0.6206795405387878	0.584260000076294	0.15500000006198883
1120	0.6215816687774658	0.5825800000190735	0.15470000004291534
1121	0.6205807971572876	0.5861199999046326	0.15583999999046325
1122	0.6210783861732483	0.5851799999237061	0.15536000003814698
1123	0.6203847952079773	0.5822200000953675	0.15614000000953673
1124	0.6208507823753356	0.5835600002670288	0.15622000003814698
1125	0.6200032616615295	0.584839999923706	0.15416
1126	0.6202085056114197	0.5849200002098084	0.15688000004291536
1127	0.6208027972412109	0.5849399999427796	0.15648000002861023
1128	0.6200920251274109	0.5868200000190735	0.15394000000476837
1129	0.6201149133682251	0.5857800001716614	0.15522000000953673
1130	0.6206234355354309	0.5854400000572204	0.15458000003099442
1131	0.6193781427955627	0.5860800000572205	0.15372000002861022
1132	0.6198895296287537	0.5863200000762939	0.15526000004291535
1133	0.6197832474899292	0.5870799999809265	0.15449999999523162
1134	0.6196398745346069	0.5839600001907349	0.15770000000953674
1135	0.6194667924690247	0.5857199999809265	0.1553600000190735
1136	0.6189874071884155	0.5842800001335144	0.15611999999046325
1137	0.6171364106941223	0.5870400002479553	0.15627999999523162
1138	0.6197007090187073	0.5847400002479554	0.1537799999856949
1139	0.6196372005653381	0.5858200001335144	0.15629999999046326
1140	0.619832341079712	0.5861200000953675	0.1539400000667572
1141	0.6187264083480835	0.5857400001525879	0.15676000000953674
1142	0.6205645100975037	0.5845800001144409	0.15404000002384186
1143	0.6188526083374023	0.586139999923706	0.1549
1144	0.6200712575912476	0.5861999999046326	0.15532000001430513
1145	0.6188589754867554	0.5858800001335144	0.15591999997615813
1146	0.6194832914352417	0.5857200000572205	0.15620000001430512
1147	0.6197965504837036	0.585979999961853	0.1568200000667572
1148	0.6204757032775879	0.5840999999046326	0.15280000003814698
1149	0.6187134977340698	0.586679999961853	0.1571600000143051
1150	0.6188165852737427	0.5875599999046326	0.15717999997138976
1151	0.6177833525276184	0.5877599999237061	0.15605999997615813
1152	0.6183932231330872	0.5842000001716614	0.15735999999523162
1153	0.619328294467926	0.5850200002288818	0.15571999997615815
1154	0.6173367841339111	0.5845200002670288	0.1562400000143051
1155	0.6193086819648743	0.5857000000381469	0.15548000005722046
1156	0.6179441946411133	0.5870599999427796	0.15696
1157	0.6187771962356567	0.5866999998855591	0.15790000004291535
1158	0.6186697670173645	0.5860399998855591	0.15665999998569488
1159	0.6176495209312439	0.5884000001144409	0.15586000004291534
1160	0.6177485235977173	0.5856999999618531	0.15781999999046326
1161	0.617855745677948	0.5867800001716614	0.15760000002861024
1162	0.6177993522834778	0.5876800002670288	0.1566600000143051
1163	0.6187712027931214	0.5857800000953675	0.15630000006198883
1164	0.6172927527236939	0.5873200000953674	0.15628000006198883
1165	0.618757612285614	0.5860800000762939	0.15520000004291534
1166	0.617610689792633	0.5887000001144409	0.1568200000667572
1167	0.6176598592185975	0.586159999923706	0.1572000000667572
1168	0.6177856715202331	0.5874199999809265	0.15649999999046327
1169	0.6184475494003296	0.5862799998855591	0.1548600000333786
1170	0.617631742477417	0.5868800001525879	0.1584400000333786
1171	0.6182874908828735	0.5853400001144409	0.15670000002861023
1172	0.6164206531143188	0.5867200002670289	0.15728000004768372
1173	0.6165454256248474	0.5879200002098084	0.15772000005722045
1174	0.6180762584114075	0.5858400001525879	0.15639999998092652
1175	0.6183136337280274	0.587339999961853	0.15514000000953673
1176	0.6166536453437805	0.5877000001716614	0.1590200000190735
1177	0.6185729962539673	0.5845799999809265	0.1563600000524521
1178	0.6180020801734925	0.5854200000572205	0.15484000000715256
1179	0.6173531588554382	0.586120000076294	0.15740000001907348
1180	0.6171502708816529	0.5878600002479554	0.15706000003814696
1181	0.6163657218170167	0.5874400000953675	0.15638000003814698
1182	0.6173814998054504	0.5871800001716614	0.15618000001430513
1183	0.6153670978546143	0.5873600001144409	0.15938000006198882
1184	0.6173646992874146	0.5874400002288819	0.15702000002861022
1185	0.6181820989990234	0.584199999885559	0.1566000000333786
1186	0.6189406744384766	0.58424	0.15577999999523162
1187	0.6163531880378723	0.5864800001716614	0.15614000002384185
1188	0.617695038356781	0.5848200001907349	0.15715999997615815
1189	0.6177839720726013	0.5853000000190735	0.1582600000476837
1190	0.617366544971466	0.5848200001716614	0.15533999997138978
1191	0.6151436319351197	0.587260000076294	0.15831999998569488
1192	0.6171271647071839	0.5878400002479554	0.15705999999523163
1193	0.6184686686515808	0.5857600000953674	0.1577999999809265
1194	0.6163568161964417	0.5864800002288818	0.1576200000667572
1195	0.6161252895355225	0.5855600000953675	0.15749999999046327
1196	0.6168723895645142	0.5871800001144409	0.1583600000190735
1197	0.6162405737304687	0.5869199999809265	0.15737999999046326
1198	0.6177058943176269	0.5864999999046325	0.15488000002622604
1199	0.6155554573440551	0.5873000000190735	0.15844000002622605
1200	0.6177068913650513	0.5878	0.1549199999856949
1201	0.6166092358207703	0.5872000000190735	0.15676000001430512
1202	0.6160711433029175	0.5876200001907349	0.15762000000715257
1203	0.616471565876007	0.5875600001335144	0.15684000006198884
1204	0.6168782755851746	0.5865999999618531	0.15819999998092651
1205	0.6172193592071533	0.5862800001144409	0.15776000005245208
1206	0.6163254800605774	0.5879000002098084	0.1578599999856949
1207	0.6158427663803101	0.588320000038147	0.15814000002861023
1208	0.616980194683075	0.5872400000953675	0.1561800000476837
1209	0.6160127883720398	0.5897200000953674	0.15652000004291533
1210	0.6151675004959106	0.5892600002288818	0.15563999999046327
1211	0.6158802150726318	0.5882400001525879	0.15710000004291536
1212	0.6176652274513245	0.5851800001525879	0.1566600000333786
1213	0.6153249087333679	0.58732	0.15944000000953673
1214	0.6162212073326111	0.5861200001716613	0.15760000001907348
1215	0.6153512768173218	0.586620000038147	0.15814000002622605
1216	0.615017407913208	0.5876200001907349	0.1578200000476837
1217	0.6162302861976624	0.5868400000572205	0.15786000006198883
1218	0.6165196785736085	0.5868399998855591	0.15640000000953674
1219	0.6154143142509461	0.587819999923706	0.15852000003814698
1220	0.616581999282837	0.5882200000572204	0.1563000000143051
1221	0.6161504884338379	0.58808	0.15663999999523162
1222	0.6170294923210144	0.5870400001525878	0.15444000006198882
1223	0.6151935096931458	0.5891200002479553	0.15629999997138977
1224	0.6164185890197754	0.5843600000572204	0.1580600000190735
1225	0.6150512902069092	0.5876800002670288	0.15936000003814696
1226	0.6157167418289184	0.5868800001525879	0.15869999999046325
1227	0.6173049350357056	0.5856799999809266	0.15568000000476837
1228	0.6164104360771179	0.587059999961853	0.15704000005722046
1229	0.615787156238556	0.5885399999809265	0.15786000003814699
1230	0.6160538319587707	0.5868400000190734	0.15776000004291535
1231	0.6166938941574097	0.5875600002670288	0.1561400000190735
1232	0.6162192498970032	0.5863399998855591	0.15909999998569488
1233	0.6151992333221435	0.589300000114441	0.15753999997138976
1234	0.6143777173042297	0.58872	0.15947999999046325
1235	0.6147193520736695	0.5890399999809265	0.15740000001430512
1236	0.6163309348678588	0.5870399999046325	0.15867999998569488
1237	0.614671324710846	0.5879200002098084	0.1585599999809265
1238	0.616232273902893	0.5881199999809266	0.15772000000476838
1239	0.6168504272079468	0.5866200001716614	0.15794000003814698
1240	0.6147362428855896	0.5889400001525879	0.15733999998092651
1241	0.614399937133789	0.5882600000381469	0.16001999997138977
1242	0.6162350991249085	0.586559999961853	0.15730000003814698
1243	0.614845036945343	0.5870600002479553	0.1580800000190735
1244	0.6170329165649414	0.5830800000190735	0.15520000003814696
1245	0.6170460498809814	0.5881200002479553	0.1559200000190735
1246	0.6146723302459717	0.5896199999237061	0.15712000001430512
1247	0.6161408355331421	0.5860600001525879	0.15672000002861022
1248	0.6153207657432556	0.5860000000953675	0.15790000005245208
1249	0.6160559649658203	0.5856200000572205	0.15979999999046327
1250	0.6172530303382874	0.5887599999046326	0.15322000000476838
1251	0.6177533457946778	0.5884200001525879	0.15275999998092651
1252	0.6183584964370727	0.5863799999427796	0.15173999999523163
1253	0.6173358745384216	0.5898199999809265	0.15398000004768372
1254	0.6174300451278687	0.5881400002670288	0.1541999999856949
1255	0.616183031539917	0.5893400001907348	0.15420000002384185
1256	0.6169154231262207	0.5874400002670288	0.15326000001430512
1257	0.6179409140396118	0.5887000002670288	0.15174000000953675
1258	0.616946555480957	0.5871400000381469	0.15508000006198883
1259	0.6166043298339844	0.5889199999809265	0.15414000002384184
1260	0.6181226056671143	0.5878400000953674	0.15200000000953676
1261	0.6192093683052063	0.5866600000572204	0.15507999997138977
1262	0.6180187496566772	0.5858400000190734	0.15288000001430513
1263	0.6192160294532776	0.5866200001525879	0.15271999998569488
1264	0.6175405836105347	0.5888599999046326	0.15244000002861022
1265	0.6182952315330505	0.58774	0.15215999999523164
1266	0.6179830712509156	0.5858800000190735	0.1557600000667572
1267	0.6163583041000367	0.5864999998855591	0.15492000002384185
1268	0.617439988193512	0.5867600000953674	0.15273999999046325
1269	0.6177178698158264	0.5871800000762939	0.15492000002861023
1270	0.6167998536872864	0.5878600001716614	0.15450000000238417
1271	0.6170692935180664	0.589679999923706	0.1533600000190735
1272	0.617536176071167	0.5869999999809266	0.15570000006675722
1273	0.617076409072876	0.5876199999237061	0.15400000003814698
1274	0.6158487378883362	0.5863000002479554	0.1566999999856949
1275	0.6164137772941589	0.5881600002670289	0.15406000003814696
1276	0.6174474496650696	0.5865800001144409	0.15390000001907347
1277	0.6173400515174866	0.5860200001335144	0.15412000002861023
1278	0.6187934676551818	0.5865599999237061	0.1536800000333786
1279	0.6172632872200012	0.5867600000190735	0.15440000001907347
1280	0.617339732875824	0.586620000038147	0.15372
1281	0.6182697529983521	0.5891799998855591	0.1544800000333786
1282	0.6167061765861511	0.5868000002479553	0.15462000002861023
1283	0.6176083498954773	0.5895800000572204	0.1533800000023842
1284	0.6169413157844543	0.5883600000953675	0.1524200000143051
1285	0.6168055765724182	0.5880800001716614	0.15588000006198882
1286	0.6178340663909913	0.587099999961853	0.15443999999523164
1287	0.6174311848831177	0.5876000001716614	0.15520000001430512
1288	0.6163966847038269	0.5871000002670288	0.15591999999046327
1289	0.6191122747611999	0.5883399999427795	0.1532200000190735
1290	0.6167073054885864	0.587060000038147	0.15434000005722046
1291	0.6163410688018799	0.5884600002670288	0.15729999999046326
1292	0.6166683911514282	0.5882600000572205	0.15587999998569488
1293	0.6171066743469238	0.5873800002098083	0.15416000006198882
1294	0.6183308307647705	0.5865600000953675	0.1538800000143051
1295	0.6167467557144165	0.5872199999046326	0.15558000004291533
1296	0.6170625524520874	0.5890199999618531	0.15540000005722046
1297	0.6166310781669617	0.5889800001907348	0.15578000002384185
1298	0.6176697500419617	0.5879600001525879	0.1552000000190735
1299	0.6171774537086486	0.5885400001907348	0.1558999999856949
