epoch	loss	acc	certified
0	1.0821583512115478	0.18545999997138976	0.08776000000238418
1	0.9711496592903137	0.2869000001049042	0.16256
2	0.9044009991073608	0.32699999995231627	0.23264000000953675
3	0.8670670231056213	0.3477400001335144	0.2702800000095367
4	0.847080645942688	0.36130000009536745	0.2913399999809265
5	0.8339047836112976	0.37155999998092654	0.29852
6	0.8188689610290527	0.3836800001144409	0.3093599999523163
7	0.8079020056724548	0.39038000002861023	0.32000000002861023
8	0.7979748954391479	0.39950000010490416	0.32703999999046324
9	0.7916614399719238	0.40468000004768373	0.33118000011444093
10	0.782966340007782	0.4112000000190735	0.33717999997138975
11	0.7698926863861084	0.42988000014305117	0.33977999996185304
12	0.753563988571167	0.44660000000953676	0.3525000000476837
13	0.744337596950531	0.4537200000190735	0.36164000006675723
14	0.7347105605316162	0.46231999999046325	0.3678
15	0.7284631849479676	0.4671599999713898	0.3728600001335144
16	0.7239467964363098	0.47303999999046326	0.37488
17	0.7160733161926269	0.47980000002861023	0.38148000007629396
18	0.7139255122566223	0.48074000000953676	0.3826200001335144
19	0.7055910235786438	0.4894800000572205	0.38828
20	0.7005808679962158	0.493620000038147	0.3914600000953674
21	0.6962172041320801	0.49601999996185303	0.39468000014305116
22	0.6910567707824707	0.5011200000953674	0.3987799999809265
23	0.6870157047462463	0.5069800001049042	0.40115999995231627
24	0.6817024741363525	0.5102400001335144	0.4048000001049042
25	0.6787920090484619	0.5128400001239777	0.4073200001144409
26	0.6759748568916321	0.515519999923706	0.40832000005722047
27	0.671502170009613	0.5225400000381469	0.4099000000667572
28	0.6659257122993469	0.5252400000572205	0.4144400001335144
29	0.6631409184646606	0.5256800001335145	0.4186599999809265
30	0.6611132906341552	0.5286	0.4190600001525879
31	0.6575345541000366	0.532199999923706	0.42039999997138977
32	0.6551724484443665	0.5341200000953674	0.423620000038147
33	0.6509251779556274	0.5373200001525879	0.42694000007629396
34	0.6513911087989808	0.5363800000953675	0.4257000000190735
35	0.6444922566795349	0.542900000114441	0.43026
36	0.6463146417617798	0.542759999961853	0.42986000005722047
37	0.6435221005249023	0.5437600001335144	0.43124
38	0.6382267991828918	0.5471000001716614	0.43535999996185304
39	0.6349533514213562	0.5497800000762939	0.43774000005722047
40	0.6358880871582031	0.5496199999618531	0.4383400000667572
41	0.6326876763725281	0.5510000000953674	0.44061999999046325
42	0.6327369454002381	0.5525999999427795	0.4377400000095367
43	0.6288512601089478	0.5545	0.4440000001525879
44	0.625656549911499	0.557920000038147	0.44614000011444094
45	0.6270804268455505	0.5566599999237061	0.4450400000953674
46	0.6210267008972168	0.561699999961853	0.4470600000190735
47	0.620910424785614	0.5634	0.4462000001049042
48	0.6209686577415466	0.563340000114441	0.4461600001049042
49	0.6191535654067993	0.5661800000190735	0.4483800000858307
50	0.6194769020080566	0.5650200000190735	0.44704000008583067
51	0.6156523481559754	0.56648	0.45068000014305115
52	0.6130268740463257	0.569740000038147	0.4517999999904633
53	0.6122917797660827	0.5714599998855591	0.4536600000858307
54	0.6082082906150817	0.5732400001907348	0.45770000007629397
55	0.6071461135673523	0.5744800001144409	0.4594000000572205
56	0.6066319918632508	0.5754200002670288	0.45780000003814697
57	0.6080332884407044	0.5741800001335144	0.45700000005722047
58	0.6050560266685486	0.5763600001716613	0.4578
59	0.602160315361023	0.5782600000953674	0.46224000007629396
60	0.6007455204010009	0.5811600001525878	0.46104000000953677
61	0.6016158738327027	0.5807200001144409	0.45940000003814696
62	0.5989193384933472	0.5813600002479553	0.46139999997138975
63	0.5960988747406006	0.5851000000762939	0.46310000002861024
64	0.5970306868362427	0.5841800001907349	0.4619800000667572
65	0.5950216242980957	0.5870799999427796	0.46280000007629396
66	0.5947956421661377	0.5864600001716613	0.4641800000953674
67	0.5920790327262878	0.5909200000381469	0.46486000009536743
68	0.5919730645751953	0.5905000002288818	0.4642000000476837
69	0.5916644242095948	0.5906799999809265	0.4652200000095367
70	0.5901836438751221	0.590299999961853	0.4670800001525879
71	0.5904661702537537	0.5905199999046326	0.46730000008583067
72	0.5898669378852844	0.592940000038147	0.4652600000476837
73	0.5876458502578735	0.595640000114441	0.46751999997138977
74	0.5863695486831665	0.5950600001525879	0.46878
75	0.5847298007965088	0.5984000001144409	0.46816000009536746
76	0.5831763346099853	0.5990200001716613	0.46862000011444094
77	0.5830299678039551	0.599479999923706	0.46897999992370604
78	0.5808567100334168	0.601340000038147	0.472419999961853
79	0.582909117679596	0.601340000038147	0.4702400000190735
80	0.5837521440505982	0.6007599999809266	0.46772000010490417
81	0.5786934499931335	0.6040800002479553	0.4727400001335144
82	0.5778876684761047	0.6072199999809265	0.4710400001335144
83	0.5752892835617065	0.6087200001907349	0.47443999997138975
84	0.5789214254379272	0.6065200000953674	0.46936000001907346
85	0.5749867717552185	0.6082000001716614	0.47288
86	0.5747033187103271	0.6109000001525879	0.47187999996185304
87	0.5713679102134704	0.613019999923706	0.47580000007629397
88	0.571835744228363	0.6142799999809265	0.4741199999904633
89	0.5724755705261231	0.6127999999427796	0.4740799999713898
90	0.5694875593185424	0.6160000000572204	0.47558000009536744
91	0.5656800247192383	0.6179800000190735	0.4785799998664856
92	0.5688476787567138	0.6163400001525879	0.4754200000667572
93	0.5670332742881775	0.616300000038147	0.47839999999046323
94	0.5656768301773071	0.6187000001335144	0.47854000005722047
95	0.5654307836723328	0.6195799999427796	0.47837999996185304
96	0.5673752931213379	0.6189400002098083	0.4766200000667572
97	0.5664678601264954	0.618379999885559	0.4771600000858307
98	0.5644610607147217	0.6209600000190735	0.478959999961853
99	0.5641346050262451	0.620980000038147	0.47952000005722045
100	0.5630356593894958	0.6211399999046325	0.47854000002861025
101	0.562806209487915	0.623579999961853	0.4769
102	0.5636131817245483	0.6228600001525879	0.47635999998092654
103	0.5613839423942566	0.6255800001335144	0.47322000002861025
104	0.5604372263908386	0.6265000001525879	0.4739800001144409
105	0.5597313254547119	0.6246200002670288	0.4742800000953674
106	0.5610515588760376	0.6233400002288818	0.47186000005722045
107	0.5604922347450256	0.6237199999046326	0.4722799999809265
108	0.5613099662017822	0.6259800000953675	0.4674200000858307
109	0.5593627598571778	0.6281400001525879	0.4680600000858307
110	0.5560153371429444	0.6296800000190735	0.46858000000953676
111	0.5597261142730713	0.6271000002288818	0.46454
112	0.5575790205383301	0.6295200002670288	0.46360000005722046
113	0.5611343137931823	0.6268800002670288	0.4610400000858307
114	0.5584788707351684	0.6278200000762939	0.46166
115	0.558267573223114	0.6289199998855591	0.4611800001049042
116	0.5574984328079223	0.6308600001144409	0.45962000000953673
117	0.5592429822540284	0.6282000000953675	0.45727999996185303
118	0.5572297792816162	0.6307000001144409	0.45638000000953677
119	0.5568244225120544	0.629979999961853	0.45844000010490416
120	0.5590525897216797	0.6304000000953675	0.4518400000476837
121	0.558500989742279	0.630720000038147	0.45036000000953674
122	0.558208716583252	0.6306200002288819	0.45116000002861023
123	0.5585824480056762	0.6298799998855591	0.4481600000476837
124	0.5572317199325562	0.6323200000381469	0.44724000002861025
125	0.5618938108062744	0.6269999999427796	0.44332000012397765
126	0.5585139961624146	0.6312199999618531	0.44501999992370606
127	0.5591585497665406	0.6302000000190735	0.4427600001335144
128	0.557412986793518	0.6322799999427795	0.4418000000953674
129	0.5579893071556091	0.6308999998855591	0.44079999996185304
130	0.5574780633926392	0.632699999961853	0.4412400000476837
131	0.5590594841194153	0.6305600000953674	0.43904000012397765
132	0.5580014800834656	0.6329400002098083	0.435620000038147
133	0.5572824953651428	0.6328800000381469	0.43435999997138974
134	0.5585439015960694	0.6322800001525879	0.4342200001430511
135	0.558475532207489	0.6315400001907349	0.43321999997138977
136	0.5623187458419799	0.628979999923706	0.4267000001335144
137	0.5597298463249206	0.6310600000762939	0.4317000001525879
138	0.5598142793273926	0.6308800001716613	0.42694000005722044
139	0.5613719955062866	0.631239999923706	0.4239000000476837
140	0.5617953704833984	0.6294399999427795	0.4255400000190735
141	0.5619546041679382	0.6325600002288818	0.4214600001049042
142	0.5598910099220276	0.6325000001716614	0.4217600001525879
143	0.5596835737419128	0.6313599999046325	0.4202200000953674
144	0.5603743176841736	0.6318400002479553	0.41905999997138976
145	0.5621049996948242	0.6289400002479554	0.41869999996185303
146	0.5637655909347534	0.6302400000190734	0.414179999961853
147	0.5619471125030517	0.6301200000190735	0.4158000000476837
148	0.5647701833724975	0.6287200001716614	0.41214000010490415
149	0.5632319040679932	0.6305000000953674	0.4123800000572205
150	0.5613845645523071	0.6313399999046325	0.41236000005722045
151	0.5637897032737732	0.6301000001907349	0.4096199999523163
152	0.5650948994064331	0.629559999923706	0.40602000008583067
153	0.5649300909614563	0.6295200002288819	0.4051799999809265
154	0.5649366361808776	0.6286799999046325	0.40639999997138976
155	0.5653568479728699	0.627899999961853	0.40428000012397763
156	0.5648868275260925	0.6285400001525879	0.40248
157	0.5656372247123719	0.6279399999046326	0.4005400001525879
158	0.5676752407836914	0.6281200002670289	0.4000399999809265
159	0.5660285954284668	0.6282600002098083	0.3971200000667572
160	0.5696170611953736	0.625940000038147	0.39566000002861024
161	0.5682665235137939	0.6261400000572205	0.3953000000190735
162	0.5681609157371521	0.62678	0.3934000000190735
163	0.5659556054115296	0.6296400001716613	0.39386000005722044
164	0.5700982427024841	0.6232200001907349	0.3932400000858307
165	0.5718488187026978	0.625140000076294	0.3859600000190735
166	0.5706331557273865	0.6271600001335144	0.38576000007629396
167	0.5689256045150757	0.6241999999427795	0.391219999961853
168	0.5701837272262573	0.6264600001144409	0.3850000001144409
169	0.572944875869751	0.6249200001144409	0.38144000001907347
170	0.5725432242584229	0.6250200002479553	0.38037999997138977
171	0.5720984577941894	0.6256999999237061	0.37948000012397765
172	0.5721097867774964	0.6259000000953674	0.3801200001239777
173	0.5694473664283752	0.6282000001525879	0.3810000000762939
174	0.5709649845504761	0.62768	0.37527999995231626
175	0.572098490562439	0.6269600001335144	0.37655999999046325
176	0.5746965944290161	0.623420000038147	0.3739399999523163
177	0.5735299386024475	0.625420000076294	0.3734800000476837
178	0.5765061236381531	0.6225199999809266	0.369400000038147
179	0.5754681361770629	0.6250799999237061	0.3666999999523163
180	0.5768858772659302	0.6213400002288818	0.3679000000762939
181	0.5730465760803223	0.6255599999618531	0.36856000009536743
182	0.5791715769004822	0.6202199999427795	0.3631000000667572
183	0.5772183052444458	0.6227600001907349	0.36190000005722045
184	0.577817911491394	0.623339999923706	0.3638000000190735
185	0.5806036912727356	0.6189399999046326	0.3584600000858307
186	0.5805992763900757	0.6213799999237061	0.35785999995231627
187	0.5805197816848755	0.6215800001716614	0.35650000000953674
188	0.5801920463943482	0.6224600001907349	0.35622000000953674
189	0.5810951872825623	0.616860000038147	0.3563800000190735
190	0.5800238727378845	0.6214800002098083	0.3534200000476837
191	0.5827524420547485	0.617300000114441	0.35224000001907346
192	0.5799515460395813	0.620719999885559	0.3532200000476837
193	0.5838521711730957	0.6183800000762939	0.3484200000667572
194	0.5836625904655457	0.6195599999809265	0.34600000012397764
195	0.5829143446922302	0.6198000002098083	0.3475400000667572
196	0.5855422843360901	0.616920000076294	0.344200000038147
197	0.5852875843811035	0.6181399999809265	0.34466000007629394
198	0.5837651695632935	0.6190400001144409	0.34563999999046324
199	0.5869593369293213	0.6165600002479553	0.3404200001430511
200	0.5858416912651062	0.6167199999046326	0.3421199999904633
201	0.5863095694732666	0.616499999961853	0.34279999998092653
202	0.5882306408309936	0.6146999999046325	0.3382400001049042
203	0.586015858669281	0.6182800000572205	0.3370600000476837
204	0.5883544166564941	0.6156000000953674	0.3358200000762939
205	0.5907964814567566	0.6128400002288819	0.3348399999809265
206	0.5903858178520203	0.6147800002479553	0.3326400001335144
207	0.58876130859375	0.615179999961853	0.3323799999713898
208	0.5907901604270935	0.6151600002670288	0.3298399999427795
209	0.5915422113800048	0.6140199999427796	0.32696000007629394
210	0.5909227947235107	0.6158400001525879	0.3268199999713898
211	0.590992886428833	0.6150000002098084	0.3247800000190735
212	0.5927342584991455	0.615099999961853	0.32373999996185304
213	0.5935808729553222	0.6128000002670289	0.3222999999809265
214	0.593291533279419	0.6126000002479554	0.3237200000190735
215	0.5941635919570922	0.6126199999237061	0.322760000038147
216	0.5936921573829651	0.6121400002670289	0.32072000012397767
217	0.5959772850036621	0.6106799999427796	0.3172400000095367
218	0.595289882774353	0.6112600000190734	0.3170400001049042
219	0.5967655563735962	0.6116399999237061	0.3140800000858307
220	0.5965391702651978	0.6080800002098083	0.31652000010490416
221	0.5979592210769653	0.6096800002288818	0.31448000005722043
222	0.5960521048736572	0.611480000076294	0.31254000004768373
223	0.5997250359916687	0.6071199999046326	0.30998000012397764
224	0.5987742130661011	0.6075400001335144	0.31045999995231627
225	0.6000052660560607	0.608839999961853	0.3088800000667572
226	0.5994408858108521	0.6067600000572204	0.3082799999713898
227	0.6015648987388611	0.6058000000953674	0.3062399999809265
228	0.6018361160850525	0.6061199998855591	0.3035400000858307
229	0.6025406903076171	0.6039000002479553	0.30312000012397766
230	0.6036073010444641	0.6043600002098084	0.3031400000667572
231	0.6025143486785889	0.603780000038147	0.3020800000858307
232	0.6039272431755066	0.6068599999237061	0.30066000000953674
233	0.6050281241035461	0.6020800001335144	0.29898
234	0.6045773517036438	0.6032600002479553	0.2995600001335144
235	0.6045949535179138	0.6053200002479553	0.2973800000572205
236	0.6066363911056518	0.6003600000190735	0.298579999961853
237	0.606296450996399	0.6026800001907349	0.2944000000286102
238	0.6078685895347595	0.6012999999427795	0.29225999999046326
239	0.6090840375328064	0.5986200002479554	0.2938799999523163
240	0.607499948272705	0.6005600000190735	0.291960000038147
241	0.6073922360992432	0.6008200002670288	0.29067999994277954
242	0.6078940265846252	0.5996999999809265	0.2914800001335144
243	0.6082542455482483	0.5988400000953674	0.29124000000953676
244	0.6092311787986755	0.5993200001525879	0.2892400001144409
245	0.6103467232322692	0.6004000000762939	0.2867200000476837
246	0.611619589099884	0.599079999885559	0.2845600001049042
247	0.6112444868469238	0.5985399999809266	0.28429999997138977
248	0.6136466422843934	0.5978800000953675	0.28200000011444093
249	0.6137692465209961	0.595199999885559	0.2848600000762939
250	0.6116879640388488	0.5969	0.283420000038147
251	0.6139482153320313	0.5981400002098084	0.28036000009536743
252	0.6130038761520386	0.5948999999427795	0.28139999996185305
253	0.6137139351081848	0.5980200001907349	0.27945999994277954
254	0.6149510683631897	0.5970400001716614	0.2766200001335144
255	0.6163916967010498	0.5930800002288819	0.27558
256	0.6157899640655518	0.594419999961853	0.27329999994277954
257	0.6172252493667603	0.5935399999427795	0.2733400000476837
258	0.616892827129364	0.5948000001716613	0.2720600000476837
259	0.6178043447685242	0.5930400002670289	0.27180000012397765
260	0.6174104149627686	0.5957400002288818	0.27119999994277955
261	0.6208795731163025	0.5911400002479553	0.2679999999952316
262	0.6198767435073853	0.5919400002288818	0.2683400001239777
263	0.6182088784408569	0.5938599999237061	0.2696200000953674
264	0.6208610253715515	0.5935000001716614	0.2651800000667572
265	0.6216234834098816	0.588800000076294	0.26504000009536743
266	0.6207373814773559	0.591719999923706	0.265260000038147
267	0.6214113867759704	0.5884400001907348	0.26600000009536745
268	0.6221538634300232	0.5903000002670288	0.2615599999713898
269	0.6246388578414916	0.5866399999237061	0.2637600001049042
270	0.625010631198883	0.5858000002288818	0.2622000000333786
271	0.6236108575820923	0.5901800002288818	0.2621000000524521
272	0.6242843548583984	0.5873800001907349	0.26064000012397764
273	0.6230526370239258	0.5880800002098083	0.25944000005722045
274	0.6264135818862915	0.5862199999809266	0.25894000001907347
275	0.6275866207695008	0.5840400002288818	0.2568000000953674
276	0.627716781539917	0.5831600000190735	0.2566600000476837
277	0.6261079593467712	0.5875799999618531	0.25516000007629397
278	0.6267905169677734	0.5846800001525879	0.2541600000286102
279	0.6274781357574463	0.5832000000953674	0.2534400000667572
280	0.626456260585785	0.584699999923706	0.2539800000286102
281	0.6292904434394836	0.58374	0.25114
282	0.6276091533660889	0.5834199998664856	0.2530000000667572
283	0.6292277250671386	0.583860000114441	0.25158000003814696
284	0.6301284663963318	0.582559999961853	0.24873999997138976
285	0.63044808801651	0.5807200002479553	0.24864000007629394
286	0.6319572537612915	0.581140000076294	0.24891999997138978
287	0.6321319143295288	0.5824400000762939	0.24559999999046325
288	0.6322691617393493	0.5838200002479553	0.24402000001907348
289	0.6318653721427917	0.5805400002288819	0.24578000012397766
290	0.6326001594161987	0.5804400000762939	0.2430400000190735
291	0.6342075099754334	0.577340000038147	0.24170000012397766
292	0.6354339300155639	0.5782200002479553	0.2421199999809265
293	0.6335101081657409	0.5808000001144409	0.24178000007629394
294	0.637274964389801	0.5741800002098083	0.2388199999809265
295	0.6383641065597534	0.5748200001907349	0.23874000000476836
296	0.6370741220283508	0.5759599999046325	0.23983999998569488
297	0.6358118327713013	0.5750800001716614	0.2393600000333786
298	0.6408445985412597	0.571760000114441	0.23462000002861022
299	0.6386986126708984	0.5737799999237061	0.2351400000333786
300	0.6405293681716919	0.57148	0.2355999999856949
301	0.6390691738319397	0.573859999961853	0.23548000012397766
302	0.6406527842712403	0.5728400001907349	0.23216000000953674
303	0.6412914597320557	0.5715999999046326	0.2317000000667572
304	0.6407413963127137	0.5715000002670289	0.23296000005722045
305	0.6402515312194824	0.5735799999427795	0.23078000000953675
306	0.641213798828125	0.5744000001907349	0.2300999999856949
307	0.6393227516174317	0.5752600000953675	0.2313599999856949
308	0.6442939339828492	0.5705599999809265	0.2269400000524521
309	0.6434706438446045	0.5713599998855591	0.22800000012397767
310	0.6437197825241089	0.567819999923706	0.22776000007152558
311	0.6431168383789062	0.5707600001716614	0.2260799999809265
312	0.6451334918212891	0.5682000001144409	0.22550000005245208
313	0.6440535890197754	0.5682399999427795	0.2250799999856949
314	0.6454021741294861	0.5678200000572204	0.22403999999046326
315	0.6465743544197082	0.5659799998855591	0.2225000000190735
316	0.6469523817634583	0.5645599999809265	0.22410000005722047
317	0.6455750876426697	0.5664400000190735	0.22318000006198882
318	0.6471651701545715	0.5662000001716614	0.22038000004291533
319	0.6487737013626098	0.566600000076294	0.22068000004291535
320	0.6501398357009888	0.56328	0.21886000003814698
321	0.64816803358078	0.5636199998664856	0.21742
322	0.6502684131622315	0.563180000076294	0.2182200000667572
323	0.6514207545280457	0.5626599999046326	0.21391999999046327
324	0.6508276298332214	0.5648800001335144	0.21396000005245208
325	0.6504788712120056	0.5634400000572205	0.21792000000953674
326	0.6508574935722351	0.5630200000190735	0.21504000000476836
327	0.6527479730606079	0.5618600002670288	0.21410000002861024
328	0.6525419320297241	0.5624400001335144	0.21197999999523162
329	0.6508672944259644	0.5617200000572204	0.2126600000667572
330	0.6525306789588928	0.5612200002098083	0.2114400000476837
331	0.6537817334747315	0.5613199999809265	0.20998000002384185
332	0.6537509517097473	0.5609400000953675	0.21182000001430512
333	0.6539200947189331	0.5586999999809266	0.20956000005722045
334	0.6559908471488952	0.5571600000381469	0.20844
335	0.6538330522155762	0.5581799999809265	0.21051999999046325
336	0.6549199013137817	0.5581000001907349	0.2063600000333786
337	0.6559833803367615	0.5593000001907349	0.20656000005722047
338	0.6564696626472473	0.556919999923706	0.2063400000143051
339	0.6574775466346741	0.5570199998855591	0.20513999999046326
340	0.657077945804596	0.5572599999427795	0.20502000004291535
341	0.657591610031128	0.5545799999237061	0.20578000000953675
342	0.6584130795669556	0.5548599999809265	0.20443999997615814
343	0.6575788745117187	0.5548000001335144	0.20555999997615815
344	0.659705350971222	0.5534599999809265	0.2020399999809265
345	0.6604699571228028	0.551659999885559	0.20138000007152557
346	0.6576964645767212	0.5561200000572205	0.20212000006198882
347	0.6607071879959107	0.551799999961853	0.19902000000476838
348	0.6597525533294678	0.5527000002098084	0.19896000007152556
349	0.6615006237411499	0.5494600002670288	0.1992600000476837
350	0.661220239944458	0.5517200000572204	0.1988000000190735
351	0.6613853246688842	0.55206	0.19876000007152558
352	0.6613031551551819	0.5508400001716613	0.19704000004291533
353	0.6620042931556702	0.5494199999046325	0.19718
354	0.6616223554611206	0.5524600000762939	0.19600000000476836
355	0.6635064976882935	0.5516600001335143	0.1954600000524521
356	0.6656642773628235	0.547000000038147	0.19314000000953674
357	0.6645803499794006	0.5518200002288819	0.19334000006198884
358	0.6645381555938721	0.5487	0.1937400000333786
359	0.6650379878616333	0.5475400000953674	0.1943400000333786
360	0.6649264615058899	0.5486600002479554	0.19183999998092652
361	0.6653964401054382	0.5497400001144409	0.1901
362	0.6661262670326233	0.5478800000572205	0.19155999999523163
363	0.6678623812866211	0.5479600002479553	0.1894200000190735
364	0.666759762802124	0.5453199999809265	0.19244000002861023
365	0.6671345293617249	0.5457200002098084	0.18918000007152558
366	0.6668235460281372	0.5461800000190735	0.18977999997615813
367	0.6686286701393127	0.5412200001335145	0.18859999997615814
368	0.6697014590454101	0.5445000000572204	0.1884200000333786
369	0.6673090095329285	0.5464399999809265	0.18870000005245208
370	0.6692665709495544	0.5439799999046325	0.18774
371	0.6684601874923706	0.5452600001716614	0.18450000000953673
372	0.6700735568618774	0.54388	0.18389999999523163
373	0.6694396553611756	0.5455399999046325	0.1831600000524521
374	0.6699039820671081	0.5436400002479553	0.18373999997615814
375	0.671562543296814	0.5427200002288818	0.18282000001907348
376	0.6704447262573242	0.5412199998855591	0.18356000005722045
377	0.6716464618110657	0.541180000076294	0.18186000003814698
378	0.6707119500732421	0.5435600001716614	0.18242000004768372
379	0.6739203013610839	0.5403400001335144	0.17901999998092652
380	0.6714660624122619	0.5422799998855591	0.1819799999856949
381	0.6717815698432922	0.5424600002098083	0.18063999997615815
382	0.6730753715896607	0.5391800000953675	0.1789800000333786
383	0.6744239283561706	0.5378800002288818	0.1796200000333786
384	0.6729014904212952	0.5406599999809265	0.18054
385	0.6733738590812683	0.5408200001335144	0.17595999999523163
386	0.6749480718994141	0.5375600000953674	0.17953999999523163
387	0.6754053614997864	0.5361200002479554	0.17868
388	0.6738220075035095	0.5385000001335144	0.1781000000333786
389	0.6746733976554871	0.5401800001049042	0.17588000003814697
390	0.674975548248291	0.541	0.1747800000667572
391	0.6753465665626526	0.5392400001335144	0.1736199999809265
392	0.675952253112793	0.5385599999427796	0.17518000003814696
393	0.6772187231445312	0.5361400000953674	0.1743199999856949
394	0.6770724859809876	0.5339400002288819	0.17336000001430513
395	0.6764890285682679	0.5368400000572204	0.17242000002861024
396	0.6794655859375	0.5359399998855591	0.1718200000143051
397	0.6789019435119629	0.5368400001716613	0.17106000000953675
398	0.6785645630836487	0.5339800001335144	0.17162000002384187
399	0.6765191951560974	0.5354599999237061	0.17286000005722046
400	0.6778072546195983	0.535140000114441	0.17092000006198882
401	0.6801628805351257	0.5338000001907348	0.16955999997615814
402	0.6803683242988586	0.5338000002670288	0.16786000004768373
403	0.6811010026741028	0.5333800001716614	0.16960000004291534
404	0.6808166305160522	0.533580000114441	0.16734000002861024
405	0.6810595047950745	0.5352000000381469	0.16746000002384187
406	0.6814721285057068	0.5340000001049042	0.16578000001907348
407	0.6822839617919921	0.5296800001335144	0.16612000006198882
408	0.6818366394042968	0.5324800001716614	0.1668600000333786
409	0.6809857964134216	0.5332400001907348	0.1670200000333786
410	0.6819235578536987	0.531659999923706	0.16574000006198883
411	0.6811573778343201	0.5331800001049042	0.1651400000667572
412	0.6821565763092041	0.5315600001907349	0.16502000002861023
413	0.6831337636756897	0.5324400001144409	0.16202000000476838
414	0.6835414580154419	0.5312200001525879	0.16341999998092652
415	0.6849431903839112	0.5311599999809266	0.1606399999856949
416	0.6831739358901977	0.5305000000953675	0.16242000001907347
417	0.684984137134552	0.5279800000190735	0.16229999999046327
418	0.6851143021011352	0.5304799999427795	0.16078
419	0.6857125700759887	0.530480000038147	0.15903999997138976
420	0.6835521780395508	0.5264200001907349	0.1617800000333786
421	0.6852576621818542	0.5261199999237061	0.16064000000476839
422	0.6842271562957764	0.5260600000286102	0.16234000001907348
423	0.6861922230911255	0.528659999961853	0.15794000003814698
424	0.686426714515686	0.5279000001335145	0.15896000005722047
425	0.6864342408752442	0.5250000001716614	0.15886000002861023
426	0.6853321794319153	0.5301600001907348	0.15907999999523162
427	0.6876890835571289	0.5242200002098083	0.15724000006198882
428	0.6870047661972046	0.5257800000190734	0.15812000005245208
429	0.6875648453712463	0.5250399999046326	0.15624000001907348
430	0.6885438941192626	0.5268200001907348	0.15526000004768373
431	0.6874781535148621	0.5256399998855591	0.15496
432	0.6889887957191467	0.5267200001716614	0.1541400000143051
433	0.6896030785179138	0.523580000038147	0.1545200000333786
434	0.6911082098770142	0.5218599999809265	0.15454
435	0.6896187259292602	0.5244	0.15312000001430512
436	0.6886953817939758	0.5237200002288819	0.15448000000476836
437	0.6899264912223816	0.5226600001716614	0.15208000001907349
438	0.689280775718689	0.5246000001716614	0.15373999999523164
439	0.692199991645813	0.5214600000762939	0.15106000000476838
440	0.6909404270362854	0.5213800002479553	0.15239999999046325
441	0.6912260622787476	0.524160000038147	0.14968000006198884
442	0.6911463025093079	0.5225400001144409	0.15048000001430512
443	0.6912580606269837	0.5221200000953674	0.15212000000476839
444	0.6909035357284546	0.5238599999618531	0.14995999997138976
445	0.6914360095405578	0.5240999999427796	0.14784000003099443
446	0.6913845398712158	0.5238199999237061	0.14873999999046325
447	0.693036141872406	0.5205799999237061	0.1485000000667572
448	0.6936579950904846	0.5197600000190735	0.1475800000667572
449	0.6935092890548706	0.5201800001716613	0.14705999999523162
450	0.6925203479576111	0.5210199999427796	0.1478400000143051
451	0.6947589413833618	0.521579999961853	0.14668000004291534
452	0.6933272289848328	0.5193199998855591	0.1466400000143051
453	0.6945767063331604	0.5194400000953674	0.14675999999523162
454	0.6928788006210327	0.520200000076294	0.14528000003814698
455	0.6946716267585754	0.5224399998664856	0.14458000003814697
456	0.6937078177070618	0.5215199999427795	0.14464000002622604
457	0.6950655275726318	0.5185199998664856	0.14580000002384186
458	0.6950921203613282	0.5180400002098083	0.14497999998569489
459	0.6967754109954833	0.5175999999809265	0.14376000004291534
460	0.6948817203330994	0.520040000114441	0.14318000000476838
461	0.6969995947265625	0.5184400001335144	0.14012000006198883
462	0.6955170093154908	0.5198000002288818	0.14310000001430512
463	0.6973003137207031	0.519999999961853	0.14015999997138978
464	0.6984440092277527	0.5168400001716614	0.14155999998569488
465	0.6983985468292236	0.5154599999237061	0.13981999997138977
466	0.6970488189697266	0.5158199999237061	0.14190000002384187
467	0.6988381985092164	0.5155000001716614	0.13902000004291534
468	0.6984692418861389	0.5175800000953674	0.1386600000190735
469	0.6974071431350708	0.521079999923706	0.13862000002384187
470	0.6985061201477051	0.517080000038147	0.14032
471	0.6984223314666748	0.5176200001716614	0.1395800000667572
472	0.6980006100845337	0.5183400001049042	0.13736000002622603
473	0.6983513991165161	0.517960000076294	0.13910000006198883
474	0.6984820350646973	0.5161199999809265	0.1376000000143051
475	0.6980895414924622	0.5161599999809265	0.1400800000023842
476	0.6992298360061645	0.5162399999904632	0.13666000002384185
477	0.6992198733901978	0.5140200001716614	0.13645999999523162
478	0.700430978527069	0.5130799998664856	0.13644000004768372
479	0.7004455818557739	0.514560000076294	0.13667999999046326
480	0.7009469758033753	0.5129599999046326	0.13580000003814696
481	0.6998773648834229	0.514600000038147	0.13624000002384185
482	0.7002783043861389	0.5164199998664856	0.13386000002384185
483	0.6997726189994812	0.5137200000190735	0.13532000004768371
484	0.7013680408859253	0.5129400000095368	0.13455999997138976
485	0.7017927248954773	0.5172400000476837	0.1319800000476837
486	0.7019958962059021	0.5140399999046326	0.1330600000333786
487	0.7008372177696228	0.5136000001716614	0.1344200000309944
488	0.7015435997390747	0.5128400001335144	0.13344
489	0.7017832690048218	0.5127799999427796	0.13460000004291534
490	0.7006903121948242	0.5166400001907349	0.1318800000667572
491	0.7008668451690674	0.5155200000572204	0.13248000002384186
492	0.7024027678871155	0.512620000038147	0.1326800000476837
493	0.7039864077949524	0.5113999999809266	0.1314800000023842
494	0.7030954754829407	0.5131200001049042	0.13104
495	0.7035113611793518	0.5145399999046326	0.1287799999856949
496	0.7034874266815185	0.5117600000953675	0.12902000002861022
497	0.7029108372879028	0.513479999961853	0.12948000000476836
498	0.7044227907562256	0.5129000000095367	0.13054000002622604
499	0.7026314190864563	0.5121399999809265	0.1307400000190735
500	0.7049552575302124	0.5122400001430512	0.12650000002384185
501	0.7036199004364013	0.5111000000190735	0.13039999998569488
502	0.705308692779541	0.5091999999618531	0.1300800000143051
503	0.7052930465126037	0.5113000000953675	0.12787999999046326
504	0.7057485449790954	0.5112800000953674	0.1251000000476837
505	0.7045953792762756	0.5100400000762939	0.12942000002384185
506	0.7057763172912598	0.5114400000667572	0.12748000000715257
507	0.7039642775535584	0.5131199999427796	0.12720000001430512
508	0.7056730279922485	0.5106000002098083	0.1266000000023842
509	0.7076763688278198	0.5089400000953674	0.12754000006198882
510	0.70736255235672	0.511399999961853	0.12372000000476838
511	0.70632131067276	0.5108600001525879	0.12567999997138976
512	0.705682725315094	0.5114200001716613	0.12554000000953675
513	0.707033262462616	0.5103399998855591	0.1260200000667572
514	0.7062360674667358	0.5104800000572205	0.12572000000476838
515	0.7067913031768799	0.511480000114441	0.12478000004768372
516	0.7078726538085938	0.5094200001335144	0.12412000004291535
517	0.7075056240272521	0.5088600001907349	0.12519999997138978
518	0.708949098777771	0.5077600001335144	0.12356000002622604
519	0.7072126982879638	0.5082600001525879	0.12388000000953674
520	0.708403748550415	0.5093000001525879	0.12366000000238418
521	0.7076172415161133	0.5087000000762939	0.12194000003099442
522	0.7083773457717896	0.5085000000190735	0.12190000001907349
523	0.709697546825409	0.5084000001907348	0.11970000003099442
524	0.707278392982483	0.5094999999046326	0.12354000001907349
525	0.7052640365409851	0.5102799999713897	0.12402000004768371
526	0.708648175907135	0.5098200002288819	0.12128000000476837
527	0.7093723357391357	0.5088600000572204	0.12038000002622605
528	0.7090675616073608	0.5064000002479553	0.12228000003099442
529	0.70810839220047	0.5095000001049041	0.1211200000333786
530	0.7088289074325561	0.5078199999046326	0.12080000004768372
531	0.7102332432556152	0.505459999923706	0.12053999999523163
532	0.7095070559883118	0.5090399998664856	0.11858000001907348
533	0.7115697137832642	0.506460000038147	0.11872000003099442
534	0.7104606819915772	0.5066400000190735	0.11872000003576279
535	0.7095699166870117	0.5094399999618531	0.11839999999046326
536	0.7113391956710815	0.5066199999904633	0.11880000004768372
537	0.7109268669700622	0.5084600001525879	0.11670000003099441
538	0.7108112956809998	0.5079200001049041	0.11842000000953674
539	0.7104033826065064	0.5078599998855591	0.11861999997138976
540	0.7121208137130738	0.5054200001144409	0.1164
541	0.7112810387992858	0.5043400001144409	0.1185
542	0.7117125252914429	0.5073799999713897	0.11752000000953675
543	0.7135678656005859	0.5053600000286103	0.11498
544	0.7110409899520874	0.5041000000953675	0.1168400000333786
545	0.7112023882293701	0.5077800001907349	0.11616000001907349
546	0.7115866781234741	0.50542	0.1177000000166893
547	0.7115666962432862	0.5042400001525879	0.11611999999046325
548	0.7121747214126587	0.5050800000572204	0.11578000000953674
549	0.7133294101524353	0.5062799999427795	0.11370000003099441
550	0.7137471773719788	0.5049800000953675	0.11386000000476837
551	0.7123207048225403	0.5055000001049041	0.1164600000166893
552	0.7131172688674927	0.5064400000381469	0.11518000000476837
553	0.7132600905036927	0.503159999961853	0.11392000000715256
554	0.7132435497283935	0.5052600001144409	0.11624000003099441
555	0.7141955965042114	0.5031600000572205	0.11442000001192093
556	0.7132128433799744	0.5058200001335144	0.11402000002622605
557	0.7146797277832031	0.5036600001144409	0.11494000000238419
558	0.7131292602539062	0.5066999999713898	0.11414000000715256
559	0.7141849367523193	0.5036800001716614	0.11344000000715256
560	0.714463220653534	0.5057400000762939	0.1129000000333786
561	0.7143019776725769	0.5064400001907349	0.11078000000238418
562	0.7119279440879822	0.50622	0.11598000003099442
563	0.7138588037681579	0.5054200001335144	0.11250000002861023
564	0.7145921642684937	0.50468	0.1116400000166893
565	0.7153328512382507	0.503059999961853	0.11048000000953674
566	0.713885359840393	0.505040000038147	0.11205999999046326
567	0.7152240288734436	0.5029999999427796	0.11190000000953675
568	0.7145668441581726	0.5060600000286102	0.11097999999523163
569	0.7176908053398132	0.5032200000381469	0.11002000004768371
570	0.7165846126556397	0.5023399999809265	0.11014000002861023
571	0.715456405467987	0.5052400002098083	0.11030000000238419
572	0.7163477215957642	0.5032400001907349	0.10890000003576279
573	0.7142613223266602	0.5064200000572204	0.1089200000333786
574	0.7156741683578491	0.5012200001049042	0.11100000000238419
575	0.7147759077072143	0.5042600001049041	0.1111000000333786
576	0.7170414505386352	0.5031800000572204	0.10744000003576279
577	0.7151289098548889	0.5035200000190735	0.11038000001192093
578	0.7169100844192505	0.5024400001716613	0.10833999998807907
579	0.715734912185669	0.5007000001144409	0.11066000000715255
580	0.7166655528450012	0.5027000001525879	0.10840000001192093
581	0.7160253894424439	0.5029200002479554	0.10910000000476837
582	0.718583653717041	0.49886000002861025	0.10686000000476838
583	0.7180042301177979	0.50188	0.10676000002622604
584	0.7169675231552124	0.5038799998664856	0.10652000000238418
585	0.716928261756897	0.5032800000572205	0.10766000000715256
586	0.7167494118881226	0.5012800000572205	0.10700000002384186
587	0.7164829835891724	0.5023799998664856	0.10893999998807907
588	0.7176998875999451	0.5012000000286102	0.10826000002861023
589	0.7178438695144653	0.49978000000953676	0.10696000000238419
590	0.7176995300674438	0.5003000002479553	0.10633999998807907
591	0.718112368736267	0.49922000009536743	0.10642000001192092
592	0.7189672455787659	0.5024600001335144	0.10512000001907348
593	0.7173666399765015	0.501700000038147	0.10634000003576279
594	0.7186986000442505	0.50318	0.10514000001192093
595	0.7183055625343323	0.5021200000858307	0.1047800000166893
596	0.7185224255561828	0.49949999994277955	0.10686000000238419
597	0.7198126385498047	0.5009800001049042	0.10628000003576278
598	0.7171976715660096	0.504459999923706	0.10398000002622604
599	0.7194190662574768	0.4992599998664856	0.10530000000715256
600	0.7205887701416016	0.5004800000953674	0.10310000000715255
601	0.7192326297187805	0.502500000114441	0.10342000001192093
602	0.719985586719513	0.5034400000953674	0.10132000001430512
603	0.7197642342948913	0.5007	0.1035200000333786
604	0.7180759642791747	0.5039200001525879	0.10301999998807908
605	0.7189191742134095	0.5013800002479554	0.10366000000238419
606	0.7190192871665955	0.4998800001335144	0.10266000004768372
607	0.720173010482788	0.49652000006675723	0.1033000000333786
608	0.7199852791786194	0.4997600001335144	0.10424000000715256
609	0.7204545677185059	0.49740000024795533	0.1031400000166893
610	0.7212492676925659	0.50012	0.10227999998807907
611	0.7216243190574646	0.4971200000762939	0.10404000002861023
612	0.7199835505867005	0.499440000038147	0.10190000001668931
613	0.7200963978767395	0.4976000000286102	0.10330000003576278
614	0.7213298406219483	0.49786000024795535	0.10263999998807907
615	0.7206886611747741	0.4981200000667572	0.10304000000953674
616	0.7214917093276978	0.4989400000286102	0.10112000003099442
617	0.7208167441368103	0.4984000001907349	0.10228000002861024
618	0.7215757740783691	0.4961400001335144	0.10226000002861023
619	0.7206482361412049	0.5002200001430511	0.10081999999046326
620	0.7203807598495483	0.4974800000953674	0.1015800000166893
621	0.7217292499732971	0.5007999998855591	0.10174000002145767
622	0.7214778485107421	0.5011800001335144	0.10043999999761581
623	0.7218618823051453	0.49837999999046323	0.09967999998807907
624	0.7206809209823608	0.5009000000190735	0.10062000000715256
625	0.7207714950370788	0.4984599999713898	0.1011600000166893
626	0.7225088587379456	0.49646000020980835	0.09990000002384186
627	0.7218090494155884	0.4991600001335144	0.10106000002622605
628	0.7208877708435059	0.49841999992370606	0.09986000001192093
629	0.7227679146385193	0.4984200001335144	0.09848000001430511
630	0.7225188645553589	0.497459999961853	0.1012800000166893
631	0.7219416808509826	0.49854000011444094	0.09887999999046326
632	0.72240445728302	0.4995800000858307	0.09814000003099442
633	0.7217963703536987	0.4972000001716614	0.09936000003576279
634	0.7231554776763917	0.4996000000286102	0.09648000001430511
635	0.7223885172653198	0.49920000011444093	0.09810000002861023
636	0.7222151286506653	0.4987200001144409	0.09980000001192092
637	0.7214459618568421	0.4990000001525879	0.09962000003576278
638	0.7228931632995605	0.49736000024795535	0.09834000000715255
639	0.7210317958641053	0.49942000000953674	0.09788000001192093
640	0.7231739274215698	0.4957000000190735	0.09883999999761582
641	0.7240311529350281	0.4974600001525879	0.09696000001668931
642	0.7226242910957337	0.49986000007629394	0.09831999999046326
643	0.7239984066581726	0.4958800000667572	0.09722000003099442
644	0.7233334910202026	0.49876	0.0960600000333786
645	0.7239530819129943	0.4973800000190735	0.09691999999523163
646	0.7236454450035095	0.49796000007629393	0.09658000002861022
647	0.724729208908081	0.49362000014305113	0.09643999999046325
648	0.7232723866653442	0.4982200001049042	0.0959000000166893
649	0.723935481891632	0.49892000011444093	0.09624000001907349
650	0.7216395009231568	0.4980400000953674	0.0980400000166893
651	0.7226047157096863	0.49676000011444094	0.0975600000166893
652	0.7233739906692505	0.4976399999809265	0.09698000001907349
653	0.7247343822860718	0.496279999961853	0.09649999999046326
654	0.7251984834289551	0.49568000013351443	0.09482000000476837
655	0.7244305783271789	0.49734000009536744	0.09642000002622604
656	0.7253335861396789	0.4973400002479553	0.09548000001192093
657	0.7239414307022095	0.49473999992370604	0.09594000001907349
658	0.7241509208679199	0.49899999992370603	0.09454000002145767
659	0.7255678364181518	0.4961600001049042	0.09440000000476838
660	0.7240420272064209	0.49902000002861024	0.09449999999284744
661	0.7256564766693115	0.49753999992370607	0.09429999999046326
662	0.7250448976707459	0.49710000005722044	0.09336000000238419
663	0.7254930382347107	0.4941200002479553	0.09529999999284744
664	0.7232030511856079	0.49563999992370605	0.09621999998807908
665	0.7261545630264282	0.49617999992370604	0.09442000000953674
666	0.7264253349113464	0.49263999992370605	0.0941600000333786
667	0.7260711497306823	0.4935600001144409	0.09510000001907348
668	0.7266719267654419	0.4937800001430511	0.09466000001430512
669	0.7240468513488769	0.49512000000953676	0.0958400000166893
670	0.7251261291885376	0.49658	0.09387999999523162
671	0.7243285598564148	0.49560000008583066	0.09508000000715255
672	0.725571619758606	0.4964799998855591	0.09388000001430512
673	0.7236944488716125	0.4966200001525879	0.09444000003576279
674	0.7253938765716553	0.49218000009536744	0.09464000003337861
675	0.7260942653465271	0.49340000005722046	0.09430000002861023
676	0.7259183596229554	0.4958600001716614	0.09295999998807906
677	0.72726456533432	0.4955400001335144	0.09285999999523163
678	0.7250412834358215	0.4973600001525879	0.09315999998807907
679	0.726553229675293	0.49393999986648557	0.09269999999284745
680	0.7277939336395264	0.4941600000953674	0.09214000001907349
681	0.7254295652580262	0.4954400001716614	0.09334000002861023
682	0.7263633826828003	0.4973599999809265	0.09178000001430511
683	0.7265598760223388	0.4943800001049042	0.09340000001430511
684	0.7262771918678284	0.49588000007629396	0.09330000003576279
685	0.7251380031394958	0.4959799998855591	0.09146000001192092
686	0.7282918588638305	0.4946400001335144	0.0905400000011921
687	0.7270386157608032	0.4946000001335144	0.09194000001430512
688	0.7265967379379272	0.49700000007629397	0.09043999998807907
689	0.7276922532081604	0.49456000017166135	0.09190000001192093
690	0.7272699397468567	0.4956800001525879	0.09016000003099442
691	0.7257411330795288	0.4966000000667572	0.09195999999761581
692	0.7271188842582703	0.4951600002479553	0.09062000000476837
693	0.7266084210395813	0.49551999988555906	0.08918000001192093
694	0.7262309508705139	0.496559999961853	0.09168000002861022
695	0.726817560119629	0.49427999998092653	0.08974000000715256
696	0.7277602259254455	0.49574000024795534	0.09134000000953674
697	0.7278044128036499	0.49628000000953676	0.09064000001907349
698	0.727143366355896	0.497280000038147	0.08987999999046326
699	0.72716098361969	0.4913200001049042	0.0902800000166893
700	0.7271810056686402	0.4922800001335144	0.09188000003576278
701	0.7274535166549683	0.4952800001049042	0.09003999999284744
702	0.727713417263031	0.49436000009536746	0.09079999999284745
703	0.7282227958297729	0.4952599998855591	0.08946000000238419
704	0.7276375658798218	0.4947800001525879	0.09051999999284745
705	0.7266105596542358	0.4959800001335144	0.0896200000333786
706	0.7287977499198913	0.4939400001716614	0.08998000001430512
707	0.7274009260749816	0.49549999994277955	0.09014000001430511
708	0.7295105239105225	0.491959999961853	0.08871999998807907
709	0.7282094503593445	0.4913199998855591	0.08938000000953675
710	0.7287291351699829	0.49166000014305117	0.08946000002861022
711	0.7282711522102356	0.49244000011444095	0.08934000001907348
712	0.7291344722175598	0.4906800000476837	0.09002000002384186
713	0.728011358127594	0.4915800000095367	0.0895000000011921
714	0.7275045688819886	0.49416000005722044	0.09054000001907349
715	0.7286281505203247	0.4948200001335144	0.08823999999523163
716	0.7283222085571289	0.4923800002098084	0.09026
717	0.7288844243049621	0.4927000001239777	0.08935999999761582
718	0.7287174876976014	0.49428000000953676	0.08938000002145767
719	0.7297131801223755	0.4918600001144409	0.0884
720	0.728179093875885	0.49380000010490416	0.08882
721	0.7293344284057617	0.490740000038147	0.08845999999046325
722	0.7285291447639465	0.4935400000572205	0.08880000001192093
723	0.728632626953125	0.4905599998855591	0.0875400000333786
724	0.7275232053947449	0.4922399998664856	0.08901999998807907
725	0.7282290417289734	0.49302000002861024	0.08951999998807907
726	0.7285598843193054	0.49356000020980834	0.08922000001430512
727	0.7290619310188293	0.4937400001144409	0.08849999999523163
728	0.7270457357597351	0.4934600001525879	0.08873999998807908
729	0.7287508175468445	0.4938800000190735	0.08788000002145767
730	0.7304127884674072	0.4927200001335144	0.08670000001192094
731	0.7293395944595337	0.49452000024795534	0.08742000001907349
732	0.728683514881134	0.4949200000572205	0.0870200000333786
733	0.7299102211570739	0.4933200002479553	0.08668000003576279
734	0.7289719319534301	0.491520000038147	0.08682000002384185
735	0.7281657624435425	0.494340000038147	0.0882800000333786
736	0.7295561527252197	0.4911200001525879	0.08637999999523163
737	0.7287130026054383	0.49278000001907346	0.0877200000333786
738	0.7313469150352478	0.4916200000476837	0.08614000002384185
739	0.7285925583267212	0.4897200001335144	0.08929999999046326
740	0.7299215879631042	0.49210000011444094	0.08671999999284745
741	0.7293726285934449	0.4933799999904633	0.08756000000715256
742	0.7296891151428223	0.4951199998664856	0.08588000002384186
743	0.7298506322669983	0.49212000014305113	0.08706000000238419
744	0.7309709181785583	0.4909800000858307	0.08667999999523163
745	0.7299186276245118	0.49103999999046327	0.0861000000011921
746	0.7295836929512024	0.4890200000667572	0.08813999999046326
747	0.7307096077537537	0.486679999961853	0.08706000000953674
748	0.7308273904037476	0.48984	0.08592000002145767
749	0.7302017734336853	0.4902000001716614	0.08602000001907349
750	0.7300548731994629	0.49208000007629393	0.08728000001907349
751	0.7296541888999939	0.48986000024795534	0.0873000000333786
752	0.7302559953498841	0.4909799998664856	0.08616
753	0.7299429933547974	0.49124000000953677	0.08655999999523163
754	0.729337742767334	0.4936400001525879	0.08629999999523162
755	0.7313153797912597	0.49084000001907346	0.08538
756	0.7297208001518249	0.491440000038147	0.0861600000333786
757	0.7308787731170654	0.48868000000953676	0.08660000003099441
758	0.7307097223472595	0.49370000002861025	0.0848600000166893
759	0.7292045592880249	0.49269999992370606	0.08692000003099441
760	0.7306923945999145	0.4887399998664856	0.08696000001430511
761	0.7315728073883057	0.4866600000286102	0.08638000001430511
762	0.7312831335830688	0.48974000009536744	0.0873400000333786
763	0.7321404166603088	0.49040000000953676	0.08425999999046326
764	0.7309514762496948	0.4907999998664856	0.08448000000953675
765	0.7317753269577026	0.49096000024795533	0.08298000002622605
766	0.7321081862068176	0.49090000000953676	0.08469999999046325
767	0.7293176140594483	0.4919000001144409	0.08500000000238418
768	0.730841111316681	0.48964000005722047	0.08644000001430512
769	0.7307282508277894	0.49142000003814695	0.08355999999284744
770	0.7314386076164245	0.4905800001144409	0.08471999999761581
771	0.7309056971931458	0.4909800001335144	0.08519999999523163
772	0.7301570986366271	0.4919000001525879	0.08508000002145767
773	0.7305809797286987	0.49194000007629396	0.08305999999523163
774	0.7312796891021729	0.48966000000953674	0.08537999999284744
775	0.7317174689483642	0.4894200001335144	0.0849400000166893
776	0.7316351888084411	0.48787999992370606	0.08353999999523162
777	0.7319354356384278	0.492219999961853	0.0828600000166893
778	0.7307931251335144	0.4903599998664856	0.08441999999523163
779	0.7306121558761597	0.4918000001144409	0.0849200000333786
780	0.7318039019775391	0.4904800000953674	0.0852800000011921
781	0.7321887937164306	0.49239999998092654	0.08317999999761581
782	0.7320353157043457	0.4915200000476837	0.08350000000119209
783	0.7312457020568848	0.4884600001144409	0.0839200000166893
784	0.7310580352401733	0.4890399999809265	0.08518000002145767
785	0.7313676605224609	0.4902600001525879	0.08517999998807907
786	0.7316343208503723	0.49238000007629396	0.08290000001192092
787	0.732282208442688	0.49129999992370604	0.08210000001907349
788	0.7326628574752808	0.49030000007629393	0.08260000000715256
789	0.7314417088317872	0.4919400000286102	0.08422000000119209
790	0.7306610170173645	0.49212000022888186	0.08422000003576278
791	0.7313309013748169	0.49260000000953674	0.08421999999046326
792	0.7322275139427185	0.4916400000858307	0.08217999999523162
793	0.7317737244224548	0.49280000003814695	0.08222000000119209
794	0.7321918370437622	0.4936600000953674	0.08160000001430512
795	0.7335061197280883	0.4883599998664856	0.08268000000953675
796	0.7304056523132324	0.49250000000953675	0.08324000002145768
797	0.7312511978912354	0.49278000001907346	0.08222000002384186
798	0.7312268920898437	0.4922400001335144	0.08333999999046325
799	0.7329540454292297	0.4883399998855591	0.08360000001430512
800	0.7312968097496033	0.4907200000953674	0.08262000001430511
801	0.7312503784942627	0.49141999996185304	0.08247999999046325
802	0.7313007551002503	0.49314000003814695	0.08364000001907348
803	0.7321068817329407	0.4916800000667572	0.08252000000238419
804	0.7312469388389587	0.4908999999713898	0.08106000002145768
805	0.7314265190887451	0.4941400000572205	0.08179999999284744
806	0.7327192620277405	0.49094000000953675	0.08282000000476837
807	0.7329440421485901	0.49120000002861025	0.08222000002145767
808	0.732483864402771	0.49164000002861025	0.08124000000238418
809	0.7319310035133362	0.4891400001525879	0.08168000002145767
810	0.7324586965370178	0.49134000001907346	0.08104000001907348
811	0.7304299918746948	0.49379999999046326	0.08148000001430511
812	0.7322251175880432	0.49200000008583067	0.08099999998807907
813	0.7324627639961243	0.4918199998664856	0.08193999999046325
814	0.7324783919334411	0.49208000017166137	0.08170000000238418
815	0.732289705657959	0.48798000010490417	0.08227999999284744
816	0.732448956336975	0.4908200000667572	0.08055999999046326
817	0.7315082757759094	0.4919600000762939	0.0820200000166893
818	0.732476000995636	0.4905999999809265	0.08184000001192093
819	0.7330949137306213	0.49287999994277953	0.0814800000166893
820	0.7312540064048767	0.49430000005722047	0.08188000002145768
821	0.7320556845092774	0.4916200000858307	0.08110000001430512
822	0.7328509253311157	0.4921200002479553	0.08030000003576279
823	0.7317981549835205	0.4913200001049042	0.08100000002145767
824	0.7335581484794617	0.49085999996185303	0.08160000000953674
825	0.731060805644989	0.49278	0.08198000001907349
826	0.7328398127365112	0.49220000024795535	0.08065999999523163
827	0.7320470000267029	0.49385999992370605	0.08030000001907349
828	0.7319028870773315	0.4903800001049042	0.08074000000357628
829	0.7317606282043457	0.4909999999809265	0.08174000002384185
830	0.7312355059242248	0.4919399999237061	0.08084000002384185
831	0.7327824828338623	0.49250000009536743	0.08105999999284744
832	0.7328987968444824	0.489739999961853	0.07988
833	0.7321870322036743	0.4908200001335144	0.0801200000011921
834	0.7324120586395264	0.4913400002479553	0.08114000001192093
835	0.7329934832000733	0.4876800000286102	0.07982000001907348
836	0.7311009701156617	0.49470000007629394	0.08055999999046326
837	0.7337357175636291	0.4895000002479553	0.08162000003099441
838	0.7331589487838746	0.490499999961853	0.08104000000238419
839	0.7318062118911743	0.49284000009536744	0.08043999999284744
840	0.7322164670944213	0.49238000019073486	0.08027999999523162
841	0.7318730644226075	0.4921600001525879	0.08018000001907348
842	0.7318071869087219	0.4916799999713898	0.08056000002145768
843	0.7331700758171081	0.4895600001716614	0.08004000003576278
844	0.7333770302581787	0.48914	0.07933999999523163
845	0.7326140975379943	0.49132000015258787	0.08125999999046325
846	0.7317864588928222	0.49185999999046326	0.0797600000011921
847	0.7311804394340515	0.49252000020980835	0.08200000000953675
848	0.7335446147155762	0.49066000000953675	0.0805800000166893
849	0.7318830617713928	0.49239999994277955	0.08052000002384185
850	0.7339213418388366	0.4893199999427795	0.0803400000166893
851	0.7324079827690124	0.4900000000190735	0.0810800000166893
852	0.7335919640922547	0.49085999994277957	0.07834000000238418
853	0.7329267604064942	0.4908000000095367	0.07979999999046326
854	0.7334288350868226	0.48947999992370606	0.0806000000166893
855	0.7320143623542785	0.4922000000858307	0.07976000000476838
856	0.7328579726028442	0.4940799999046326	0.07930000001192093
857	0.7319955551719666	0.49214000010490416	0.07984000001430512
858	0.7329710020637512	0.49105999994277955	0.08031999998807907
859	0.7316576408004761	0.49322000007629396	0.08022000003099442
860	0.7318369615364074	0.49361999998092654	0.08003999999761581
861	0.7325127635002137	0.49248000007629394	0.07998000001907349
862	0.7320960758018493	0.49084000001907346	0.07965999999284744
863	0.732310214176178	0.49159999994277953	0.07907999999284744
864	0.7312916492652893	0.49196000000953677	0.08119999999284744
865	0.7328022105026245	0.4903199999809265	0.08050000001192092
866	0.7323690679550171	0.4904000002479553	0.08052000003576279
867	0.7317410723876953	0.49321999994277954	0.07729999999523163
868	0.7332471420288086	0.48917999992370603	0.07965999999523163
869	0.7326309712982177	0.491500000038147	0.0797800000166893
870	0.7323565889549255	0.49192000000953673	0.07946000003576278
871	0.7329392442131043	0.48998000007629394	0.0794000000166893
872	0.7333045977020264	0.4894600000858307	0.08052
873	0.7315611634254455	0.4937399998664856	0.08021999998807908
874	0.7318631566238404	0.4940000000286102	0.07840000001430511
875	0.7325126088142395	0.4888600001525879	0.08017999999284744
876	0.7332981349945068	0.4907600000953674	0.07840000000476838
877	0.7324172603225708	0.49118000000953677	0.07887999999761582
878	0.7320348124694824	0.4937000001335144	0.0785800000333786
879	0.7337649703979492	0.49022000007629396	0.07844000001907349
880	0.7328691880607605	0.48879999992370604	0.07839999999284744
881	0.7323049547576904	0.492939999961853	0.07922000001192094
882	0.732551079044342	0.49180000009536745	0.07824000002145767
883	0.7328961841773987	0.49186000003814695	0.07778000000596047
884	0.7329570874595642	0.49072	0.07763999999284744
885	0.7320531706428528	0.4942600000190735	0.0795
886	0.7335856433677673	0.4892600000667572	0.08051999999761582
887	0.7339355129623413	0.4910000001716614	0.08002000001192093
888	0.7326439805030823	0.4901799998855591	0.07995999999284745
889	0.7339818700027466	0.49260000011444094	0.07905999999523163
890	0.732983818359375	0.48932000015258786	0.07877999999523162
891	0.7324479250526428	0.49209999994277953	0.07786000002145767
892	0.7327597051811219	0.4928000000190735	0.07982000002145767
893	0.7327544214439392	0.49145999992370604	0.07769999999046326
894	0.7326479293823243	0.49360000011444094	0.07781999999284744
895	0.7333434193611145	0.4914800000572205	0.07911999999523163
896	0.7332337532043457	0.4911200000286102	0.07818000003576278
897	0.732695170879364	0.492959999961853	0.07942000002145767
898	0.7329235356903077	0.49368000010490415	0.07917999999523163
899	0.7319679686164856	0.4935400000190735	0.07818000000119209
900	0.7331825475692749	0.49284000005722045	0.07667999999046325
901	0.7324715965652466	0.491720000038147	0.07871999999284744
902	0.7329455534172058	0.49318000005722046	0.07804000001430511
903	0.7320708815002441	0.49332000019073485	0.0783000000333786
904	0.731693330001831	0.49462000002861023	0.08011999999761582
905	0.7325834625434875	0.49054000002861026	0.07814000000476837
906	0.7327634733009338	0.49262000005722045	0.07922000002145767
907	0.7329920569610596	0.4913200001716614	0.07846000000238419
908	0.7335051006507873	0.48804000007629394	0.07990000000953675
909	0.7341998567008973	0.49309999997138976	0.07740000003576279
910	0.7328973907852173	0.49251999996185303	0.07637999999284745
911	0.7322641238212585	0.4915200000190735	0.0774600000166893
912	0.7318364158248901	0.49449999994277954	0.07770000000953674
913	0.733168182811737	0.4893400001335144	0.07834000003576279
914	0.7324502729797363	0.491339999961853	0.07759999999761581
915	0.7328810206604004	0.4908200000286102	0.07732000001192092
916	0.7337965044975281	0.49098000002861025	0.07562000002145768
917	0.7320666037368775	0.4923000000476837	0.07853999999284744
918	0.7316355079269409	0.4926400000667572	0.07835999998807908
919	0.7332985469436646	0.4939400001144409	0.07662
920	0.7332268710899353	0.49170000002861025	0.0768400000011921
921	0.7307613974380494	0.4926000001716614	0.07788000000119209
922	0.7330771363639832	0.49285999996185303	0.07851999999284744
923	0.7331389547348023	0.49112	0.07628000000119209
924	0.7328505155944824	0.49280000003814695	0.07688000001907348
925	0.7333293626976013	0.49246000002861023	0.07648
926	0.7319289980697632	0.4912600000667572	0.07798000001907349
927	0.7319355599975585	0.4935600001335144	0.07714000000953675
928	0.7324560252571106	0.49442000024795535	0.07766000001907349
929	0.7324968797683716	0.49240000017166136	0.07576000000357627
930	0.7328035540771485	0.49293999997138976	0.07660000002145767
931	0.7320134956550598	0.49571999999046323	0.07684
932	0.7323202976799011	0.49342000007629394	0.07596000002384186
933	0.7328035930824279	0.49237999992370607	0.07838
934	0.7335408172035217	0.4905600001335144	0.07668000001907349
935	0.7307708676147461	0.4951000000190735	0.07816
936	0.7320595920181274	0.49215999994277954	0.07704000001192093
937	0.7331833188819885	0.49164000009536746	0.07721999999761582
938	0.7319546611404419	0.49227999999046324	0.07539999999284744
939	0.7321327070808411	0.4912600002479553	0.07703999999046325
940	0.7327177896308898	0.4941000002098084	0.07652000000119209
941	0.7321615940284729	0.496460000038147	0.07614000000953675
942	0.7332591182136535	0.48971999994277954	0.07657999999284744
943	0.7327821514892578	0.49058000010490416	0.07730000000476837
944	0.7323386538314819	0.4915200001335144	0.07767999999284744
945	0.732626287651062	0.49168000005722046	0.07623999999523162
946	0.7320350252723694	0.49157999992370605	0.07682
947	0.7324544011497498	0.49225999992370606	0.07752000003576279
948	0.7337309958648681	0.49208000002861024	0.07642000000357628
949	0.7317754189109802	0.49483999992370603	0.07598000001907348
950	0.733011730594635	0.49216000003814697	0.07578000000238419
951	0.7315069556617737	0.4944399999809265	0.07599999999523163
952	0.732090359210968	0.4924400000953674	0.07682000001907349
953	0.7331343669700623	0.4941800001144409	0.0762200000011921
954	0.7325238720321655	0.49218000010490415	0.07646
955	0.7321677799224854	0.4942800002479553	0.07712000000476837
956	0.7316160001373291	0.49507999992370605	0.0775400000166893
957	0.7324814448547363	0.4925200000190735	0.07589999999523163
958	0.7313135288619995	0.4926800001525879	0.0778000000166893
959	0.7314853532791138	0.49265999997138976	0.07630000000596046
960	0.731346607208252	0.4941600000190735	0.07681999999046325
961	0.732358468170166	0.4917600000572205	0.07655999999523162
962	0.7320223897743225	0.49222000000953675	0.07718000002384186
963	0.7316833090400696	0.49232000000953674	0.07623999999523162
964	0.7321794349098205	0.49396000010490415	0.07601999999523162
965	0.7313256032562255	0.49492000003814696	0.07680000000238418
966	0.7325061187553406	0.49326000014305116	0.07762000002145768
967	0.7316601738548278	0.49550000005722045	0.07549999999523163
968	0.731615575428009	0.49263999996185304	0.07598000000596046
969	0.7325206073760986	0.49517999992370604	0.0763400000333786
970	0.7329364108467102	0.4924400002479553	0.07512000000596046
971	0.7315392389678955	0.49184000020980834	0.0768600000333786
972	0.7311141921234131	0.49692000020980837	0.07588000002145767
973	0.7322326988601685	0.49393999994277954	0.07764000002145767
974	0.732284344367981	0.49416000000953675	0.07673999999761581
975	0.7317672790145874	0.4914400002479553	0.07837999999523163
976	0.7320533332633972	0.49471999998092653	0.07539999999523163
977	0.7315868048667907	0.4963600000190735	0.07528000000476837
978	0.7318429695701599	0.4936400000858307	0.07586000000238419
979	0.7317124023056031	0.49352000010490416	0.07645999999284744
980	0.7311123367881774	0.49551999996185303	0.07754000001907349
981	0.7311337713623047	0.49412000001907347	0.07651999999284745
982	0.7318694297027588	0.49415999994277954	0.07597999999046326
983	0.7322960919952393	0.49414000010490416	0.07670000002384186
984	0.7323927980232239	0.4944400001430512	0.07580000000596046
985	0.7311056343078614	0.4953600001335144	0.07588000002384186
986	0.7330201955413819	0.49252000002861024	0.07524000002384186
987	0.7311467580604554	0.49620000000953673	0.07561999999284744
988	0.732595847377777	0.493940000038147	0.07590000002145768
989	0.7323974488449096	0.49624000010490416	0.07530000001430512
990	0.7305610559463501	0.4940600001525879	0.07640000000596046
991	0.7324285376548767	0.4917599999809265	0.07585999999523163
992	0.7307103219985962	0.4967000000858307	0.07743999999523163
993	0.7306419832611084	0.4963600001335144	0.07687999999761581
994	0.7311083759117126	0.49498000011444093	0.07581999999284744
995	0.7319152165222168	0.49300000019073487	0.07454
996	0.7319667959022522	0.4951799998855591	0.07363999999523163
997	0.7322102508354187	0.4943199999809265	0.0755400000011921
998	0.7316338856506348	0.4956200000762939	0.0757000000333786
999	0.7324432315826416	0.49331999994277953	0.0753600000011921
1000	0.730865788154602	0.4942399999809265	0.07663999999761581
1001	0.7312350392913818	0.4970200000190735	0.07584
1002	0.7319203512001038	0.4953800000190735	0.07592000000238419
1003	0.7327203767776489	0.4941600002479553	0.07428000001192094
1004	0.7318753955459595	0.4937200002479553	0.07506000002145767
1005	0.7310052609825134	0.49508000003814695	0.07532000000119209
1006	0.7321693750572205	0.49556000005722045	0.07624000001907348
1007	0.731441373538971	0.49663999992370605	0.07551999999046326
1008	0.7305248132896424	0.49506000022888186	0.07576000000715256
1009	0.7299969498252868	0.49732000007629396	0.0764000000166893
1010	0.7321006393623352	0.49396000013351443	0.07585999999046325
1011	0.7308502972030639	0.49586000010490416	0.07547999999761582
1012	0.7313694222450257	0.49430000017166137	0.07632
1013	0.7311834609031678	0.49341999999046326	0.07553999999523163
1014	0.7312439952278137	0.4945200000667572	0.07496000001907349
1015	0.7311016813278198	0.49364000003814695	0.07656000001192093
1016	0.7312906960487365	0.4956400000667572	0.07570000000238418
1017	0.7317453594589234	0.49572000009536743	0.07456000002145767
1018	0.7308636830711365	0.49669999992370606	0.07500000001192093
1019	0.7299490141868591	0.49924000002861024	0.07634000002384186
1020	0.7302825483512878	0.49474000007629393	0.07610000001907348
1021	0.7306078125190735	0.4971600000953674	0.07478000001907349
1022	0.7314285642433167	0.494180000038147	0.07436
1023	0.7314041361236572	0.4961200001144409	0.07436
1024	0.7310953609275818	0.4941800000762939	0.07645999999284744
1025	0.7317297377204895	0.4946000001049042	0.07590000001192093
1026	0.7311809749412537	0.49519999999046327	0.07608000000357627
1027	0.7314324047470093	0.4931599999809265	0.0761600000166893
1028	0.7308906128692627	0.49709999992370607	0.07532000001192093
1029	0.729933957157135	0.49750000019073487	0.07622000003576279
1030	0.7309971077728271	0.49548000002861026	0.0754800000011921
1031	0.7311673567390442	0.4974200000476837	0.07402000000715256
1032	0.7288446467971802	0.5005599998664856	0.0762200000166893
1033	0.7302535718536377	0.4955600001049042	0.07596000002145767
1034	0.7321824558258057	0.4932600002479553	0.07445999999523163
1035	0.7308853442573547	0.49633999999046324	0.07506000000596047
1036	0.730436088733673	0.4956999999809265	0.0754400000166893
1037	0.7299007988357544	0.4954	0.0750400000011921
1038	0.7293197818946838	0.49798000003814696	0.07557999999523163
1039	0.7301399572181702	0.4954400000953674	0.0761
1040	0.7306406554031372	0.4944000001525879	0.0765600000166893
1041	0.730087328338623	0.4974400001716614	0.07411999999284745
1042	0.7297856652450562	0.4957400000190735	0.07460000002384186
1043	0.7302820673751831	0.496	0.07542000000953675
1044	0.730401386642456	0.4959600001525879	0.07501999998807907
1045	0.7310247490310668	0.4944400000953674	0.07385999999761582
1046	0.7301244706726074	0.4967200001049042	0.07457999998807907
1047	0.7311490855407715	0.4961400001335144	0.07562000000476837
1048	0.7290305339813232	0.49816000007629396	0.07581999999284744
1049	0.7302815016174317	0.4967800000286102	0.07557999999046326
1050	0.7310567449188232	0.4955799999809265	0.07409999999046325
1051	0.729573802947998	0.4960000000286102	0.0756200000166893
1052	0.730303464794159	0.4950800000095367	0.07527999999761581
1053	0.7293959454154968	0.49774000017166137	0.07515999999284745
1054	0.7303112406921387	0.495839999961853	0.07670000000357628
1055	0.7295309247207642	0.49677999999046324	0.07685999999046325
1056	0.7297538002586365	0.496439999961853	0.07526000001907349
1057	0.7299845269393921	0.4971000001525879	0.07481999998807908
1058	0.7295649591445923	0.4964400001716614	0.0757600000166893
1059	0.7310135171127319	0.4953200000858307	0.0748200000357628
1060	0.729671600151062	0.49708000020980836	0.07472000002145768
1061	0.7301840998077392	0.49782	0.07638000000119209
1062	0.7290676022529602	0.4965200001525879	0.07474000000119209
1063	0.7305382935714722	0.49743999986648557	0.07425999999046326
1064	0.7289708668899536	0.4975400000286102	0.07660000002145767
1065	0.7295467518424987	0.4992599999809265	0.07422
1066	0.7310913639259339	0.49642000002861025	0.07466000001430512
1067	0.7289102305221558	0.49712	0.07516000000119209
1068	0.7280355307197571	0.4993999999809265	0.07519999999761581
1069	0.729179282913208	0.49774000010490416	0.0747800000166893
1070	0.7295645135498047	0.498380000038147	0.07472000000476837
1071	0.7303350885391235	0.4971999999809265	0.07473999999523163
1072	0.7307723707580567	0.49522000007629396	0.07431999999284744
1073	0.7286330171394348	0.4985000001525879	0.07696000000238419
1074	0.7301280253410339	0.4956999998855591	0.07558000000953674
1075	0.730475166683197	0.49780000010490416	0.0748400000166893
1076	0.7300030677032471	0.49697999992370606	0.07584000002145767
1077	0.7288257634735107	0.49759999992370607	0.0752000000166893
1078	0.7280897562789918	0.49886	0.07468000002145767
1079	0.7297243596839905	0.49833999998092654	0.07505999999046326
1080	0.7282771894454956	0.49672000000953676	0.07514000000596047
1081	0.7292780892181396	0.4968200001716614	0.07560000000476837
1082	0.7300058879089355	0.4974400001049042	0.07478
1083	0.729284405784607	0.49627999998092653	0.07506
1084	0.72853875705719	0.5002000002098084	0.0756000000166893
1085	0.7289180015563965	0.49768000002861024	0.07528000000953675
1086	0.7298760983467102	0.49712000002861023	0.07481999999284744
1087	0.7287323695755005	0.4977000001716614	0.07556000002145767
1088	0.7286324459648132	0.4973599999427795	0.07641999998807907
1089	0.7297498521995545	0.4959600001144409	0.07449999999761582
1090	0.7297771815681457	0.49774000024795534	0.07464000001907349
1091	0.7292620318603515	0.4977400001525879	0.07353999998807907
1092	0.7289037680625916	0.49953999994277953	0.07596000003576278
1093	0.7288272837257386	0.4981800000667572	0.07456000001907348
1094	0.7286849369430543	0.49932000005722044	0.07624000001907348
1095	0.7298597804641723	0.4981400001335144	0.0739600000333786
1096	0.7301782570266724	0.49766000008583067	0.07493999999761582
1097	0.7284426057624817	0.49818000017166136	0.07516000001430512
1098	0.728369566898346	0.49814000002861025	0.075
1099	0.7283296509170533	0.49868000005722046	0.07513999999761581
1100	0.7280981853294373	0.49870000012397764	0.07452
1101	0.7289100018501282	0.49818000005722046	0.07437999998807907
1102	0.7289887006187439	0.4980400000190735	0.07502000000357628
1103	0.729498188419342	0.4975400002098084	0.07502000000476837
1104	0.7278919749259949	0.5006200001525879	0.07616000002384186
1105	0.7297319025611877	0.4974800000190735	0.07352000002145767
1106	0.7296543748474121	0.49600000007629397	0.07661999999761582
1107	0.728336833152771	0.49706	0.07524000001907348
1108	0.7286331545448304	0.4970999999904633	0.07488000000357628
1109	0.7275439898872376	0.4976800000762939	0.07670000001907348
1110	0.7279046681594848	0.498619999961853	0.07471999998807907
1111	0.7302322774505615	0.4975200001525879	0.0741800000011921
1112	0.7291524321556091	0.4973800000953674	0.07472
1113	0.7290898674583435	0.4982600001716614	0.07497999999761581
1114	0.7285117990493775	0.4980200000095367	0.0760800000166893
1115	0.729015157737732	0.49854000015258787	0.07464000001430511
1116	0.728967128124237	0.49820000019073485	0.07467999999284744
1117	0.7277282336807251	0.49776000015258787	0.07596000002145767
1118	0.727367682723999	0.49964	0.0759000000166893
1119	0.7281277649497986	0.498099999961853	0.07458000001907349
1120	0.729796190738678	0.49598000015258786	0.07484000001907348
1121	0.7282543926620484	0.4972200002479553	0.07498000002384186
1122	0.7278268642044068	0.49990000009536745	0.0760600000166893
1123	0.7281004577064514	0.49939999992370604	0.0743600000166893
1124	0.729105490989685	0.49864000002861025	0.07521999999046326
1125	0.7273177460479736	0.49956000000953676	0.07518000000357627
1126	0.72838580078125	0.4976	0.07497999999523162
1127	0.7278661575508117	0.49751999992370605	0.07487999999046326
1128	0.7277620174980164	0.5001600000953674	0.07458000000596046
1129	0.7278556472015381	0.4978000001239777	0.07454000000238419
1130	0.729401051120758	0.49946000020980835	0.075
1131	0.7281470850753784	0.4986000002098083	0.07503999999284744
1132	0.7287401814842224	0.4983200001335144	0.07398000002384186
1133	0.7296382609558105	0.49646000007629393	0.07560000000715256
1134	0.7285229936218262	0.4965800000858307	0.0748000000011921
1135	0.7271132333183289	0.50018	0.07516000000238418
1136	0.7277037209320069	0.4988000001144409	0.07555999999284745
1137	0.7281264010047913	0.49928	0.07493999999523163
1138	0.7275174070930481	0.49894000007629397	0.0735600000190735
1139	0.7278808300971985	0.5000999998664856	0.07602000001907348
1140	0.7287507992172241	0.4969000000476837	0.07430000002145767
1141	0.7275330372047424	0.49940000010490415	0.0753000000166893
1142	0.7277589729118347	0.4998000000572205	0.07424000001430511
1143	0.7286590344810486	0.4998199998664856	0.07422000001907349
1144	0.7283951156806946	0.4965999999809265	0.0755400000011921
1145	0.7277068288612366	0.4980400000858307	0.07360000000238419
1146	0.7282776628303528	0.4979999999713898	0.0751000000166893
1147	0.7275241958808899	0.49954000007629396	0.0743600000166893
1148	0.7279406888389588	0.49744000007629396	0.07578000000119209
1149	0.7276681636047363	0.49804000011444094	0.07566000001907348
1150	0.7282428854942322	0.49726000015258787	0.07509999999284744
1151	0.7280729236030579	0.4972200001335144	0.07454000002145768
1152	0.7285364814758301	0.4963199999904633	0.07552000002145767
1153	0.7275787699508667	0.4985200002288818	0.07591999999523164
1154	0.7270753962898254	0.500319999923706	0.07486000002384186
1155	0.7278053999137878	0.49680000017166137	0.07469999999761581
1156	0.7272725781822205	0.5000399998664856	0.0751200000166893
1157	0.7278128833198547	0.5003200001907349	0.07476000000357629
1158	0.7270543193435669	0.5005600001335144	0.07434000001907348
1159	0.7268577355766297	0.5010600000572205	0.07502000002384186
1160	0.7284790265655517	0.498559999961853	0.07429999999046326
1161	0.7272805653762817	0.4995200001144409	0.07466000001430512
1162	0.727393658695221	0.4996800001144409	0.07467999999284744
1163	0.7285385387039185	0.49979999992370605	0.07515999999523162
1164	0.7277676739311219	0.499159999961853	0.07452000000119209
1165	0.726966116104126	0.5011800000953675	0.07517999999523163
1166	0.7277569847488403	0.49774000017166137	0.07505999999523162
1167	0.726814672870636	0.4985600000762939	0.07338000000357628
1168	0.727338990020752	0.5008200001525879	0.07353999999523163
1169	0.7280285397911072	0.49755999994277955	0.0742800000166893
1170	0.7279790733718872	0.499679999961853	0.0749600000166893
1171	0.7276408925247192	0.4990000001335144	0.07441999999523163
1172	0.7281565619087219	0.4991	0.07478000001907349
1173	0.7268883792304993	0.4998200001049042	0.07399999999761582
1174	0.7280736858558655	0.4988000000190735	0.07395999999284744
1175	0.727342979106903	0.5002999999427795	0.0754600000333786
1176	0.7274216848754883	0.5007000001049041	0.07450000001907349
1177	0.7280491499328613	0.5002200001907349	0.07488000000238419
1178	0.7277231858825683	0.5007600000286102	0.07432000002145767
1179	0.7263685556221008	0.501499999961853	0.07363999999761582
1180	0.7278217026519775	0.500780000152588	0.07390000002384185
1181	0.727563566646576	0.5000600000572205	0.07398000002384186
1182	0.7276662142753602	0.49840000000953677	0.07419999999761581
1183	0.7255961514282226	0.499380000038147	0.07580000000953674
1184	0.7264414329528809	0.4989600001907349	0.0739200000333786
1185	0.7278425336456299	0.4998800001335144	0.07427999999761581
1186	0.7277524762535095	0.4995000002479553	0.07414000000476838
1187	0.7264167506027221	0.4999199999046326	0.07522000003576279
1188	0.7281592616844177	0.5005200000572204	0.0741200000166893
1189	0.7279835194778442	0.4974600000095367	0.07466000000476837
1190	0.7266840761566162	0.50042	0.07407999999284744
1191	0.7274024235153198	0.49874000024795534	0.07453999999523163
1192	0.7273608856773377	0.5001600000953674	0.07539999999761582
1193	0.7272308749961853	0.5012800000762939	0.07349999999523163
1194	0.7260447447013855	0.5001800001335144	0.07522000001907349
1195	0.7261605898094178	0.5009999999427796	0.07463999999523163
1196	0.7265980993461609	0.5019400000572205	0.07458000002145768
1197	0.7262067849540711	0.5017600000858307	0.0750800000166893
1198	0.7280662180709839	0.50058	0.07282000000476838
1199	0.726083761177063	0.49980000002861025	0.07464000002145767
1200	0.7270719848823547	0.5016800002479553	0.07490000002145768
1201	0.7276116290092468	0.4995	0.0749200000166893
1202	0.7266849508666993	0.49916000012397765	0.07482
1203	0.7265730810928345	0.50016	0.07312000001430512
1204	0.7261175713920593	0.5016400000190735	0.07400000002145767
1205	0.7262211038780212	0.501219999923706	0.07390000000715256
1206	0.7260408568191529	0.5025800000286103	0.07515999999284745
1207	0.7269776936149597	0.4999400001144409	0.07422000002145768
1208	0.727071134967804	0.4997400001335144	0.07429999999523162
1209	0.7264488063812256	0.5004000002288819	0.07556000003337861
1210	0.7258519160461426	0.5030599999809265	0.07455999999523164
1211	0.7256210513305664	0.5015400000095367	0.07568000001907349
1212	0.7272723311042786	0.49761999994277956	0.07460000001907349
1213	0.7264014664840698	0.5007600000572204	0.07422
1214	0.7273238832855224	0.4999000001144409	0.07437999999284745
1215	0.7270491644096374	0.5007600001049042	0.07408000002145768
1216	0.7260662977027893	0.5027799999809265	0.07438000000119209
1217	0.7278183464431762	0.4992	0.07485999999284744
1218	0.7272966293907166	0.4986400001716614	0.07520000002145767
1219	0.7280617695617676	0.5004199999427795	0.07446000000357628
1220	0.7277203887939453	0.5005599999809265	0.07361999999523162
1221	0.7274512031936645	0.4992600000667572	0.07527999998807908
1222	0.7275370504570007	0.49947999994277953	0.07487999999523162
1223	0.7269570643043518	0.49912000000953677	0.07394000000476837
1224	0.7269519224929809	0.4991000000190735	0.07433999999761581
1225	0.7268946598625183	0.499620000038147	0.07365999999761581
1226	0.7263378640937805	0.5000200001716614	0.07532000001430511
1227	0.7286532870483399	0.4971400000572205	0.07382000002145767
1228	0.7270907531356812	0.4983200000190735	0.07448000001907348
1229	0.7259982445144654	0.5005800000286103	0.07514000001430511
1230	0.726271079788208	0.4990600001144409	0.07487999999523162
1231	0.7278761008453369	0.5007400002479553	0.07420000002384186
1232	0.7269639678192139	0.50162	0.07568000002384186
1233	0.7270350117874146	0.5002800001335144	0.07345999999761581
1234	0.7255739670753479	0.49997999996185305	0.07441999999523163
1235	0.7264941569328308	0.5019800001716613	0.07406000002384186
1236	0.7266875589942932	0.5003600000858307	0.07366000001907348
1237	0.7263411247825623	0.5023999999427795	0.0744600000166893
1238	0.7270090641021728	0.5012200001716614	0.07251999999523163
1239	0.7267163977050781	0.5009000001049042	0.07453999998807907
1240	0.726650026473999	0.5017799999427796	0.0740200000166893
1241	0.7268462045478821	0.5010800001335144	0.07336000000357627
1242	0.7270385241889954	0.5028000000667572	0.07479999999523163
1243	0.7276079842185974	0.5017400000095368	0.07388000002145767
1244	0.7281595966720581	0.4991000000953674	0.07386000000715255
1245	0.7281605529594422	0.49804000003814697	0.07396000001907349
1246	0.7263418918418885	0.5022800000762939	0.07435999999761582
1247	0.7265446887779236	0.4994799999904633	0.07470000000119209
1248	0.7264478914451599	0.5010400002479554	0.07398000002145767
1249	0.7276599537849426	0.500280000038147	0.07472000001430512
1250	0.7273393309211731	0.5027200000476837	0.07048000001907348
1251	0.7291191834259033	0.5014199998855591	0.06991999999523163
1252	0.729378416519165	0.5011199999427796	0.07000000001430512
1253	0.7284184579849243	0.502099999923706	0.06987999999761581
1254	0.7290297402572632	0.4997599999809265	0.06878
1255	0.7293217237091064	0.5012599999904632	0.06984000000357628
1256	0.7296078294372559	0.5010200001716614	0.06800000002145767
1257	0.729126137008667	0.5027399999237061	0.07043999998807907
1258	0.728385837688446	0.502640000038147	0.07148000001907348
1259	0.7287629555511475	0.5016000000667572	0.07004
1260	0.7288027012825012	0.5010400000762939	0.06992
1261	0.7286060552024841	0.5007399999427795	0.06949999999523163
1262	0.7281633118629456	0.5018399999809265	0.07098000002384186
1263	0.7293666359329224	0.5009600000095368	0.06973999999761582
1264	0.7287135057067871	0.5019399999046326	0.06861999999046325
1265	0.7289488467979431	0.5009800001335144	0.0710400000166893
1266	0.7276753137397766	0.5015200001049042	0.07040000000357628
1267	0.7288636101913453	0.5008199999809265	0.06950000003576279
1268	0.7295760004043579	0.502640000076294	0.06966000000715256
1269	0.7301628609275818	0.5004800002479554	0.07012000001430511
1270	0.7294986653518677	0.5000000001335144	0.07026000000238418
1271	0.7282542917442322	0.5021599999237061	0.07132000002384185
1272	0.7292804530715943	0.49942	0.07124000000953674
1273	0.7277330293464661	0.5012400000190735	0.0696200000166893
1274	0.7281306060791015	0.5015000000858307	0.07026
1275	0.7277793314170837	0.50184	0.06974000000715255
1276	0.7285546769523621	0.5027000000095367	0.06964
1277	0.728767190246582	0.5002800002479553	0.07187999998807908
1278	0.7296821956062317	0.49826000015258787	0.07108
1279	0.7292170073127746	0.5006200001525879	0.07144000000119209
1280	0.7286917248535156	0.500159999961853	0.07024
1281	0.7295911623382568	0.5003200000953675	0.07154000001907349
1282	0.7291094177436829	0.49952000009536746	0.07144000000357628
1283	0.7296395038604736	0.5007800000095367	0.07050000000357629
1284	0.7289295685005188	0.5010799999237061	0.06969999999523163
1285	0.7286026622581482	0.5002000000572204	0.06998000001907348
1286	0.7290563860321045	0.5007000000190734	0.0705600000011921
1287	0.7287510622596741	0.5015599998664856	0.07004
1288	0.7282310062217713	0.5011199999618531	0.07203999998807907
1289	0.728827022857666	0.4987999999427795	0.06935999999523162
1290	0.72864144739151	0.5019599999427795	0.0698400000166893
1291	0.7290513284683228	0.5008800001049042	0.07130000002145767
1292	0.7289507184028625	0.5009600000190735	0.07036000002384185
1293	0.7291801373672485	0.5005200001144409	0.0708200000011921
1294	0.7286020240974427	0.49927999998092654	0.07144000000119209
1295	0.7290680489349365	0.5012600000095367	0.06946000000357627
1296	0.7281693376350403	0.5013599998855591	0.07021999998807907
1297	0.7283342761039734	0.5023200000190735	0.07036000002145767
1298	0.7302335736274719	0.49908000000953673	0.06932000000238418
1299	0.7287833546638489	0.5012000001049042	0.07122000002384186
